<?xml version="1.0" encoding="UTF-8"?>
<robot generator="Robot 6.1.1 (Python 3.13.5 on win32)" generated="20251003 02:19:34.860" rpa="false" schemaversion="4">
<suite id="s1" name="Tests" source="C:\Users\ghepp\Compass_Challenge_03\Robot_ServeRest\tests">
<suite id="s1-s1" name="Carrinho Test" source="C:\Users\ghepp\Compass_Challenge_03\Robot_ServeRest\tests\carrinho_test.robot">
<test id="s1-s1-t1" name="Fluxo de Carrinhos (Requer Autenticacao)" line="12">
<kw name="Setup para Testes de Carrinho" library="carrinho_keyword" type="SETUP">
<doc>Setup específico para testes de carrinho - cria usuário, faz login e cadastra produto</doc>
<kw name="Setup Test Session" library="common_keyword">
<kw name="Create Session" library="RequestsLibrary">
<arg>${API_SESSION}</arg>
<arg>${BASE_URL}</arg>
<arg>timeout=${TIMEOUT}</arg>
<doc>Create Session: create a HTTP session to a server</doc>
<msg timestamp="20251003 02:19:35.161" level="INFO">Creating Session using : alias=serverest, url=https://serverest.dev, headers={},                     cookies={}, auth=None, timeout=120, proxies=None, verify=False,                     debug=0 </msg>
<msg timestamp="20251003 02:19:35.161" level="DEBUG">Creating session: serverest</msg>
<status status="PASS" starttime="20251003 02:19:35.160" endtime="20251003 02:19:35.162"/>
</kw>
<status status="PASS" starttime="20251003 02:19:35.160" endtime="20251003 02:19:35.162"/>
</kw>
<kw name="Gerar Email Aleatorio" library="user_keyword">
<var>${emailcarrinho}</var>
<kw name="Generate Random String" library="String">
<var>${random_string}</var>
<arg>8</arg>
<arg>[LOWER]</arg>
<doc>Generates a string with a desired ``length`` from the given ``chars``.</doc>
<msg timestamp="20251003 02:19:35.162" level="INFO">${random_string} = wytxcoer</msg>
<status status="PASS" starttime="20251003 02:19:35.162" endtime="20251003 02:19:35.162"/>
</kw>
<kw name="Catenate" library="BuiltIn">
<var>${email}</var>
<arg>SEPARATOR=</arg>
<arg>teste_robot_${random_string}</arg>
<arg>@qa.com.br</arg>
<doc>Catenates the given items together and returns the resulted string.</doc>
<msg timestamp="20251003 02:19:35.162" level="INFO">${email} = teste_robot_wytxcoer@qa.com.br</msg>
<status status="PASS" starttime="20251003 02:19:35.162" endtime="20251003 02:19:35.162"/>
</kw>
<msg timestamp="20251003 02:19:35.162" level="INFO">${emailcarrinho} = teste_robot_wytxcoer@qa.com.br</msg>
<status status="PASS" starttime="20251003 02:19:35.162" endtime="20251003 02:19:35.162"/>
</kw>
<kw name="Criar Novo Usuario e Salvar ID" library="user_keyword">
<arg>${USER_ADMIN.nome}</arg>
<arg>${emailcarrinho}</arg>
<arg>${USER_ADMIN.password}</arg>
<arg>${USER_ADMIN.administrador}</arg>
<kw name="Create Dictionary" library="BuiltIn">
<var>${body}</var>
<arg>nome=${nome}</arg>
<arg>email=${email}</arg>
<arg>password=${password}</arg>
<arg>administrador=${administrador}</arg>
<doc>Creates and returns a dictionary based on the given ``items``.</doc>
<msg timestamp="20251003 02:19:35.164" level="INFO">${body} = {'nome': 'Usuario Admin', 'email': 'teste_robot_wytxcoer@qa.com.br', 'password': 'teste123', 'administrador': 'true'}</msg>
<status status="PASS" starttime="20251003 02:19:35.163" endtime="20251003 02:19:35.164"/>
</kw>
<kw name="POST On Session" library="RequestsLibrary">
<var>${response}</var>
<arg>${API_SESSION}</arg>
<arg>/usuarios</arg>
<arg>json=${body}</arg>
<arg>expected_status=201</arg>
<doc>Sends a POST request on a previously created HTTP Session.</doc>
<msg timestamp="20251003 02:19:35.169" level="DEBUG">Starting new HTTPS connection (1): serverest.dev:443</msg>
<msg timestamp="20251003 02:19:35.675" level="DEBUG">https://serverest.dev:443 "POST /usuarios HTTP/1.1" 201 82</msg>
<msg timestamp="20251003 02:19:35.675" level="INFO">POST Request : url=https://serverest.dev/usuarios 
 path_url=/usuarios 
 headers={'User-Agent': 'python-requests/2.31.0', 'Accept-Encoding': 'gzip, deflate', 'Accept': '*/*', 'Connection': 'keep-alive', 'Content-Length': '117', 'Content-Type': 'application/json'} 
 body=b'{"nome": "Usuario Admin", "email": "teste_robot_wytxcoer@qa.com.br", "password": "teste123", "administrador": "true"}' 
 </msg>
<msg timestamp="20251003 02:19:35.675" level="INFO">POST Response : url=https://serverest.dev/usuarios 
 status=201, reason=Created 
 headers={'access-control-allow-origin': '*', 'x-dns-prefetch-control': 'off', 'x-frame-options': 'SAMEORIGIN', 'strict-transport-security': 'max-age=15552000; includeSubDomains', 'x-download-options': 'noopen', 'x-content-type-options': 'nosniff', 'x-xss-protection': '1; mode=block', 'content-type': 'application/json; charset=utf-8', 'x-cloud-trace-context': 'fdf4243691024b1ee431d5bd9130294a;o=1', 'date': 'Fri, 03 Oct 2025 05:19:29 GMT', 'server': 'Google Frontend', 'Content-Length': '82'} 
 body={
    "message": "Cadastro realizado com sucesso",
    "_id": "2YxoQGJLlQ0aV4CR"
} 
 </msg>
<msg timestamp="20251003 02:19:35.675" level="INFO">C:\Users\ghepp\AppData\Roaming\Python\Python313\site-packages\urllib3\connectionpool.py:1097: InsecureRequestWarning: Unverified HTTPS request is being made to host 'serverest.dev'. Adding certificate verification is strongly advised. See: https://urllib3.readthedocs.io/en/latest/advanced-usage.html#tls-warnings
  warnings.warn(</msg>
<msg timestamp="20251003 02:19:35.675" level="INFO">${response} = &lt;Response [201]&gt;</msg>
<status status="PASS" starttime="20251003 02:19:35.164" endtime="20251003 02:19:35.675"/>
</kw>
<kw name="Set Variable" library="BuiltIn">
<var>${user_id}</var>
<arg>${response.json()['_id']}</arg>
<doc>Returns the given values which can then be assigned to a variables.</doc>
<msg timestamp="20251003 02:19:35.676" level="INFO">${user_id} = 2YxoQGJLlQ0aV4CR</msg>
<status status="PASS" starttime="20251003 02:19:35.675" endtime="20251003 02:19:35.676"/>
</kw>
<kw name="Set Suite Variable" library="BuiltIn">
<arg>${USER_ID}</arg>
<arg>${user_id}</arg>
<doc>Makes a variable available everywhere within the scope of the current suite.</doc>
<msg timestamp="20251003 02:19:35.676" level="INFO">${USER_ID} = 2YxoQGJLlQ0aV4CR</msg>
<status status="PASS" starttime="20251003 02:19:35.676" endtime="20251003 02:19:35.676"/>
</kw>
<status status="PASS" starttime="20251003 02:19:35.162" endtime="20251003 02:19:35.676"/>
</kw>
<kw name="Fazer Login e Salvar Token" library="login_keyword">
<arg>${emailcarrinho}</arg>
<arg>${USER_ADMIN.password}</arg>
<kw name="Create Dictionary" library="BuiltIn">
<var>${body}</var>
<arg>email=${email}</arg>
<arg>password=${password}</arg>
<doc>Creates and returns a dictionary based on the given ``items``.</doc>
<msg timestamp="20251003 02:19:35.677" level="INFO">${body} = {'email': 'teste_robot_wytxcoer@qa.com.br', 'password': 'teste123'}</msg>
<status status="PASS" starttime="20251003 02:19:35.677" endtime="20251003 02:19:35.677"/>
</kw>
<kw name="POST On Session" library="RequestsLibrary">
<var>${response}</var>
<arg>${API_SESSION}</arg>
<arg>/login</arg>
<arg>json=${body}</arg>
<arg>expected_status=200</arg>
<doc>Sends a POST request on a previously created HTTP Session.</doc>
<msg timestamp="20251003 02:19:35.852" level="DEBUG">https://serverest.dev:443 "POST /login HTTP/1.1" 200 292</msg>
<msg timestamp="20251003 02:19:35.853" level="INFO">POST Request : url=https://serverest.dev/login 
 path_url=/login 
 headers={'User-Agent': 'python-requests/2.31.0', 'Accept-Encoding': 'gzip, deflate', 'Accept': '*/*', 'Connection': 'keep-alive', 'Content-Length': '67', 'Content-Type': 'application/json'} 
 body=b'{"email": "teste_robot_wytxcoer@qa.com.br", "password": "teste123"}' 
 </msg>
<msg timestamp="20251003 02:19:35.853" level="INFO">POST Response : url=https://serverest.dev/login 
 status=200, reason=OK 
 headers={'access-control-allow-origin': '*', 'x-dns-prefetch-control': 'off', 'x-frame-options': 'SAMEORIGIN', 'strict-transport-security': 'max-age=15552000; includeSubDomains', 'x-download-options': 'noopen', 'x-content-type-options': 'nosniff', 'x-xss-protection': '1; mode=block', 'content-type': 'application/json; charset=utf-8', 'x-cloud-trace-context': '28e142b5c7742398e431d5bd91302cc7', 'date': 'Fri, 03 Oct 2025 05:19:30 GMT', 'server': 'Google Frontend', 'Content-Length': '292'} 
 body={
    "message": "Login realizado com sucesso",
    "authorization": "Bearer eyJhbGciOiJIUzI1NiIsInR5cCI6IkpXVCJ9.eyJlbWFpbCI6InRlc3RlX3JvYm90X3d5dHhjb2VyQHFhLmNvbS5iciIsInBhc3N3b3JkIjoidGVzdGUxMjMiLCJpYXQiOjE3NTk0Njg3NzAsImV4cCI6MTc1OTQ2OTM3MH0.FstmZ8woYsU__qaPg4BbXuO7JlW-ut5B0F34KwUQQ-c"
} 
 </msg>
<msg timestamp="20251003 02:19:35.853" level="INFO">C:\Users\ghepp\AppData\Roaming\Python\Python313\site-packages\urllib3\connectionpool.py:1097: InsecureRequestWarning: Unverified HTTPS request is being made to host 'serverest.dev'. Adding certificate verification is strongly advised. See: https://urllib3.readthedocs.io/en/latest/advanced-usage.html#tls-warnings
  warnings.warn(</msg>
<msg timestamp="20251003 02:19:35.855" level="INFO">${response} = &lt;Response [200]&gt;</msg>
<status status="PASS" starttime="20251003 02:19:35.677" endtime="20251003 02:19:35.855"/>
</kw>
<kw name="Set Variable" library="BuiltIn">
<var>${auth_header}</var>
<arg>${response.json()['authorization']}</arg>
<doc>Returns the given values which can then be assigned to a variables.</doc>
<msg timestamp="20251003 02:19:35.857" level="INFO">${auth_header} = Bearer eyJhbGciOiJIUzI1NiIsInR5cCI6IkpXVCJ9.eyJlbWFpbCI6InRlc3RlX3JvYm90X3d5dHhjb2VyQHFhLmNvbS5iciIsInBhc3N3b3JkIjoidGVzdGUxMjMiLCJpYXQiOjE3NTk0Njg3NzAsImV4cCI6MTc1OTQ2OTM3MH0.FstmZ8woYsU__qaPg4BbXuO7...</msg>
<status status="PASS" starttime="20251003 02:19:35.855" endtime="20251003 02:19:35.857"/>
</kw>
<kw name="Set Global Variable" library="BuiltIn">
<arg>${AUTH_HEADER}</arg>
<arg>${auth_header}</arg>
<doc>Makes a variable available globally in all tests and suites.</doc>
<msg timestamp="20251003 02:19:35.859" level="INFO">${AUTH_HEADER} = Bearer eyJhbGciOiJIUzI1NiIsInR5cCI6IkpXVCJ9.eyJlbWFpbCI6InRlc3RlX3JvYm90X3d5dHhjb2VyQHFhLmNvbS5iciIsInBhc3N3b3JkIjoidGVzdGUxMjMiLCJpYXQiOjE3NTk0Njg3NzAsImV4cCI6MTc1OTQ2OTM3MH0.FstmZ8woYsU__qaPg4BbXuO7...</msg>
<status status="PASS" starttime="20251003 02:19:35.858" endtime="20251003 02:19:35.859"/>
</kw>
<status status="PASS" starttime="20251003 02:19:35.676" endtime="20251003 02:19:35.859"/>
</kw>
<kw name="Gerar nome de produto unico" library="product_keyword">
<var>${unique_name}</var>
<kw name="Generate Random String" library="String">
<var>${random_number}</var>
<arg>5</arg>
<arg>[NUMBERS]</arg>
<doc>Generates a string with a desired ``length`` from the given ``chars``.</doc>
<msg timestamp="20251003 02:19:35.860" level="INFO">${random_number} = 82880</msg>
<status status="PASS" starttime="20251003 02:19:35.860" endtime="20251003 02:19:35.860"/>
</kw>
<kw name="Catenate" library="BuiltIn">
<var>${unique_name}</var>
<arg>SEPARATOR=</arg>
<arg>Produto_</arg>
<arg>${random_number}</arg>
<doc>Catenates the given items together and returns the resulted string.</doc>
<msg timestamp="20251003 02:19:35.861" level="INFO">${unique_name} = Produto_82880</msg>
<status status="PASS" starttime="20251003 02:19:35.860" endtime="20251003 02:19:35.861"/>
</kw>
<kw name="Set Global Variable" library="BuiltIn">
<arg>${unique_name}</arg>
<doc>Makes a variable available globally in all tests and suites.</doc>
<msg timestamp="20251003 02:19:35.861" level="INFO">${unique_name} = Produto_82880</msg>
<status status="PASS" starttime="20251003 02:19:35.861" endtime="20251003 02:19:35.861"/>
</kw>
<msg timestamp="20251003 02:19:35.861" level="INFO">${unique_name} = Produto_82880</msg>
<status status="PASS" starttime="20251003 02:19:35.859" endtime="20251003 02:19:35.861"/>
</kw>
<kw name="Cadastrar Novo Produto e Salvar ID" library="product_keyword">
<arg>${unique_name}</arg>
<arg>${PRODUTO.preco}</arg>
<arg>${PRODUTO.descricao}</arg>
<arg>${PRODUTO.quantidade}</arg>
<kw name="Create Dictionary" library="BuiltIn">
<var>${auth_headers}</var>
<arg>Authorization=${AUTH_HEADER}</arg>
<doc>Creates and returns a dictionary based on the given ``items``.</doc>
<msg timestamp="20251003 02:19:35.862" level="INFO">${auth_headers} = {'Authorization': 'Bearer eyJhbGciOiJIUzI1NiIsInR5cCI6IkpXVCJ9.eyJlbWFpbCI6InRlc3RlX3JvYm90X3d5dHhjb2VyQHFhLmNvbS5iciIsInBhc3N3b3JkIjoidGVzdGUxMjMiLCJpYXQiOjE3NTk0Njg3NzAsImV4cCI6MTc1OTQ2OTM3MH0.FstmZ...</msg>
<status status="PASS" starttime="20251003 02:19:35.862" endtime="20251003 02:19:35.862"/>
</kw>
<kw name="Create Dictionary" library="BuiltIn">
<var>${body}</var>
<arg>nome=${unique_name}</arg>
<arg>preco=${preco}</arg>
<arg>descricao=${descricao}</arg>
<arg>quantidade=${quantidade}</arg>
<doc>Creates and returns a dictionary based on the given ``items``.</doc>
<msg timestamp="20251003 02:19:35.862" level="INFO">${body} = {'nome': 'Produto_82880', 'preco': '100', 'descricao': 'Descricao do produto teste', 'quantidade': '10'}</msg>
<status status="PASS" starttime="20251003 02:19:35.862" endtime="20251003 02:19:35.862"/>
</kw>
<kw name="POST On Session" library="RequestsLibrary">
<var>${response}</var>
<arg>${API_SESSION}</arg>
<arg>/produtos</arg>
<arg>json=${body}</arg>
<arg>headers=${auth_headers}</arg>
<arg>expected_status=201</arg>
<doc>Sends a POST request on a previously created HTTP Session.</doc>
<msg timestamp="20251003 02:19:36.039" level="DEBUG">https://serverest.dev:443 "POST /produtos HTTP/1.1" 201 82</msg>
<msg timestamp="20251003 02:19:36.040" level="INFO">POST Request : url=https://serverest.dev/produtos 
 path_url=/produtos 
 headers={'User-Agent': 'python-requests/2.31.0', 'Accept-Encoding': 'gzip, deflate', 'Accept': '*/*', 'Connection': 'keep-alive', 'Authorization': 'Bearer eyJhbGciOiJIUzI1NiIsInR5cCI6IkpXVCJ9.eyJlbWFpbCI6InRlc3RlX3JvYm90X3d5dHhjb2VyQHFhLmNvbS5iciIsInBhc3N3b3JkIjoidGVzdGUxMjMiLCJpYXQiOjE3NTk0Njg3NzAsImV4cCI6MTc1OTQ2OTM3MH0.FstmZ8woYsU__qaPg4BbXuO7JlW-ut5B0F34KwUQQ-c', 'Content-Length': '104', 'Content-Type': 'application/json'} 
 body=b'{"nome": "Produto_82880", "preco": "100", "descricao": "Descricao do produto teste", "quantidade": "10"}' 
 </msg>
<msg timestamp="20251003 02:19:36.040" level="INFO">POST Response : url=https://serverest.dev/produtos 
 status=201, reason=Created 
 headers={'access-control-allow-origin': '*', 'x-dns-prefetch-control': 'off', 'x-frame-options': 'SAMEORIGIN', 'strict-transport-security': 'max-age=15552000; includeSubDomains', 'x-download-options': 'noopen', 'x-content-type-options': 'nosniff', 'x-xss-protection': '1; mode=block', 'content-type': 'application/json; charset=utf-8', 'x-cloud-trace-context': '94876012deed192ce431d5bd913022be', 'date': 'Fri, 03 Oct 2025 05:19:30 GMT', 'server': 'Google Frontend', 'Content-Length': '82'} 
 body={
    "message": "Cadastro realizado com sucesso",
    "_id": "AvpZJ1bDt7EONuCi"
} 
 </msg>
<msg timestamp="20251003 02:19:36.040" level="INFO">C:\Users\ghepp\AppData\Roaming\Python\Python313\site-packages\urllib3\connectionpool.py:1097: InsecureRequestWarning: Unverified HTTPS request is being made to host 'serverest.dev'. Adding certificate verification is strongly advised. See: https://urllib3.readthedocs.io/en/latest/advanced-usage.html#tls-warnings
  warnings.warn(</msg>
<msg timestamp="20251003 02:19:36.040" level="INFO">${response} = &lt;Response [201]&gt;</msg>
<status status="PASS" starttime="20251003 02:19:35.862" endtime="20251003 02:19:36.040"/>
</kw>
<kw name="Set Variable" library="BuiltIn">
<var>${product_id}</var>
<arg>${response.json()['_id']}</arg>
<doc>Returns the given values which can then be assigned to a variables.</doc>
<msg timestamp="20251003 02:19:36.041" level="INFO">${product_id} = AvpZJ1bDt7EONuCi</msg>
<status status="PASS" starttime="20251003 02:19:36.040" endtime="20251003 02:19:36.041"/>
</kw>
<kw name="Set Global Variable" library="BuiltIn">
<arg>${PRODUCT_ID}</arg>
<arg>${product_id}</arg>
<doc>Makes a variable available globally in all tests and suites.</doc>
<msg timestamp="20251003 02:19:36.041" level="INFO">${PRODUCT_ID} = AvpZJ1bDt7EONuCi</msg>
<status status="PASS" starttime="20251003 02:19:36.041" endtime="20251003 02:19:36.041"/>
</kw>
<status status="PASS" starttime="20251003 02:19:35.861" endtime="20251003 02:19:36.041"/>
</kw>
<status status="PASS" starttime="20251003 02:19:35.159" endtime="20251003 02:19:36.041"/>
</kw>
<kw name="Cadastrar carrinho com sucesso" library="carrinho_keyword">
<kw name="Create Dictionary" library="BuiltIn">
<var>${auth_headers}</var>
<arg>Authorization=${AUTH_HEADER}</arg>
<doc>Creates and returns a dictionary based on the given ``items``.</doc>
<msg timestamp="20251003 02:19:36.042" level="INFO">${auth_headers} = {'Authorization': 'Bearer eyJhbGciOiJIUzI1NiIsInR5cCI6IkpXVCJ9.eyJlbWFpbCI6InRlc3RlX3JvYm90X3d5dHhjb2VyQHFhLmNvbS5iciIsInBhc3N3b3JkIjoidGVzdGUxMjMiLCJpYXQiOjE3NTk0Njg3NzAsImV4cCI6MTc1OTQ2OTM3MH0.FstmZ...</msg>
<status status="PASS" starttime="20251003 02:19:36.041" endtime="20251003 02:19:36.042"/>
</kw>
<kw name="Create Dictionary" library="BuiltIn">
<var>${produto_dict}</var>
<arg>idProduto=${PRODUCT_ID}</arg>
<arg>quantidade=1</arg>
<doc>Creates and returns a dictionary based on the given ``items``.</doc>
<msg timestamp="20251003 02:19:36.042" level="INFO">${produto_dict} = {'idProduto': 'AvpZJ1bDt7EONuCi', 'quantidade': '1'}</msg>
<status status="PASS" starttime="20251003 02:19:36.042" endtime="20251003 02:19:36.042"/>
</kw>
<kw name="Create List" library="BuiltIn">
<var>${produto_lista}</var>
<arg>${produto_dict}</arg>
<doc>Returns a list containing given items.</doc>
<msg timestamp="20251003 02:19:36.042" level="INFO">${produto_lista} = [{'idProduto': 'AvpZJ1bDt7EONuCi', 'quantidade': '1'}]</msg>
<status status="PASS" starttime="20251003 02:19:36.042" endtime="20251003 02:19:36.042"/>
</kw>
<kw name="Create Dictionary" library="BuiltIn">
<var>${body}</var>
<arg>produtos=${produto_lista}</arg>
<doc>Creates and returns a dictionary based on the given ``items``.</doc>
<msg timestamp="20251003 02:19:36.042" level="INFO">${body} = {'produtos': [{'idProduto': 'AvpZJ1bDt7EONuCi', 'quantidade': '1'}]}</msg>
<status status="PASS" starttime="20251003 02:19:36.042" endtime="20251003 02:19:36.042"/>
</kw>
<kw name="POST On Session" library="RequestsLibrary">
<var>${response}</var>
<arg>${API_SESSION}</arg>
<arg>/carrinhos</arg>
<arg>json=${body}</arg>
<arg>headers=${auth_headers}</arg>
<doc>Sends a POST request on a previously created HTTP Session.</doc>
<msg timestamp="20251003 02:19:36.221" level="DEBUG">https://serverest.dev:443 "POST /carrinhos HTTP/1.1" 201 82</msg>
<msg timestamp="20251003 02:19:36.222" level="INFO">POST Request : url=https://serverest.dev/carrinhos 
 path_url=/carrinhos 
 headers={'User-Agent': 'python-requests/2.31.0', 'Accept-Encoding': 'gzip, deflate', 'Accept': '*/*', 'Connection': 'keep-alive', 'Authorization': 'Bearer eyJhbGciOiJIUzI1NiIsInR5cCI6IkpXVCJ9.eyJlbWFpbCI6InRlc3RlX3JvYm90X3d5dHhjb2VyQHFhLmNvbS5iciIsInBhc3N3b3JkIjoidGVzdGUxMjMiLCJpYXQiOjE3NTk0Njg3NzAsImV4cCI6MTc1OTQ2OTM3MH0.FstmZ8woYsU__qaPg4BbXuO7JlW-ut5B0F34KwUQQ-c', 'Content-Length': '68', 'Content-Type': 'application/json'} 
 body=b'{"produtos": [{"idProduto": "AvpZJ1bDt7EONuCi", "quantidade": "1"}]}' 
 </msg>
<msg timestamp="20251003 02:19:36.222" level="INFO">POST Response : url=https://serverest.dev/carrinhos 
 status=201, reason=Created 
 headers={'access-control-allow-origin': '*', 'x-dns-prefetch-control': 'off', 'x-frame-options': 'SAMEORIGIN', 'strict-transport-security': 'max-age=15552000; includeSubDomains', 'x-download-options': 'noopen', 'x-content-type-options': 'nosniff', 'x-xss-protection': '1; mode=block', 'content-type': 'application/json; charset=utf-8', 'x-cloud-trace-context': '6a992f884f5546f1e431d5bd91302482', 'date': 'Fri, 03 Oct 2025 05:19:30 GMT', 'server': 'Google Frontend', 'Content-Length': '82'} 
 body={
    "message": "Cadastro realizado com sucesso",
    "_id": "umTduSjxcEjZ9ttp"
} 
 </msg>
<msg timestamp="20251003 02:19:36.222" level="INFO">C:\Users\ghepp\AppData\Roaming\Python\Python313\site-packages\urllib3\connectionpool.py:1097: InsecureRequestWarning: Unverified HTTPS request is being made to host 'serverest.dev'. Adding certificate verification is strongly advised. See: https://urllib3.readthedocs.io/en/latest/advanced-usage.html#tls-warnings
  warnings.warn(</msg>
<msg timestamp="20251003 02:19:36.224" level="INFO">${response} = &lt;Response [201]&gt;</msg>
<status status="PASS" starttime="20251003 02:19:36.042" endtime="20251003 02:19:36.224"/>
</kw>
<kw name="Status Should Be" library="RequestsLibrary">
<arg>201</arg>
<arg>${response}</arg>
<doc>Fails if response status code is different than the expected.</doc>
<status status="PASS" starttime="20251003 02:19:36.224" endtime="20251003 02:19:36.225"/>
</kw>
<kw name="Should Be Equal As Strings" library="BuiltIn">
<arg>${response.json()['message']}</arg>
<arg>Cadastro realizado com sucesso</arg>
<doc>Fails if objects are unequal after converting them to strings.</doc>
<msg timestamp="20251003 02:19:36.227" level="DEBUG">Argument types are:
&lt;class 'str'&gt;
&lt;class 'str'&gt;</msg>
<status status="PASS" starttime="20251003 02:19:36.225" endtime="20251003 02:19:36.227"/>
</kw>
<status status="PASS" starttime="20251003 02:19:36.041" endtime="20251003 02:19:36.227"/>
</kw>
<kw name="Tentar excluir usuario que possui carrinho" library="carrinho_keyword">
<kw name="DELETE On Session" library="RequestsLibrary">
<var>${response}</var>
<arg>${API_SESSION}</arg>
<arg>/usuarios/${USER_ID}</arg>
<arg>expected_status=400</arg>
<doc>Sends a DELETE request on a previously created HTTP Session.</doc>
<msg timestamp="20251003 02:19:36.409" level="DEBUG">https://serverest.dev:443 "DELETE /usuarios/2YxoQGJLlQ0aV4CR HTTP/1.1" 400 117</msg>
<msg timestamp="20251003 02:19:36.410" level="INFO">DELETE Request : url=https://serverest.dev/usuarios/2YxoQGJLlQ0aV4CR 
 path_url=/usuarios/2YxoQGJLlQ0aV4CR 
 headers={'User-Agent': 'python-requests/2.31.0', 'Accept-Encoding': 'gzip, deflate', 'Accept': '*/*', 'Connection': 'keep-alive', 'Content-Length': '0'} 
 body=None 
 </msg>
<msg timestamp="20251003 02:19:36.410" level="INFO">DELETE Response : url=https://serverest.dev/usuarios/2YxoQGJLlQ0aV4CR 
 status=400, reason=Bad Request 
 headers={'access-control-allow-origin': '*', 'x-dns-prefetch-control': 'off', 'x-frame-options': 'SAMEORIGIN', 'strict-transport-security': 'max-age=15552000; includeSubDomains', 'x-download-options': 'noopen', 'x-content-type-options': 'nosniff', 'x-xss-protection': '1; mode=block', 'content-type': 'application/json; charset=utf-8', 'x-cloud-trace-context': '5ebfd72381bcdb4be431d5bd913028d6', 'date': 'Fri, 03 Oct 2025 05:19:30 GMT', 'server': 'Google Frontend', 'Content-Length': '117'} 
 body={
    "message": "Não é permitido excluir usuário com carrinho cadastrado",
    "idCarrinho": "umTduSjxcEjZ9ttp"
} 
 </msg>
<msg timestamp="20251003 02:19:36.410" level="INFO">C:\Users\ghepp\AppData\Roaming\Python\Python313\site-packages\urllib3\connectionpool.py:1097: InsecureRequestWarning: Unverified HTTPS request is being made to host 'serverest.dev'. Adding certificate verification is strongly advised. See: https://urllib3.readthedocs.io/en/latest/advanced-usage.html#tls-warnings
  warnings.warn(</msg>
<msg timestamp="20251003 02:19:36.412" level="INFO">${response} = &lt;Response [400]&gt;</msg>
<status status="PASS" starttime="20251003 02:19:36.229" endtime="20251003 02:19:36.412"/>
</kw>
<kw name="Should Be Equal As Strings" library="BuiltIn">
<arg>${response.json()['message']}</arg>
<arg>Não é permitido excluir usuário com carrinho cadastrado</arg>
<doc>Fails if objects are unequal after converting them to strings.</doc>
<msg timestamp="20251003 02:19:36.414" level="DEBUG">Argument types are:
&lt;class 'str'&gt;
&lt;class 'str'&gt;</msg>
<status status="PASS" starttime="20251003 02:19:36.412" endtime="20251003 02:19:36.414"/>
</kw>
<status status="PASS" starttime="20251003 02:19:36.229" endtime="20251003 02:19:36.415"/>
</kw>
<kw name="Concluir compra e esvaziar carrinho" library="carrinho_keyword">
<kw name="Create Dictionary" library="BuiltIn">
<var>${auth_headers}</var>
<arg>Authorization=${AUTH_HEADER}</arg>
<doc>Creates and returns a dictionary based on the given ``items``.</doc>
<msg timestamp="20251003 02:19:36.417" level="INFO">${auth_headers} = {'Authorization': 'Bearer eyJhbGciOiJIUzI1NiIsInR5cCI6IkpXVCJ9.eyJlbWFpbCI6InRlc3RlX3JvYm90X3d5dHhjb2VyQHFhLmNvbS5iciIsInBhc3N3b3JkIjoidGVzdGUxMjMiLCJpYXQiOjE3NTk0Njg3NzAsImV4cCI6MTc1OTQ2OTM3MH0.FstmZ...</msg>
<status status="PASS" starttime="20251003 02:19:36.416" endtime="20251003 02:19:36.417"/>
</kw>
<kw name="DELETE On Session" library="RequestsLibrary">
<var>${response}</var>
<arg>${API_SESSION}</arg>
<arg>/carrinhos/concluir-compra</arg>
<arg>headers=${auth_headers}</arg>
<doc>Sends a DELETE request on a previously created HTTP Session.</doc>
<msg timestamp="20251003 02:19:36.599" level="DEBUG">https://serverest.dev:443 "DELETE /carrinhos/concluir-compra HTTP/1.1" 200 51</msg>
<msg timestamp="20251003 02:19:36.599" level="INFO">DELETE Request : url=https://serverest.dev/carrinhos/concluir-compra 
 path_url=/carrinhos/concluir-compra 
 headers={'User-Agent': 'python-requests/2.31.0', 'Accept-Encoding': 'gzip, deflate', 'Accept': '*/*', 'Connection': 'keep-alive', 'Authorization': 'Bearer eyJhbGciOiJIUzI1NiIsInR5cCI6IkpXVCJ9.eyJlbWFpbCI6InRlc3RlX3JvYm90X3d5dHhjb2VyQHFhLmNvbS5iciIsInBhc3N3b3JkIjoidGVzdGUxMjMiLCJpYXQiOjE3NTk0Njg3NzAsImV4cCI6MTc1OTQ2OTM3MH0.FstmZ8woYsU__qaPg4BbXuO7JlW-ut5B0F34KwUQQ-c', 'Content-Length': '0'} 
 body=None 
 </msg>
<msg timestamp="20251003 02:19:36.599" level="INFO">DELETE Response : url=https://serverest.dev/carrinhos/concluir-compra 
 status=200, reason=OK 
 headers={'access-control-allow-origin': '*', 'x-dns-prefetch-control': 'off', 'x-frame-options': 'SAMEORIGIN', 'strict-transport-security': 'max-age=15552000; includeSubDomains', 'x-download-options': 'noopen', 'x-content-type-options': 'nosniff', 'x-xss-protection': '1; mode=block', 'content-type': 'application/json; charset=utf-8', 'x-cloud-trace-context': '3b03c5d808f6bbfde431d5bd91302faf', 'date': 'Fri, 03 Oct 2025 05:19:30 GMT', 'server': 'Google Frontend', 'Content-Length': '51'} 
 body={
    "message": "Registro excluído com sucesso"
} 
 </msg>
<msg timestamp="20251003 02:19:36.599" level="INFO">C:\Users\ghepp\AppData\Roaming\Python\Python313\site-packages\urllib3\connectionpool.py:1097: InsecureRequestWarning: Unverified HTTPS request is being made to host 'serverest.dev'. Adding certificate verification is strongly advised. See: https://urllib3.readthedocs.io/en/latest/advanced-usage.html#tls-warnings
  warnings.warn(</msg>
<msg timestamp="20251003 02:19:36.599" level="INFO">${response} = &lt;Response [200]&gt;</msg>
<status status="PASS" starttime="20251003 02:19:36.418" endtime="20251003 02:19:36.599"/>
</kw>
<kw name="Status Should Be" library="RequestsLibrary">
<arg>200</arg>
<arg>${response}</arg>
<doc>Fails if response status code is different than the expected.</doc>
<status status="PASS" starttime="20251003 02:19:36.600" endtime="20251003 02:19:36.600"/>
</kw>
<kw name="Should Be Equal As Strings" library="BuiltIn">
<arg>${response.json()['message']}</arg>
<arg>Registro excluído com sucesso</arg>
<doc>Fails if objects are unequal after converting them to strings.</doc>
<msg timestamp="20251003 02:19:36.600" level="DEBUG">Argument types are:
&lt;class 'str'&gt;
&lt;class 'str'&gt;</msg>
<status status="PASS" starttime="20251003 02:19:36.600" endtime="20251003 02:19:36.600"/>
</kw>
<status status="PASS" starttime="20251003 02:19:36.416" endtime="20251003 02:19:36.600"/>
</kw>
<kw name="Tentar excluir usuario sem carrinho" library="carrinho_keyword">
<kw name="Excluir usuario com sucesso" library="user_keyword">
<kw name="DELETE On Session" library="RequestsLibrary">
<var>${response}</var>
<arg>${API_SESSION}</arg>
<arg>/usuarios/${USER_ID}</arg>
<doc>Sends a DELETE request on a previously created HTTP Session.</doc>
<msg timestamp="20251003 02:19:36.773" level="DEBUG">https://serverest.dev:443 "DELETE /usuarios/2YxoQGJLlQ0aV4CR HTTP/1.1" 200 51</msg>
<msg timestamp="20251003 02:19:36.774" level="INFO">DELETE Request : url=https://serverest.dev/usuarios/2YxoQGJLlQ0aV4CR 
 path_url=/usuarios/2YxoQGJLlQ0aV4CR 
 headers={'User-Agent': 'python-requests/2.31.0', 'Accept-Encoding': 'gzip, deflate', 'Accept': '*/*', 'Connection': 'keep-alive', 'Content-Length': '0'} 
 body=None 
 </msg>
<msg timestamp="20251003 02:19:36.774" level="INFO">DELETE Response : url=https://serverest.dev/usuarios/2YxoQGJLlQ0aV4CR 
 status=200, reason=OK 
 headers={'access-control-allow-origin': '*', 'x-dns-prefetch-control': 'off', 'x-frame-options': 'SAMEORIGIN', 'strict-transport-security': 'max-age=15552000; includeSubDomains', 'x-download-options': 'noopen', 'x-content-type-options': 'nosniff', 'x-xss-protection': '1; mode=block', 'content-type': 'application/json; charset=utf-8', 'x-cloud-trace-context': 'fc5dbd748a8bd3a7e431d5bd91302c74', 'date': 'Fri, 03 Oct 2025 05:19:30 GMT', 'server': 'Google Frontend', 'Content-Length': '51'} 
 body={
    "message": "Registro excluído com sucesso"
} 
 </msg>
<msg timestamp="20251003 02:19:36.774" level="INFO">C:\Users\ghepp\AppData\Roaming\Python\Python313\site-packages\urllib3\connectionpool.py:1097: InsecureRequestWarning: Unverified HTTPS request is being made to host 'serverest.dev'. Adding certificate verification is strongly advised. See: https://urllib3.readthedocs.io/en/latest/advanced-usage.html#tls-warnings
  warnings.warn(</msg>
<msg timestamp="20251003 02:19:36.776" level="INFO">${response} = &lt;Response [200]&gt;</msg>
<status status="PASS" starttime="20251003 02:19:36.601" endtime="20251003 02:19:36.776"/>
</kw>
<kw name="Status Should Be" library="RequestsLibrary">
<arg>200</arg>
<arg>${response}</arg>
<doc>Fails if response status code is different than the expected.</doc>
<status status="PASS" starttime="20251003 02:19:36.776" endtime="20251003 02:19:36.777"/>
</kw>
<kw name="Should Be Equal As Strings" library="BuiltIn">
<arg>${response.json()['message']}</arg>
<arg>Registro excluído com sucesso</arg>
<doc>Fails if objects are unequal after converting them to strings.</doc>
<msg timestamp="20251003 02:19:36.779" level="DEBUG">Argument types are:
&lt;class 'str'&gt;
&lt;class 'str'&gt;</msg>
<status status="PASS" starttime="20251003 02:19:36.777" endtime="20251003 02:19:36.779"/>
</kw>
<status status="PASS" starttime="20251003 02:19:36.601" endtime="20251003 02:19:36.779"/>
</kw>
<status status="PASS" starttime="20251003 02:19:36.601" endtime="20251003 02:19:36.779"/>
</kw>
<tag>carrinhos</tag>
<status status="PASS" starttime="20251003 02:19:35.158" endtime="20251003 02:19:36.781"/>
</test>
<kw name="Delete All Sessions" library="RequestsLibrary" type="TEARDOWN">
<doc>Removes all the session objects</doc>
<msg timestamp="20251003 02:19:36.785" level="INFO">Deleting All Sessions</msg>
<status status="PASS" starttime="20251003 02:19:36.785" endtime="20251003 02:19:36.786"/>
</kw>
<status status="PASS" starttime="20251003 02:19:34.893" endtime="20251003 02:19:36.786"/>
</suite>
<suite id="s1-s2" name="Login Test" source="C:\Users\ghepp\Compass_Challenge_03\Robot_ServeRest\tests\login_test.robot">
<test id="s1-s2-t1" name="Fluxo de Login" line="12">
<kw name="Realizar login com sucesso" library="login_keyword">
<kw name="Create Session" library="RequestsLibrary">
<arg>${API_SESSION}</arg>
<arg>${BASE_URL}</arg>
<arg>timeout=${TIMEOUT}</arg>
<doc>Create Session: create a HTTP session to a server</doc>
<msg timestamp="20251003 02:19:36.800" level="INFO">Creating Session using : alias=serverest, url=https://serverest.dev, headers={},                     cookies={}, auth=None, timeout=120, proxies=None, verify=False,                     debug=0 </msg>
<msg timestamp="20251003 02:19:36.800" level="DEBUG">Creating session: serverest</msg>
<status status="PASS" starttime="20251003 02:19:36.800" endtime="20251003 02:19:36.800"/>
</kw>
<kw name="Fazer Login e Salvar Token" library="login_keyword">
<var>${response}</var>
<arg>${EMAIL_ADMIN}</arg>
<arg>${USER_ADMIN.password}</arg>
<kw name="Create Dictionary" library="BuiltIn">
<var>${body}</var>
<arg>email=${email}</arg>
<arg>password=${password}</arg>
<doc>Creates and returns a dictionary based on the given ``items``.</doc>
<msg timestamp="20251003 02:19:36.801" level="INFO">${body} = {'email': 'teste1759422001@qa.com', 'password': 'teste123'}</msg>
<status status="PASS" starttime="20251003 02:19:36.801" endtime="20251003 02:19:36.801"/>
</kw>
<kw name="POST On Session" library="RequestsLibrary">
<var>${response}</var>
<arg>${API_SESSION}</arg>
<arg>/login</arg>
<arg>json=${body}</arg>
<arg>expected_status=200</arg>
<doc>Sends a POST request on a previously created HTTP Session.</doc>
<msg timestamp="20251003 02:19:36.802" level="DEBUG">Starting new HTTPS connection (1): serverest.dev:443</msg>
<msg timestamp="20251003 02:19:37.263" level="DEBUG">https://serverest.dev:443 "POST /login HTTP/1.1" 200 281</msg>
<msg timestamp="20251003 02:19:37.264" level="INFO">POST Request : url=https://serverest.dev/login 
 path_url=/login 
 headers={'User-Agent': 'python-requests/2.31.0', 'Accept-Encoding': 'gzip, deflate', 'Accept': '*/*', 'Connection': 'keep-alive', 'Content-Length': '59', 'Content-Type': 'application/json'} 
 body=b'{"email": "teste1759422001@qa.com", "password": "teste123"}' 
 </msg>
<msg timestamp="20251003 02:19:37.264" level="INFO">POST Response : url=https://serverest.dev/login 
 status=200, reason=OK 
 headers={'access-control-allow-origin': '*', 'x-dns-prefetch-control': 'off', 'x-frame-options': 'SAMEORIGIN', 'strict-transport-security': 'max-age=15552000; includeSubDomains', 'x-download-options': 'noopen', 'x-content-type-options': 'nosniff', 'x-xss-protection': '1; mode=block', 'content-type': 'application/json; charset=utf-8', 'x-cloud-trace-context': '68711d04087094b4c26283622be78ff1', 'date': 'Fri, 03 Oct 2025 05:19:31 GMT', 'server': 'Google Frontend', 'Content-Length': '281'} 
 body={
    "message": "Login realizado com sucesso",
    "authorization": "Bearer eyJhbGciOiJIUzI1NiIsInR5cCI6IkpXVCJ9.eyJlbWFpbCI6InRlc3RlMTc1OTQyMjAwMUBxYS5jb20iLCJwYXNzd29yZCI6InRlc3RlMTIzIiwiaWF0IjoxNzU5NDY4NzcxLCJleHAiOjE3NTk0NjkzNzF9.kmTUE6R5Z_yTUagOCwCclWEmAzdQvx_06VcQobgr1sw"
} 
 </msg>
<msg timestamp="20251003 02:19:37.264" level="INFO">C:\Users\ghepp\AppData\Roaming\Python\Python313\site-packages\urllib3\connectionpool.py:1097: InsecureRequestWarning: Unverified HTTPS request is being made to host 'serverest.dev'. Adding certificate verification is strongly advised. See: https://urllib3.readthedocs.io/en/latest/advanced-usage.html#tls-warnings
  warnings.warn(</msg>
<msg timestamp="20251003 02:19:37.266" level="INFO">${response} = &lt;Response [200]&gt;</msg>
<status status="PASS" starttime="20251003 02:19:36.801" endtime="20251003 02:19:37.266"/>
</kw>
<kw name="Set Variable" library="BuiltIn">
<var>${auth_header}</var>
<arg>${response.json()['authorization']}</arg>
<doc>Returns the given values which can then be assigned to a variables.</doc>
<msg timestamp="20251003 02:19:37.268" level="INFO">${auth_header} = Bearer eyJhbGciOiJIUzI1NiIsInR5cCI6IkpXVCJ9.eyJlbWFpbCI6InRlc3RlMTc1OTQyMjAwMUBxYS5jb20iLCJwYXNzd29yZCI6InRlc3RlMTIzIiwiaWF0IjoxNzU5NDY4NzcxLCJleHAiOjE3NTk0NjkzNzF9.kmTUE6R5Z_yTUagOCwCclWEmAzdQvx_06Vc...</msg>
<status status="PASS" starttime="20251003 02:19:37.266" endtime="20251003 02:19:37.268"/>
</kw>
<kw name="Set Global Variable" library="BuiltIn">
<arg>${AUTH_HEADER}</arg>
<arg>${auth_header}</arg>
<doc>Makes a variable available globally in all tests and suites.</doc>
<msg timestamp="20251003 02:19:37.269" level="INFO">${AUTH_HEADER} = Bearer eyJhbGciOiJIUzI1NiIsInR5cCI6IkpXVCJ9.eyJlbWFpbCI6InRlc3RlMTc1OTQyMjAwMUBxYS5jb20iLCJwYXNzd29yZCI6InRlc3RlMTIzIiwiaWF0IjoxNzU5NDY4NzcxLCJleHAiOjE3NTk0NjkzNzF9.kmTUE6R5Z_yTUagOCwCclWEmAzdQvx_06Vc...</msg>
<status status="PASS" starttime="20251003 02:19:37.269" endtime="20251003 02:19:37.270"/>
</kw>
<msg timestamp="20251003 02:19:37.270" level="INFO">${response} = &lt;Response [200]&gt;</msg>
<status status="PASS" starttime="20251003 02:19:36.800" endtime="20251003 02:19:37.270"/>
</kw>
<kw name="Dictionary Should Contain Key" library="Collections">
<arg>${response.json()}</arg>
<arg>authorization</arg>
<doc>Fails if ``key`` is not found from ``dictionary``.</doc>
<status status="PASS" starttime="20251003 02:19:37.270" endtime="20251003 02:19:37.271"/>
</kw>
<status status="PASS" starttime="20251003 02:19:36.800" endtime="20251003 02:19:37.271"/>
</kw>
<kw name="Tentar realizar login com senha invalida" library="login_keyword">
<kw name="Create Dictionary" library="BuiltIn">
<var>${body}</var>
<arg>email=${EMAIL_ADMIN}</arg>
<arg>password=senhaerrada123</arg>
<doc>Creates and returns a dictionary based on the given ``items``.</doc>
<msg timestamp="20251003 02:19:37.272" level="INFO">${body} = {'email': 'teste1759422001@qa.com', 'password': 'senhaerrada123'}</msg>
<status status="PASS" starttime="20251003 02:19:37.271" endtime="20251003 02:19:37.272"/>
</kw>
<kw name="POST On Session" library="RequestsLibrary">
<var>${response}</var>
<arg>${API_SESSION}</arg>
<arg>/login</arg>
<arg>json=${body}</arg>
<arg>expected_status=401</arg>
<doc>Sends a POST request on a previously created HTTP Session.</doc>
<msg timestamp="20251003 02:19:37.447" level="DEBUG">https://serverest.dev:443 "POST /login HTTP/1.1" 401 48</msg>
<msg timestamp="20251003 02:19:37.448" level="INFO">POST Request : url=https://serverest.dev/login 
 path_url=/login 
 headers={'User-Agent': 'python-requests/2.31.0', 'Accept-Encoding': 'gzip, deflate', 'Accept': '*/*', 'Connection': 'keep-alive', 'Content-Length': '65', 'Content-Type': 'application/json'} 
 body=b'{"email": "teste1759422001@qa.com", "password": "senhaerrada123"}' 
 </msg>
<msg timestamp="20251003 02:19:37.448" level="INFO">POST Response : url=https://serverest.dev/login 
 status=401, reason=Unauthorized 
 headers={'access-control-allow-origin': '*', 'x-dns-prefetch-control': 'off', 'x-frame-options': 'SAMEORIGIN', 'strict-transport-security': 'max-age=15552000; includeSubDomains', 'x-download-options': 'noopen', 'x-content-type-options': 'nosniff', 'x-xss-protection': '1; mode=block', 'content-type': 'application/json; charset=utf-8', 'x-cloud-trace-context': '094e77388c1b6845c26283622be78c12', 'date': 'Fri, 03 Oct 2025 05:19:31 GMT', 'server': 'Google Frontend', 'Content-Length': '48'} 
 body={
    "message": "Email e/ou senha inválidos"
} 
 </msg>
<msg timestamp="20251003 02:19:37.449" level="INFO">C:\Users\ghepp\AppData\Roaming\Python\Python313\site-packages\urllib3\connectionpool.py:1097: InsecureRequestWarning: Unverified HTTPS request is being made to host 'serverest.dev'. Adding certificate verification is strongly advised. See: https://urllib3.readthedocs.io/en/latest/advanced-usage.html#tls-warnings
  warnings.warn(</msg>
<msg timestamp="20251003 02:19:37.450" level="INFO">${response} = &lt;Response [401]&gt;</msg>
<status status="PASS" starttime="20251003 02:19:37.272" endtime="20251003 02:19:37.450"/>
</kw>
<kw name="Should Be Equal As Strings" library="BuiltIn">
<arg>${response.json()['message']}</arg>
<arg>Email e/ou senha inválidos</arg>
<doc>Fails if objects are unequal after converting them to strings.</doc>
<msg timestamp="20251003 02:19:37.452" level="DEBUG">Argument types are:
&lt;class 'str'&gt;
&lt;class 'str'&gt;</msg>
<status status="PASS" starttime="20251003 02:19:37.451" endtime="20251003 02:19:37.453"/>
</kw>
<status status="PASS" starttime="20251003 02:19:37.271" endtime="20251003 02:19:37.453"/>
</kw>
<kw name="Tentar realizar login com email invalido" library="login_keyword">
<kw name="Create Dictionary" library="BuiltIn">
<var>${body}</var>
<arg>email=email.invalido@qa.com.br</arg>
<arg>password=senhaerrada123</arg>
<doc>Creates and returns a dictionary based on the given ``items``.</doc>
<msg timestamp="20251003 02:19:37.455" level="INFO">${body} = {'email': 'email.invalido@qa.com.br', 'password': 'senhaerrada123'}</msg>
<status status="PASS" starttime="20251003 02:19:37.455" endtime="20251003 02:19:37.455"/>
</kw>
<kw name="POST On Session" library="RequestsLibrary">
<var>${response}</var>
<arg>${API_SESSION}</arg>
<arg>/login</arg>
<arg>json=${body}</arg>
<arg>expected_status=401</arg>
<doc>Sends a POST request on a previously created HTTP Session.</doc>
<msg timestamp="20251003 02:19:37.631" level="DEBUG">https://serverest.dev:443 "POST /login HTTP/1.1" 401 48</msg>
<msg timestamp="20251003 02:19:37.631" level="INFO">POST Request : url=https://serverest.dev/login 
 path_url=/login 
 headers={'User-Agent': 'python-requests/2.31.0', 'Accept-Encoding': 'gzip, deflate', 'Accept': '*/*', 'Connection': 'keep-alive', 'Content-Length': '67', 'Content-Type': 'application/json'} 
 body=b'{"email": "email.invalido@qa.com.br", "password": "senhaerrada123"}' 
 </msg>
<msg timestamp="20251003 02:19:37.632" level="INFO">POST Response : url=https://serverest.dev/login 
 status=401, reason=Unauthorized 
 headers={'access-control-allow-origin': '*', 'x-dns-prefetch-control': 'off', 'x-frame-options': 'SAMEORIGIN', 'strict-transport-security': 'max-age=15552000; includeSubDomains', 'x-download-options': 'noopen', 'x-content-type-options': 'nosniff', 'x-xss-protection': '1; mode=block', 'content-type': 'application/json; charset=utf-8', 'x-cloud-trace-context': '3ea1c44836339de0c26283622be78016', 'date': 'Fri, 03 Oct 2025 05:19:31 GMT', 'server': 'Google Frontend', 'Content-Length': '48'} 
 body={
    "message": "Email e/ou senha inválidos"
} 
 </msg>
<msg timestamp="20251003 02:19:37.632" level="INFO">C:\Users\ghepp\AppData\Roaming\Python\Python313\site-packages\urllib3\connectionpool.py:1097: InsecureRequestWarning: Unverified HTTPS request is being made to host 'serverest.dev'. Adding certificate verification is strongly advised. See: https://urllib3.readthedocs.io/en/latest/advanced-usage.html#tls-warnings
  warnings.warn(</msg>
<msg timestamp="20251003 02:19:37.632" level="INFO">${response} = &lt;Response [401]&gt;</msg>
<status status="PASS" starttime="20251003 02:19:37.456" endtime="20251003 02:19:37.632"/>
</kw>
<kw name="Should Be Equal As Strings" library="BuiltIn">
<arg>${response.json()['message']}</arg>
<arg>Email e/ou senha inválidos</arg>
<doc>Fails if objects are unequal after converting them to strings.</doc>
<msg timestamp="20251003 02:19:37.633" level="DEBUG">Argument types are:
&lt;class 'str'&gt;
&lt;class 'str'&gt;</msg>
<status status="PASS" starttime="20251003 02:19:37.632" endtime="20251003 02:19:37.633"/>
</kw>
<status status="PASS" starttime="20251003 02:19:37.454" endtime="20251003 02:19:37.633"/>
</kw>
<tag>login</tag>
<status status="PASS" starttime="20251003 02:19:36.799" endtime="20251003 02:19:37.633"/>
</test>
<kw name="Delete All Sessions" library="RequestsLibrary" type="TEARDOWN">
<doc>Removes all the session objects</doc>
<msg timestamp="20251003 02:19:37.634" level="INFO">Deleting All Sessions</msg>
<status status="PASS" starttime="20251003 02:19:37.634" endtime="20251003 02:19:37.634"/>
</kw>
<status status="PASS" starttime="20251003 02:19:36.790" endtime="20251003 02:19:37.635"/>
</suite>
<suite id="s1-s3" name="Product Test" source="C:\Users\ghepp\Compass_Challenge_03\Robot_ServeRest\tests\product_test.robot">
<test id="s1-s3-t1" name="Fluxo de Usuarios" line="12">
<kw name="Listar usuarios e validar schema" library="user_keyword">
<kw name="Create Session" library="RequestsLibrary">
<arg>${API_SESSION}</arg>
<arg>${BASE_URL}</arg>
<arg>timeout=${TIMEOUT}</arg>
<doc>Create Session: create a HTTP session to a server</doc>
<msg timestamp="20251003 02:19:37.646" level="INFO">Creating Session using : alias=serverest, url=https://serverest.dev, headers={},                     cookies={}, auth=None, timeout=120, proxies=None, verify=False,                     debug=0 </msg>
<msg timestamp="20251003 02:19:37.646" level="DEBUG">Creating session: serverest</msg>
<status status="PASS" starttime="20251003 02:19:37.646" endtime="20251003 02:19:37.646"/>
</kw>
<kw name="GET On Session" library="RequestsLibrary">
<var>${response}</var>
<arg>${API_SESSION}</arg>
<arg>/usuarios</arg>
<doc>Sends a GET request on a previously created HTTP Session.</doc>
<msg timestamp="20251003 02:19:37.647" level="DEBUG">Starting new HTTPS connection (1): serverest.dev:443</msg>
<msg timestamp="20251003 02:19:38.210" level="DEBUG">https://serverest.dev:443 "GET /usuarios HTTP/1.1" 200 194314</msg>
<msg timestamp="20251003 02:19:38.632" level="INFO">GET Request : url=https://serverest.dev/usuarios 
 path_url=/usuarios 
 headers={'User-Agent': 'python-requests/2.31.0', 'Accept-Encoding': 'gzip, deflate', 'Accept': '*/*', 'Connection': 'keep-alive'} 
 body=None 
 </msg>
<msg timestamp="20251003 02:19:38.634" level="INFO">GET Response : url=https://serverest.dev/usuarios 
 status=200, reason=OK 
 headers={'access-control-allow-origin': '*', 'x-dns-prefetch-control': 'off', 'x-frame-options': 'SAMEORIGIN', 'strict-transport-security': 'max-age=15552000; includeSubDomains', 'x-download-options': 'noopen', 'x-content-type-options': 'nosniff', 'x-xss-protection': '1; mode=block', 'content-type': 'application/json; charset=utf-8', 'x-cloud-trace-context': 'e103b93d1f49a3cf5e3d91c5be12cf76', 'date': 'Fri, 03 Oct 2025 05:19:32 GMT', 'server': 'Google Frontend', 'Content-Length': '194314'} 
 body={
    "quantidade": 877,
    "usuarios": [
        {
            "nome": "Ana",
            "email": "ana887@fakeemail.co",
            "password": "Qe%MpEpU",
            "administrador": "true",
            "_id": "007bDqkAQw3QwMUC"
        },
        {
            "nome": "User Test",
            "email": "user.1759455531909@qa.com.br",
            "password": "123456",
            "administrador": "false",
            "_id": "020d301sGjeTWkKX"
        },
        {
            "nome": "Hilda",
            "email": "Lionel38@gmail.com",
            "password": "teste",
            "administrador": "true",
            "_id": "03fU88cB9vgiuylJ"
        },
        {
            "nome": "Usuário Teste",
            "email": "teste9418@teste.com",
            "password": "12345",
            "administrador": "true",
            "_id": "0CZVfikrLcF8AnPN"
        },
        {
            "nome": "Login Test User",
            "email": "login.1759455526981@qa.com.br",
            "password": "teste123",
            "administrador": "true",
            "_id": "0QycBgdmenQYgO3Y"
        },
        {
            "nome": "RUTH MARTINEZ",
            "email": "RUTH.MARTINEZ@sakilacustomer.org",
            "password": "pass_performa",
            "administrador": "true",
            "_id": "0VUzoJx2PISoPIaG"
        },
        {
            "nome": "Fulano",
            "email": "fulano@qa.com",
            "password": "teste",
            "administrador": "true",
            "_id": "0pnHWmRoWe5kwsZd"
        },
        {
            "nome": "JOSIANE ARAÚJO LOURENÇO",
            "email": "josiane.lourenco@aluno.senai.br",
            "password": "123456789",
            "administrador": "true",
            "_id": "18I5AnPMHx4rYhOF"
        },
        {
            "nome": "MARGARET MOORE",
            "email": "MARGARET.MOORE@sakilacustomer.org",
            "password": "pass_performa",
            "administrador": "true",
            "_id": "1LCVyKrfgyUYKf89"
        },
        {
            "email": "ci_test_user_1759447029038299566@example.com",
            "password": "12345",
            "nome": "Diego Patricio Updated",
            "administrador": "true",
            "_id": "1NPZFowImoWxOBeV"
        },
        {
            "nome": "Fulano da Silva",
            "email": "papo@qa.com.br",
            "password": "teste",
            "administrador": "true",
            "_id": "1ZCxcnwGvNjDqyja"
        },
        {
            "nome": "Cedric Mann",
            "email": "Camryn_Aufderhar@gmail.com",
            "password": "ivtdMZEEFNqDa3o",
            "administrador": "true",
            "_id": "1o4q3TWL2eRaynix"
        },
        {
            "nome": "Ghost User",
            "email": "ghost.1759456203157@qa.com.br",
            "password": "invisivel",
            "administrador": "false",
            "_id": "25Qb6dmN7UQpfFXr"
        },
        {
            "nome": "teste da Silva",
            "email": "teste@qa.com.br",
            "password": "teste",
            "administrador": "true",
            "_id": "2C4R7femYC5MH7R8"
        },
        {
            "nome": "Forrest Kertzmann",
            "email": "Geraldine.Cronin15@yahoo.com",
            "password": "MRAxa3N5fJJtYMW",
            "administrador": "false",
            "_id": "2HfPdIzgCTmBu6wr"
        },
        {
            "nome": "Common User",
            "email": "nonadmin.1759456558333@qa.com.br",
            "password": "senha",
            "administrador": "false",
            "_id": "2fuftyowAU0Fwx7J"
        },
        {
            "nome": "Leanna",
            "email": "Newton.Ledner@hotmail.com",
            "password": "teste",
            "administrador": "true",
            "_id": "3CxNIK3Qplms2w5w"
        },
        {
            "nome": "Lauren Tremblay",
            "email": "Else_Raynor@hotmail.com",
            "password": "pqlMuzoAQdT8XwA",
            "administrador": "true",
            "_id": "3IYcPtsTigXrN2Cb"
        },
        {
            "nome": "Edmond Windler",
            "email": "Aiyana_Rice9@gmail.com",
            "password": "cUNkBuslpsbznQs",
            "administrador": "true",
            "_id": "3JVUmfSDItQgae3f"
        },
        {
            "nome": "Esteban47",
            "email": "Calista.Daniel@gmail.com",
            "password": "211138740",
            "administrador": "true",
            "_id": "4EtR14wbTLHzemMt"
        },
        {
            "nome": "Nome Atualizado",
            "email": "teste0550@teste.com",
            "password": "54321",
            "administrador": "true",
            "_id": "4KKLWiXykQV374xA"
        },
        {
            "nome": "Daniel Ferreira da Silva",
            "email": "danielsilva123456@hotmail.com",
            "password": "daniel123",
            "administrador": "false",
            "_id": "4O4p774Pxf1TYBfy"
        },
        {
            "nome": "Test User",
            "email": "test_user_1234@example.com",
            "password": "Pass123",
            "administrador": "true",
            "_id": "4Qu48E9ENyfNwcVK"
        },
        {
            "nome": "Miss Mabel Ruecker",
            "email": "jameson.padberg@qa.com",
            "password": "Teste@123",
            "administrador": "false",
            "_id": "4TEuOKJV8tgon6ea"
        },
        {
            "nome": "User_828467",
            "email": "user_828467@example.com",
            "password": "Pass_828467",
            "administrador": "true",
            "_id": "4WBMOBOQIiv2BXRs"
        },
        {
            "nome": "Kai the frenchie",
            "email": "kai@qa.cl",
            "password": "kai",
            "administrador": "true",
            "_id": "4Z7f0fMLJzguDYkT"
        },
        {
            "nome": "Levi Fernandes",
            "email": "robot.test.20251002150259@gmail.com",
            "password": "12345",
            "administrador": "true",
            "_id": "4ml8IpqoJUpWTrqy"
        },
        {
            "nome": "Base User",
            "email": "user21953@test.com",
            "password": "Password123!",
            "administrador": "false",
            "_id": "4nWQOJ34EzO5z0gu"
        },
        {
            "nome": "Usuario Teste 1759419727",
            "email": "teste1759419727@qa.com",
            "password": "teste123",
            "administrador": "true",
            "_id": "4nyV3UaUhFLGbsdN"
        },
        {
            "nome": "Usuário Teste",
            "email": "teste6144@teste.com",
            "password": "12345",
            "administrador": "true",
            "_id": "4vA3tTOFfa5Q0b6o"
        },
        {
            "nome": "Daniel Ferreira da Silva",
            "email": "danielsilva1234@hotmail.com.br",
            "password": "daniel123",
            "administrador": "false",
            "_id": "4wM1R9ZQH1zVlOtU"
        },
        {
            "nome": "Usuario Teste 1759426215",
            "email": "teste1759426215@qa.com",
            "password": "teste123",
            "administrador": "false",
            "_id": "4zXuhQrJ6kzeZZmS"
        },
        {
            "nome": "Usuario Teste 1759422031",
            "email": "teste1759422031@qa.com",
            "password": "teste123",
            "administrador": "false",
            "_id": "565lfVpG8PpeGv5w"
        },
        {
            "nome": "User_247862",
            "email": "user_247862@example.com",
            "password": "Pass_247862",
            "administrador": "true",
            "_id": "58zuQPHXyjwI12dD"
        },
        {
            "nome": "Usuario Teste 1759414942",
            "email": "teste1759414942@qa.com",
            "password": "teste123",
            "administrador": "false",
            "_id": "594BxGXwa4WjvHQs"
        },
        {
            "nome": "Ghost User",
            "email": "ghost.1759456562995@qa.com.br",
            "password": "invisivel",
            "administrador": "false",
            "_id": "5EqLnZRHxDrV6zxe"
        },
        {
            "nome": "Usuario Teste 1759421852",
            "email": "teste1759421852@qa.com",
            "password": "teste123",
            "administrador": "false",
            "_id": "5GITC8bmC6Y12Fju"
        },
        {
            "nome": "Usuário Teste",
            "email": "teste9938@teste.com",
            "password": "123",
            "administrador": "true",
            "_id": "5LH99u4tvt6Jhcol"
        },
        {
            "nome": "Srta. Eloá da Conceição",
            "email": "eloahvargas@example.net",
            "password": "12345678901",
            "administrador": "true",
            "_id": "5QXXsuRHhPz6yemJ"
        },
        {
            "nome": "Dr. Jeff Bailey",
            "email": "brown_murazik67@cypress.com",
            "password": "3gUiID0yI40c",
            "administrador": "false",
            "_id": "5ibOPAE4h4ZpmbpQ"
        },
        {
            "nome": "Alison Waters",
            "email": "ramiro.durgan@cypress.com",
            "password": "6WsR9UZE6hq1",
            "administrador": "false",
            "_id": "5rT1QNQHAxjxJTxB"
        },
        {
            "nome": "User B",
            "email": "userB.1759455181293@qa.com.br",
            "password": "def",
            "administrador": "true",
            "_id": "5tQO8jwUvpuBU6Rz"
        },
        {
            "nome": "Usuario Teste 1759422001",
            "email": "teste1759422001@qa.com",
            "password": "teste123",
            "administrador": "false",
            "_id": "60iyWSFdzuxVLMEv"
        },
        {
            "nome": "RobotUser_1759418395_3970",
            "email": "RobotUser_1759418395_3970@example.com",
            "password": "Pass_3970",
            "administrador": "true",
            "_id": "63Q4neaRE2UnFxLK"
        },
        {
            "nome": "Common User",
            "email": "nonadmin.1759453178055@qa.com.br",
            "password": "senha",
            "administrador": "false",
            "_id": "69I6GKDHiSvSDbT5"
        },
        {
            "nome": "DONNA THOMPSON",
            "email": "DONNA.THOMPSON@sakilacustomer.org",
            "password": "pass_performa",
            "administrador": "true",
            "_id": "6ENFJv8Ykq1zKCRe"
        },
        {
            "nome": "Ghost User",
            "email": "ghost.1759458479770@qa.com.br",
            "password": "invisivel",
            "administrador": "false",
            "_id": "6ETC2nJJaHbfJISI"
        },
        {
            "nome": "Usuario Teste 1759416852",
            "email": "teste1759416852@qa.com",
            "password": "teste123",
            "administrador": "false",
            "_id": "6FGE8GAwQcRuMF68"
        },
        {
            "administrador": "true",
            "email": "reiload@gmail.com",
            "nome": "full_name",
            "password": "password",
            "_id": "6fkjoSETcaHWdp4l"
        },
        {
            "nome": "QA Teste EDITADO",
            "email": "kaique.0102551759436500395@teste.com",
            "password": "654321",
            "administrador": "true",
            "_id": "6mNoFgvyEboUOzq6"
        },
        {
            "nome": "Usuário Teste",
            "email": "teste5794@teste.com",
            "password": "12345",
            "administrador": "true",
            "_id": "6ulyfKOv0PuPtjpD"
        },
        {
            "nome": "Updated Name",
            "email": "user65858@test.com",
            "password": "Password123!",
            "administrador": "false",
            "_id": "6vV3pVO52FJYVS27"
        },
        {
            "nome": "QA Teste EDITADO",
            "email": "kaique.0102551759436685995@teste.com",
            "password": "654321",
            "administrador": "true",
            "_id": "70iOL4HbUHd80GcC"
        },
        {
            "nome": "kauaqa",
            "email": "kaua123@gmail.com",
            "password": "teste123",
            "administrador": "true",
            "_id": "72WG2jaQ5t7c4xaS"
        },
        {
            "nome": "Fulano da Silva",
            "email": "dwin@emailteste.com",
            "password": "1234",
            "administrador": "true",
            "_id": "74zQjSX4YA5A7vf1"
        },
        {
            "nome": "Leandro",
            "email": "leandrorisch4+7@gmail.com",
            "password": "lsrgit@2025",
            "administrador": "true",
            "_id": "76G5vvFV53QFuKKe"
        },
        {
            "nome": "Ghost User",
            "email": "ghost.1759454612237@qa.com.br",
            "password": "invisivel",
            "administrador": "false",
            "_id": "777i203gwnj3vkWs"
        },
        {
            "nome": "Cypress Admin 1759407548202",
            "email": "cypress_admin_1759407548202@cypress.com",
            "password": "123456",
            "administrador": "true",
            "_id": "79B64nDkg2HgiXVd"
        },
        {
            "nome": "Usuario de Teste",
            "email": "usuario@teste.com",
            "password": "teste",
            "administrador": "true",
            "_id": "7AqzgXWS9npz2LPJ"
        },
        {
            "nome": "Cypress User 1759407537042",
            "email": "Cypress_1759407537042@Cypress.com",
            "password": "123456",
            "administrador": "true",
            "_id": "7Bjw56rPEYsIhb1f"
        },
        {
            "nome": "Benício Siqueira",
            "email": "lpastor@example.com",
            "password": "1234",
            "administrador": "true",
            "_id": "7BydRTdYTMtjWsuD"
        },
        {
            "administrador": "true",
            "email": "hildred.mcclure@yahoo.com",
            "nome": "Nathanael Cormier",
            "password": "password",
            "_id": "7ERfOSG6vrlTCjVg"
        },
        {
            "nome": "Cypress Admin 1759407529638",
            "email": "cypress_admin_1759407529638@cypress.com",
            "password": "123456",
            "administrador": "true",
            "_id": "7I9ycLMmiGhuLYdQ"
        },
        {
            "email": "ci_test_user_1759444717193687223@example.com",
            "password": "12345",
            "nome": "Diego Patricio",
            "administrador": "true",
            "_id": "7QDgrpwnHXUJ1zck"
        },
        {
            "nome": "User Test",
            "email": "user.1759468458616@qa.com.br",
            "password": "123456",
            "administrador": "false",
            "_id": "7RsgUtw8aifZ5sMr"
        },
        {
            "nome": "Rafaela",
            "email": "rafaela497@example.co",
            "password": "h9^K9tA%",
            "administrador": "true",
            "_id": "7XOHPaGqbYR8ejfw"
        },
        {
            "nome": "Usuário Login",
            "email": "usuario.login@email.com",
            "password": "123456",
            "administrador": "true",
            "_id": "7XQozEm8d2awuiDf"
        },
        {
            "nome": "Fulano da Silva",
            "email": "1759455119131@qa.com",
            "password": "teste",
            "administrador": "true",
            "_id": "7bbgSgN8Q70zD6YP"
        },
        {
            "nome": "Marion Wehner",
            "email": "joany_oreilly88@qa.com",
            "password": "Teste@123",
            "administrador": "false",
            "_id": "7pzIhHOJwj5gEOCo"
        },
        {
            "nome": "Thaina bueno",
            "email": "thay@bueno.com",
            "password": "12345",
            "administrador": "false",
            "_id": "7refToqPgKidM1Jj"
        },
        {
            "nome": "User A",
            "email": "userA.1759465226810@qa.com.br",
            "password": "abc",
            "administrador": "true",
            "_id": "7xp9HVXYOocqMcks"
        },
        {
            "nome": "Julia Pires",
            "email": "helena12@example.org",
            "password": "12345",
            "administrador": "true",
            "_id": "81JuMNCuaekMMoNM"
        },
        {
            "nome": "Leandro",
            "email": "leandrorisch4+6@gmail.com",
            "password": "lsrgit@2025",
            "administrador": "true",
            "_id": "8ABEGHfnP3uM9QaI"
        },
        {
            "nome": "Usuario Teste",
            "email": "qmrm@emailteste.com",
            "password": "teste123",
            "administrador": "true",
            "_id": "8CpyP0acPrgn8Ptf"
        },
        {
            "nome": "Lívia",
            "email": "lívia791@fakeemail.co",
            "password": "Z5Elw9&amp;D",
            "administrador": "true",
            "_id": "8EnQFbOUw2sdnzBH"
        },
        {
            "nome": "Usuario Teste 1759416847",
            "email": "teste1759416847@qa.com",
            "password": "teste123",
            "administrador": "false",
            "_id": "8K0RY254elGbBGe3"
        },
        {
            "nome": "Usuário Teste",
            "email": "teste0419@teste.com",
            "password": "12345",
            "administrador": "true",
            "_id": "8MlVUfTfemT3j64p"
        },
        {
            "nome": "Mariana",
            "email": "mariana52@example.co",
            "password": "A8cWJDnF",
            "administrador": "true",
            "_id": "8SvttANbtxZaPsUm"
        },
        {
            "nome": "Ghost User",
            "email": "ghost.1759457175827@qa.com.br",
            "password": "invisivel",
            "administrador": "false",
            "_id": "8TgmqHsaRhHnsGpV"
        },
        {
            "nome": "Login Test User",
            "email": "login.1759457699115@qa.com.br",
            "password": "teste123",
            "administrador": "true",
            "_id": "8ecgDEII3vum0NUn"
        },
        {
            "nome": "Usuario Novo",
            "email": "teste1759416931@qa.com",
            "password": "senha123",
            "administrador": "false",
            "_id": "8mdXEg0pNbwZy1K5"
        },
        {
            "nome": "QualityAssuranceUser",
            "email": "QualityAssuranceAdmin@cypress.com",
            "password": "Admin123@",
            "administrador": "true",
            "_id": "8pnlqEZq9IJol8xl"
        },
        {
            "nome": "Usuario de Teste",
            "email": "fulanosilvioabra@qa.com",
            "password": "teste",
            "administrador": "true",
            "_id": "90PRvdSr2E4wMMP5"
        },
        {
            "nome": "Nome Atualizado",
            "email": "teste1759414609@qa.com",
            "password": "senha123",
            "administrador": "false",
            "_id": "94eqvUU8wMMjqFwD"
        },
        {
            "nome": "Rafaela",
            "email": "rafaela3@example.co",
            "password": "B^fr3SQh",
            "administrador": "true",
            "_id": "98Dj2k60JcEEjXCm"
        },
        {
            "nome": "Mariah Costa",
            "email": "limaagatha@example.org",
            "password": "12345678901",
            "administrador": "true",
            "_id": "98Sz1O4JWe4w1I8G"
        },
        {
            "nome": "Tarcisio Kloppel F",
            "email": "tkloppel@qa.com.br",
            "password": "teste",
            "administrador": "true",
            "_id": "9BoFVdhYMgd4y3OY"
        },
        {
            "nome": "Fulano da Silva",
            "email": "xqvuoi0l@teste.com",
            "password": "teste123",
            "administrador": "true",
            "_id": "9EdKUh6Bc5wElMJl"
        },
        {
            "nome": "Login Test User",
            "email": "login.1759465398875@qa.com.br",
            "password": "teste123",
            "administrador": "true",
            "_id": "9GVg4ClfOyVrX7sB"
        },
        {
            "nome": "Mariana",
            "email": "mariana471@example.co",
            "password": "T9csN6n%",
            "administrador": "true",
            "_id": "9Imhh8ykPjMhlzdu"
        },
        {
            "nome": "Dr. Christopher Yost",
            "email": "jalyn4@qa.com",
            "password": "Teste@123",
            "administrador": "false",
            "_id": "9MBTnURRuu1VOGPa"
        },
        {
            "nome": "Usuário Teste",
            "email": "muitolongoemail123456789012345678901234567890@teste.com",
            "password": "12345",
            "administrador": "true",
            "_id": "9MlaoqBpUVarfBf3"
        },
        {
            "nome": "Usuário Teste",
            "email": "teste6118@teste.com",
            "password": "12345",
            "administrador": "true",
            "_id": "9NlskqTvv4ZjhqgU"
        },
        {
            "nome": "Usuario 3p8zb",
            "email": "usuario3p8zb@qa.com.br",
            "password": "123456",
            "administrador": "true",
            "_id": "9PTtv54YfofGB7t3"
        },
        {
            "nome": "Fulano da Silva",
            "email": "hDGuSU@email.com",
            "password": "123",
            "administrador": "true",
            "_id": "9PuTnARa2YrX2q1v"
        },
        {
            "nome": "Lara Machado",
            "email": "leonardopires@example.org",
            "password": "12345",
            "administrador": "true",
            "_id": "9a6hzCAha2irfdRB"
        },
        {
            "nome": "Kailee",
            "email": "Antonetta_Pagac5@gmail.com",
            "password": "teste",
            "administrador": "true",
            "_id": "9eF64dH2pHPOQMbD"
        },
        {
            "nome": "Test User",
            "email": "user20251003012242@test.com",
            "password": "12345",
            "administrador": "false",
            "_id": "9ip1RX2vWPP7PcQC"
        },
        {
            "nome": "Usuario Teste 1759414602",
            "email": "teste1759414602@qa.com",
            "password": "12",
            "administrador": "false",
            "_id": "9l0DqQl3n1FKPWIw"
        },
        {
            "nome": "Leandro",
            "email": "leandrorisch4+13@gmail.com",
            "password": "lsrgit@2025",
            "administrador": "true",
            "_id": "9lJ8KSTV1R1y96fz"
        },
        {
            "nome": "Cypress Admin 1759407554596",
            "email": "cypress_admin_1759407554596@cypress.com",
            "password": "123456",
            "administrador": "true",
            "_id": "9pwKqKNSbM7gURLu"
        },
        {
            "nome": "User_635033",
            "email": "user_635033@example.com",
            "password": "Pass_635033",
            "administrador": "true",
            "_id": "A5Hr3FdUP8ojUKDa"
        },
        {
            "nome": "Usuario Teste 1759416940",
            "email": "teste1759416940@qa.com",
            "password": "teste123",
            "administrador": "false",
            "_id": "AAFNDRw1zQVFOoDz"
        },
        {
            "nome": "Login Test User",
            "email": "login.1759458492504@qa.com.br",
            "password": "teste123",
            "administrador": "true",
            "_id": "AEXt8DWveFICmV3n"
        },
        {
            "nome": "Fulano da Silva",
            "email": "pepq@qa.com.br",
            "password": "teste",
            "administrador": "true",
            "_id": "AHpKGixscb8biNbb"
        },
        {
            "nome": "Test User",
            "email": "user20251003012245@test.com",
            "password": "123",
            "administrador": "false",
            "_id": "AUDIC2l7yGXQcGC7"
        },
        {
            "nome": "Usuário Teste",
            "email": "teste8150@teste.com",
            "password": "12345",
            "administrador": "true",
            "_id": "AeYetw3m4vRdawrJ"
        },
        {
            "nome": "Usuario Teste 1759420457",
            "email": "teste1759420457@qa.com",
            "password": "teste123",
            "administrador": "false",
            "_id": "Af2YbHiNSC7Y5WcA"
        },
        {
            "email": "ci_test_user@example.com",
            "password": "12345",
            "nome": "Diego Patricio",
            "administrador": "true",
            "_id": "An8mycYyy6DUByiI"
        },
        {
            "nome": "Usuário Teste",
            "email": "teste2609@teste.com",
            "password": "12345",
            "administrador": "true",
            "_id": "Av3IEL89tltPOyiy"
        },
        {
            "nome": "Usuário Teste",
            "email": "teste7108@teste.com",
            "password": "12345",
            "administrador": "true",
            "_id": "Av5dfEx3wey5JFuL"
        },
        {
            "nome": "Nome Atualizado",
            "email": "teste1759414929@qa.com",
            "password": "senha123",
            "administrador": "false",
            "_id": "B6SVhnms4Pq4B0bl"
        },
        {
            "nome": "Fulano da Silva",
            "email": "pepe@qa.com.br",
            "password": "teste",
            "administrador": "true",
            "_id": "BJCBXW2XfU4Ldf1w"
        },
        {
            "nome": "JENNIFER DAVIS",
            "email": "JENNIFER.DAVIS@sakilacustomer.org",
            "password": "pass_performa",
            "administrador": "true",
            "_id": "BMljF4fKyESW77P6"
        },
        {
            "nome": "Usuário Teste",
            "email": "teste4297@teste.com",
            "password": "12345",
            "administrador": "true",
            "_id": "BMsD8aAtmQxTntaq"
        },
        {
            "nome": "User B",
            "email": "userB.1759454974876@qa.com.br",
            "password": "def",
            "administrador": "true",
            "_id": "BY7eX5XhAPMTaBPV"
        },
        {
            "nome": "Usuario Teste",
            "email": "rzmu@emailteste.com",
            "password": "teste123",
            "administrador": "true",
            "_id": "BZM7dNmnEG8NFOcz"
        },
        {
            "nome": "Usuário Teste",
            "email": "teste5895@teste.com",
            "password": "12345",
            "administrador": "true",
            "_id": "BZpWAxlhy7h15S67"
        },
        {
            "nome": "Usuario @#$% Teste",
            "email": "teste1759416923@qa.com",
            "password": "teste123",
            "administrador": "false",
            "_id": "BdI4UrFxvFtLvjRF"
        },
        {
            "nome": "Fulano da Silva",
            "email": "CnFids@email.com",
            "password": "12345678901234567890",
            "administrador": "true",
            "_id": "BdlPLyczvT3qnkcE"
        },
        {
            "nome": "Janet Smith",
            "email": "Jessie.Toy82@yahoo.com",
            "password": "FnNX4xTFioBlZ9p",
            "administrador": "false",
            "_id": "BeHomuEPlNCFNxGe"
        },
        {
            "nome": "João",
            "email": "joão971@example.co",
            "password": "FHOvxh&amp;N",
            "administrador": "false",
            "_id": "BnnqrrRuOnM31R0E"
        },
        {
            "nome": "Usuario Teste",
            "email": "rtmi@emailteste.com",
            "password": "teste123",
            "administrador": "true",
            "_id": "BsalscTIlIKpbw7T"
        },
        {
            "nome": "Usuário Teste",
            "email": "teste4134@teste.com",
            "password": "12345",
            "administrador": "true",
            "_id": "Bu5GWTXJH4KnbLZd"
        },
        {
            "nome": "Annette",
            "email": "Treva36@yahoo.com",
            "password": "teste",
            "administrador": "true",
            "_id": "BuP3DdnBJKwvHRUB"
        },
        {
            "nome": "Usuário Teste",
            "email": "teste6646@teste.com",
            "password": "12345",
            "administrador": "true",
            "_id": "BxiSbqEqfFqD4z9S"
        },
        {
            "nome": "User B",
            "email": "userB.1759453183342@qa.com.br",
            "password": "def",
            "administrador": "true",
            "_id": "CAjKqH3LOTlYj2Yj"
        },
        {
            "nome": "Usuário Teste",
            "email": "teste4603@teste.com",
            "password": "12345",
            "administrador": "true",
            "_id": "CApOG72U6bjALWRN"
        },
        {
            "nome": "Usuario Teste 1759422037",
            "email": "teste1759422037@qa.com",
            "password": "teste123",
            "administrador": "false",
            "_id": "CKhLhe5eT7SYZJDk"
        },
        {
            "nome": "Usuário Duplicado",
            "email": "usuario.duplicado@email.com",
            "password": "123456",
            "administrador": "true",
            "_id": "CLIVni2vfdC7MdlA"
        },
        {
            "nome": "Mrs. Monique Ruecker",
            "email": "kennedi9@cypress.com",
            "password": "VDZZMgxn4YGx",
            "administrador": "true",
            "_id": "CWh5eG5681MKR9fI"
        },
        {
            "nome": "Fulano da Silva",
            "email": "crax@emailteste.com",
            "password": "1234",
            "administrador": "true",
            "_id": "CWnzLCndjbOoUzsF"
        },
        {
            "nome": "Fulano da Silva",
            "email": "CKtcma@email.com",
            "password": "12345678901234567890",
            "administrador": "true",
            "_id": "CZGXCk6nZ9pz70sD"
        },
        {
            "nome": "Usuario h31b4",
            "email": "usuarioh31b4@qa.com.br",
            "password": "123456",
            "administrador": "true",
            "_id": "CZw4ohDHpwWOJMmR"
        },
        {
            "nome": "QA Teste",
            "email": "kaique.teste1759435647304@gmail.com",
            "password": "123456",
            "administrador": "true",
            "_id": "CmLRQqNAvjZrpyYF"
        },
        {
            "nome": "Dewey Schinner",
            "email": "marcel.langosh67@qa.com",
            "password": "Teste@123",
            "administrador": "false",
            "_id": "Cs4SybEzPsGUcJx0"
        },
        {
            "nome": "User_246621",
            "email": "user_246621@example.com",
            "password": "Pass_246621",
            "administrador": "true",
            "_id": "CunrV7UdN4mZL4j7"
        },
        {
            "nome": "Usuario Um",
            "email": "user1@example.com",
            "password": "senha123",
            "administrador": "false",
            "_id": "D3RvtSaQ8rdIA50J"
        },
        {
            "nome": "Usuário Teste",
            "email": "teste5464@teste.com",
            "password": "12345",
            "administrador": "true",
            "_id": "D71eSoIfIMAte8az"
        },
        {
            "nome": "Usuario Teste 1759414596",
            "email": "teste1759414596@qa.com",
            "password": "teste123",
            "administrador": "true",
            "_id": "D8Ry7e88DTj94BsB"
        },
        {
            "email": "ci_test_user_1759444363392526118@example.com",
            "password": "12345",
            "nome": "Diego Patricio",
            "administrador": "true",
            "_id": "DA7T15AjpsX0w52p"
        },
        {
            "nome": "Usuário Teste",
            "email": "teste1101@teste.com",
            "password": "12345",
            "administrador": "true",
            "_id": "DANnGnChYawPL8QQ"
        },
        {
            "nome": "Usuario Teste 1759414611",
            "email": "teste1759414611@qa.com",
            "password": "teste123",
            "administrador": "false",
            "_id": "DEhx8H5nquUrSYYn"
        },
        {
            "nome": "Fulano da Silva",
            "email": "beltranoere@qa.com.br",
            "password": "teste",
            "administrador": "true",
            "_id": "DFhBVt3pg4YUHkXl"
        },
        {
            "nome": "carlos",
            "email": "carlos@exemplo.com",
            "password": "ABC123",
            "administrador": "true",
            "_id": "DHwIe3YFnpabO3Se"
        },
        {
            "nome": "Clash",
            "email": "user16890@test.com",
            "password": "Password123!",
            "administrador": "false",
            "_id": "DILnWe8sN9BK6n1s"
        },
        {
            "nome": "Andrea Kling",
            "email": "skye.greenfelder97@cypress.com",
            "password": "Wg3utIjcWUxf",
            "administrador": "true",
            "_id": "DJWOtA0cX5D444NY"
        },
        {
            "nome": "Usuario Teste 1759421850",
            "email": "teste1759421850@qa.com",
            "password": "teste123",
            "administrador": "false",
            "_id": "DQdxbTsox8k4rHFZ"
        },
        {
            "nome": "Fulano da Silva",
            "email": "beltrane@qa.com.br",
            "password": "teste",
            "administrador": "true",
            "_id": "DRQlbAHluu5ZhJ9R"
        },
        {
            "nome": "Fulano da Silva",
            "email": "BzJoym@email.com",
            "password": "12345678901234567890",
            "administrador": "true",
            "_id": "DSnapImPuAhSU21z"
        },
        {
            "nome": "Lucas",
            "email": "Bell.Ondricka@gmail.com",
            "password": "a&amp;0ayRIq",
            "administrador": "true",
            "_id": "DTbsuvIOl7WBpysA"
        },
        {
            "nome": "QA Teste",
            "email": "kaique.teste1759432986003@gmail.com",
            "password": "123456",
            "administrador": "true",
            "_id": "DUu2P00iM835OYik"
        },
        {
            "nome": "Leandro",
            "email": "leandrorisch4+12@gmail.com",
            "password": "lsrgit@2025",
            "administrador": "true",
            "_id": "DVncZcpP7Zy2EKnx"
        },
        {
            "nome": "Usuario de Teste",
            "email": "fulanosilvioab@qa.com",
            "password": "teste",
            "administrador": "true",
            "_id": "DZ3LTPgWzyBBC2Lq"
        },
        {
            "nome": "Usuario Teste 1759422254",
            "email": "teste1759422254@qa.com",
            "password": "teste123",
            "administrador": "false",
            "_id": "DblhyMUna1YMVvBx"
        },
        {
            "nome": "Leandro",
            "email": "leandrorisch4+1@gmail.com",
            "password": "lsrgit@2025",
            "administrador": "true",
            "_id": "DcBdCmIL60bDvacV"
        },
        {
            "nome": "Rafaela",
            "email": "rafaela492@fakeemail.co",
            "password": "*NRYUDsP",
            "administrador": "true",
            "_id": "DqBstxCQ0pq0ohSk"
        },
        {
            "nome": "User B",
            "email": "userB.1759456234646@qa.com.br",
[...]
<var>${email_comum}</var>
<kw name="Generate Random String" library="String">
<var>${random_string}</var>
<arg>8</arg>
<arg>[LOWER]</arg>
<doc>Generates a string with a desired ``length`` from the given ``chars``.</doc>
<msg timestamp="20251003 02:19:41.001" level="INFO">${random_string} = vgrwwyft</msg>
<status status="PASS" starttime="20251003 02:19:41.001" endtime="20251003 02:19:41.001"/>
</kw>
<kw name="Catenate" library="BuiltIn">
<var>${email}</var>
<arg>SEPARATOR=</arg>
<arg>teste_robot_${random_string}</arg>
<arg>@qa.com.br</arg>
<doc>Catenates the given items together and returns the resulted string.</doc>
<msg timestamp="20251003 02:19:41.001" level="INFO">${email} = teste_robot_vgrwwyft@qa.com.br</msg>
<status status="PASS" starttime="20251003 02:19:41.001" endtime="20251003 02:19:41.001"/>
</kw>
<msg timestamp="20251003 02:19:41.001" level="INFO">${email_comum} = teste_robot_vgrwwyft@qa.com.br</msg>
<status status="PASS" starttime="20251003 02:19:41.001" endtime="20251003 02:19:41.001"/>
</kw>
<kw name="Set Global Variable" library="BuiltIn">
<arg>${EMAIL_COMUM}</arg>
<arg>${email_comum}</arg>
<doc>Makes a variable available globally in all tests and suites.</doc>
<msg timestamp="20251003 02:19:41.001" level="INFO">${EMAIL_COMUM} = teste_robot_vgrwwyft@qa.com.br</msg>
<status status="PASS" starttime="20251003 02:19:41.001" endtime="20251003 02:19:41.001"/>
</kw>
<kw name="Criar Novo Usuario e Salvar ID" library="user_keyword">
<var>${response}</var>
<arg>${USER_COMUM.nome}</arg>
<arg>${email_comum}</arg>
<arg>${USER_COMUM.password}</arg>
<arg>${USER_COMUM.administrador}</arg>
<kw name="Create Dictionary" library="BuiltIn">
<var>${body}</var>
<arg>nome=${nome}</arg>
<arg>email=${email}</arg>
<arg>password=${password}</arg>
<arg>administrador=${administrador}</arg>
<doc>Creates and returns a dictionary based on the given ``items``.</doc>
<msg timestamp="20251003 02:19:41.003" level="INFO">${body} = {'nome': 'Usuario Comum', 'email': 'teste_robot_vgrwwyft@qa.com.br', 'password': 'Teste123', 'administrador': 'false'}</msg>
<status status="PASS" starttime="20251003 02:19:41.002" endtime="20251003 02:19:41.003"/>
</kw>
<kw name="POST On Session" library="RequestsLibrary">
<var>${response}</var>
<arg>${API_SESSION}</arg>
<arg>/usuarios</arg>
<arg>json=${body}</arg>
<arg>expected_status=201</arg>
<doc>Sends a POST request on a previously created HTTP Session.</doc>
<msg timestamp="20251003 02:19:41.176" level="DEBUG">https://serverest.dev:443 "POST /usuarios HTTP/1.1" 201 82</msg>
<msg timestamp="20251003 02:19:41.176" level="INFO">POST Request : url=https://serverest.dev/usuarios 
 path_url=/usuarios 
 headers={'User-Agent': 'python-requests/2.31.0', 'Accept-Encoding': 'gzip, deflate', 'Accept': '*/*', 'Connection': 'keep-alive', 'Content-Length': '118', 'Content-Type': 'application/json'} 
 body=b'{"nome": "Usuario Comum", "email": "teste_robot_vgrwwyft@qa.com.br", "password": "Teste123", "administrador": "false"}' 
 </msg>
<msg timestamp="20251003 02:19:41.176" level="INFO">POST Response : url=https://serverest.dev/usuarios 
 status=201, reason=Created 
 headers={'access-control-allow-origin': '*', 'x-dns-prefetch-control': 'off', 'x-frame-options': 'SAMEORIGIN', 'strict-transport-security': 'max-age=15552000; includeSubDomains', 'x-download-options': 'noopen', 'x-content-type-options': 'nosniff', 'x-xss-protection': '1; mode=block', 'content-type': 'application/json; charset=utf-8', 'x-cloud-trace-context': '89df97f054c731789f89d75f5fb3b72e', 'date': 'Fri, 03 Oct 2025 05:19:35 GMT', 'server': 'Google Frontend', 'Content-Length': '82'} 
 body={
    "message": "Cadastro realizado com sucesso",
    "_id": "Q6rPt4mCLjcC7Lkq"
} 
 </msg>
<msg timestamp="20251003 02:19:41.176" level="INFO">C:\Users\ghepp\AppData\Roaming\Python\Python313\site-packages\urllib3\connectionpool.py:1097: InsecureRequestWarning: Unverified HTTPS request is being made to host 'serverest.dev'. Adding certificate verification is strongly advised. See: https://urllib3.readthedocs.io/en/latest/advanced-usage.html#tls-warnings
  warnings.warn(</msg>
<msg timestamp="20251003 02:19:41.176" level="INFO">${response} = &lt;Response [201]&gt;</msg>
<status status="PASS" starttime="20251003 02:19:41.003" endtime="20251003 02:19:41.176"/>
</kw>
<kw name="Set Variable" library="BuiltIn">
<var>${user_id}</var>
<arg>${response.json()['_id']}</arg>
<doc>Returns the given values which can then be assigned to a variables.</doc>
<msg timestamp="20251003 02:19:41.177" level="INFO">${user_id} = Q6rPt4mCLjcC7Lkq</msg>
<status status="PASS" starttime="20251003 02:19:41.176" endtime="20251003 02:19:41.177"/>
</kw>
<kw name="Set Suite Variable" library="BuiltIn">
<arg>${USER_ID}</arg>
<arg>${user_id}</arg>
<doc>Makes a variable available everywhere within the scope of the current suite.</doc>
<msg timestamp="20251003 02:19:41.177" level="INFO">${USER_ID} = Q6rPt4mCLjcC7Lkq</msg>
<status status="PASS" starttime="20251003 02:19:41.177" endtime="20251003 02:19:41.177"/>
</kw>
<msg timestamp="20251003 02:19:41.177" level="INFO">${response} = &lt;Response [201]&gt;</msg>
<status status="PASS" starttime="20251003 02:19:41.001" endtime="20251003 02:19:41.177"/>
</kw>
<kw name="Should Be Equal As Strings" library="BuiltIn">
<arg>${response.json()['message']}</arg>
<arg>Cadastro realizado com sucesso</arg>
<doc>Fails if objects are unequal after converting them to strings.</doc>
<msg timestamp="20251003 02:19:41.178" level="DEBUG">Argument types are:
&lt;class 'str'&gt;
&lt;class 'str'&gt;</msg>
<status status="PASS" starttime="20251003 02:19:41.177" endtime="20251003 02:19:41.178"/>
</kw>
<status status="PASS" starttime="20251003 02:19:41.000" endtime="20251003 02:19:41.178"/>
</kw>
<kw name="Tentar cadastrar usuario com email duplicado" library="user_keyword">
<kw name="Create Dictionary" library="BuiltIn">
<var>${body}</var>
<arg>nome=Outro Nome</arg>
<arg>email=${EMAIL_COMUM}</arg>
<arg>password=outrasenha</arg>
<arg>administrador=false</arg>
<doc>Creates and returns a dictionary based on the given ``items``.</doc>
<msg timestamp="20251003 02:19:41.178" level="INFO">${body} = {'nome': 'Outro Nome', 'email': 'teste_robot_vgrwwyft@qa.com.br', 'password': 'outrasenha', 'administrador': 'false'}</msg>
<status status="PASS" starttime="20251003 02:19:41.178" endtime="20251003 02:19:41.178"/>
</kw>
<kw name="POST On Session" library="RequestsLibrary">
<var>${response}</var>
<arg>${API_SESSION}</arg>
<arg>/usuarios</arg>
<arg>json=${body}</arg>
<arg>expected_status=400</arg>
<doc>Sends a POST request on a previously created HTTP Session.</doc>
<msg timestamp="20251003 02:19:41.351" level="DEBUG">https://serverest.dev:443 "POST /usuarios HTTP/1.1" 400 53</msg>
<msg timestamp="20251003 02:19:41.351" level="INFO">POST Request : url=https://serverest.dev/usuarios 
 path_url=/usuarios 
 headers={'User-Agent': 'python-requests/2.31.0', 'Accept-Encoding': 'gzip, deflate', 'Accept': '*/*', 'Connection': 'keep-alive', 'Content-Length': '117', 'Content-Type': 'application/json'} 
 body=b'{"nome": "Outro Nome", "email": "teste_robot_vgrwwyft@qa.com.br", "password": "outrasenha", "administrador": "false"}' 
 </msg>
<msg timestamp="20251003 02:19:41.351" level="INFO">POST Response : url=https://serverest.dev/usuarios 
 status=400, reason=Bad Request 
 headers={'access-control-allow-origin': '*', 'x-dns-prefetch-control': 'off', 'x-frame-options': 'SAMEORIGIN', 'strict-transport-security': 'max-age=15552000; includeSubDomains', 'x-download-options': 'noopen', 'x-content-type-options': 'nosniff', 'x-xss-protection': '1; mode=block', 'content-type': 'application/json; charset=utf-8', 'x-cloud-trace-context': 'b8767a760ec653e19f89d75f5fb3b072', 'date': 'Fri, 03 Oct 2025 05:19:35 GMT', 'server': 'Google Frontend', 'Content-Length': '53'} 
 body={
    "message": "Este email já está sendo usado"
} 
 </msg>
<msg timestamp="20251003 02:19:41.351" level="INFO">C:\Users\ghepp\AppData\Roaming\Python\Python313\site-packages\urllib3\connectionpool.py:1097: InsecureRequestWarning: Unverified HTTPS request is being made to host 'serverest.dev'. Adding certificate verification is strongly advised. See: https://urllib3.readthedocs.io/en/latest/advanced-usage.html#tls-warnings
  warnings.warn(</msg>
<msg timestamp="20251003 02:19:41.351" level="INFO">${response} = &lt;Response [400]&gt;</msg>
<status status="PASS" starttime="20251003 02:19:41.178" endtime="20251003 02:19:41.351"/>
</kw>
<kw name="Should Be Equal As Strings" library="BuiltIn">
<arg>${response.json()['message']}</arg>
<arg>Este email já está sendo usado</arg>
<doc>Fails if objects are unequal after converting them to strings.</doc>
<msg timestamp="20251003 02:19:41.352" level="DEBUG">Argument types are:
&lt;class 'str'&gt;
&lt;class 'str'&gt;</msg>
<status status="PASS" starttime="20251003 02:19:41.351" endtime="20251003 02:19:41.352"/>
</kw>
<status status="PASS" starttime="20251003 02:19:41.178" endtime="20251003 02:19:41.352"/>
</kw>
<kw name="Buscar usuario por ID e validar dados" library="user_keyword">
<kw name="GET On Session" library="RequestsLibrary">
<var>${response}</var>
<arg>${API_SESSION}</arg>
<arg>/usuarios/${USER_ID}</arg>
<doc>Sends a GET request on a previously created HTTP Session.</doc>
<msg timestamp="20251003 02:19:41.523" level="DEBUG">https://serverest.dev:443 "GET /usuarios/Q6rPt4mCLjcC7Lkq HTTP/1.1" 200 167</msg>
<msg timestamp="20251003 02:19:41.523" level="INFO">GET Request : url=https://serverest.dev/usuarios/Q6rPt4mCLjcC7Lkq 
 path_url=/usuarios/Q6rPt4mCLjcC7Lkq 
 headers={'User-Agent': 'python-requests/2.31.0', 'Accept-Encoding': 'gzip, deflate', 'Accept': '*/*', 'Connection': 'keep-alive'} 
 body=None 
 </msg>
<msg timestamp="20251003 02:19:41.523" level="INFO">GET Response : url=https://serverest.dev/usuarios/Q6rPt4mCLjcC7Lkq 
 status=200, reason=OK 
 headers={'access-control-allow-origin': '*', 'x-dns-prefetch-control': 'off', 'x-frame-options': 'SAMEORIGIN', 'strict-transport-security': 'max-age=15552000; includeSubDomains', 'x-download-options': 'noopen', 'x-content-type-options': 'nosniff', 'x-xss-protection': '1; mode=block', 'content-type': 'application/json; charset=utf-8', 'x-cloud-trace-context': 'a224312f499ed4419f89d75f5fb3b2f3', 'date': 'Fri, 03 Oct 2025 05:19:35 GMT', 'server': 'Google Frontend', 'Content-Length': '167'} 
 body={
    "nome": "Usuario Comum",
    "email": "teste_robot_vgrwwyft@qa.com.br",
    "password": "Teste123",
    "administrador": "false",
    "_id": "Q6rPt4mCLjcC7Lkq"
} 
 </msg>
<msg timestamp="20251003 02:19:41.523" level="INFO">C:\Users\ghepp\AppData\Roaming\Python\Python313\site-packages\urllib3\connectionpool.py:1097: InsecureRequestWarning: Unverified HTTPS request is being made to host 'serverest.dev'. Adding certificate verification is strongly advised. See: https://urllib3.readthedocs.io/en/latest/advanced-usage.html#tls-warnings
  warnings.warn(</msg>
<msg timestamp="20251003 02:19:41.523" level="INFO">${response} = &lt;Response [200]&gt;</msg>
<status status="PASS" starttime="20251003 02:19:41.352" endtime="20251003 02:19:41.523"/>
</kw>
<kw name="Status Should Be" library="RequestsLibrary">
<arg>200</arg>
<arg>${response}</arg>
<doc>Fails if response status code is different than the expected.</doc>
<status status="PASS" starttime="20251003 02:19:41.523" endtime="20251003 02:19:41.524"/>
</kw>
<kw name="Should Be Equal As Strings" library="BuiltIn">
<arg>${response.json()['nome']}</arg>
<arg>${USER_COMUM.nome}</arg>
<doc>Fails if objects are unequal after converting them to strings.</doc>
<msg timestamp="20251003 02:19:41.524" level="DEBUG">Argument types are:
&lt;class 'str'&gt;
&lt;class 'str'&gt;</msg>
<status status="PASS" starttime="20251003 02:19:41.524" endtime="20251003 02:19:41.524"/>
</kw>
<kw name="Should Be Equal As Strings" library="BuiltIn">
<arg>${response.json()['email']}</arg>
<arg>${EMAIL_COMUM}</arg>
<doc>Fails if objects are unequal after converting them to strings.</doc>
<msg timestamp="20251003 02:19:41.525" level="DEBUG">Argument types are:
&lt;class 'str'&gt;
&lt;class 'str'&gt;</msg>
<status status="PASS" starttime="20251003 02:19:41.524" endtime="20251003 02:19:41.525"/>
</kw>
<status status="PASS" starttime="20251003 02:19:41.352" endtime="20251003 02:19:41.525"/>
</kw>
<kw name="Editar usuario com sucesso" library="user_keyword">
<kw name="Create Dictionary" library="BuiltIn">
<var>${body}</var>
<arg>nome=Nome Alterado Robot</arg>
<arg>email=${EMAIL_COMUM}</arg>
<arg>password=senhaalterada</arg>
<arg>administrador=false</arg>
<doc>Creates and returns a dictionary based on the given ``items``.</doc>
<msg timestamp="20251003 02:19:41.525" level="INFO">${body} = {'nome': 'Nome Alterado Robot', 'email': 'teste_robot_vgrwwyft@qa.com.br', 'password': 'senhaalterada', 'administrador': 'false'}</msg>
<status status="PASS" starttime="20251003 02:19:41.525" endtime="20251003 02:19:41.525"/>
</kw>
<kw name="PUT On Session" library="RequestsLibrary">
<var>${response}</var>
<arg>${API_SESSION}</arg>
<arg>/usuarios/${USER_ID}</arg>
<arg>json=${body}</arg>
<doc>Sends a PUT request on a previously created HTTP Session.</doc>
<msg timestamp="20251003 02:19:41.697" level="DEBUG">https://serverest.dev:443 "PUT /usuarios/Q6rPt4mCLjcC7Lkq HTTP/1.1" 200 50</msg>
<msg timestamp="20251003 02:19:41.697" level="INFO">PUT Request : url=https://serverest.dev/usuarios/Q6rPt4mCLjcC7Lkq 
 path_url=/usuarios/Q6rPt4mCLjcC7Lkq 
 headers={'User-Agent': 'python-requests/2.31.0', 'Accept-Encoding': 'gzip, deflate', 'Accept': '*/*', 'Connection': 'keep-alive', 'Content-Length': '129', 'Content-Type': 'application/json'} 
 body=b'{"nome": "Nome Alterado Robot", "email": "teste_robot_vgrwwyft@qa.com.br", "password": "senhaalterada", "administrador": "false"}' 
 </msg>
<msg timestamp="20251003 02:19:41.697" level="INFO">PUT Response : url=https://serverest.dev/usuarios/Q6rPt4mCLjcC7Lkq 
 status=200, reason=OK 
 headers={'access-control-allow-origin': '*', 'x-dns-prefetch-control': 'off', 'x-frame-options': 'SAMEORIGIN', 'strict-transport-security': 'max-age=15552000; includeSubDomains', 'x-download-options': 'noopen', 'x-content-type-options': 'nosniff', 'x-xss-protection': '1; mode=block', 'content-type': 'application/json; charset=utf-8', 'x-cloud-trace-context': 'b99f6945c16dde419f89d75f5fb3b827', 'date': 'Fri, 03 Oct 2025 05:19:35 GMT', 'server': 'Google Frontend', 'Content-Length': '50'} 
 body={
    "message": "Registro alterado com sucesso"
} 
 </msg>
<msg timestamp="20251003 02:19:41.697" level="INFO">C:\Users\ghepp\AppData\Roaming\Python\Python313\site-packages\urllib3\connectionpool.py:1097: InsecureRequestWarning: Unverified HTTPS request is being made to host 'serverest.dev'. Adding certificate verification is strongly advised. See: https://urllib3.readthedocs.io/en/latest/advanced-usage.html#tls-warnings
  warnings.warn(</msg>
<msg timestamp="20251003 02:19:41.698" level="INFO">${response} = &lt;Response [200]&gt;</msg>
<status status="PASS" starttime="20251003 02:19:41.525" endtime="20251003 02:19:41.698"/>
</kw>
<kw name="Status Should Be" library="RequestsLibrary">
<arg>200</arg>
<arg>${response}</arg>
<doc>Fails if response status code is different than the expected.</doc>
<status status="PASS" starttime="20251003 02:19:41.698" endtime="20251003 02:19:41.699"/>
</kw>
<kw name="Should Be Equal As Strings" library="BuiltIn">
<arg>${response.json()['message']}</arg>
<arg>Registro alterado com sucesso</arg>
<doc>Fails if objects are unequal after converting them to strings.</doc>
<msg timestamp="20251003 02:19:41.700" level="DEBUG">Argument types are:
&lt;class 'str'&gt;
&lt;class 'str'&gt;</msg>
<status status="PASS" starttime="20251003 02:19:41.699" endtime="20251003 02:19:41.700"/>
</kw>
<status status="PASS" starttime="20251003 02:19:41.525" endtime="20251003 02:19:41.700"/>
</kw>
<kw name="Excluir usuario com sucesso" library="user_keyword">
<kw name="DELETE On Session" library="RequestsLibrary">
<var>${response}</var>
<arg>${API_SESSION}</arg>
<arg>/usuarios/${USER_ID}</arg>
<doc>Sends a DELETE request on a previously created HTTP Session.</doc>
<msg timestamp="20251003 02:19:41.873" level="DEBUG">https://serverest.dev:443 "DELETE /usuarios/Q6rPt4mCLjcC7Lkq HTTP/1.1" 200 51</msg>
<msg timestamp="20251003 02:19:41.874" level="INFO">DELETE Request : url=https://serverest.dev/usuarios/Q6rPt4mCLjcC7Lkq 
 path_url=/usuarios/Q6rPt4mCLjcC7Lkq 
 headers={'User-Agent': 'python-requests/2.31.0', 'Accept-Encoding': 'gzip, deflate', 'Accept': '*/*', 'Connection': 'keep-alive', 'Content-Length': '0'} 
 body=None 
 </msg>
<msg timestamp="20251003 02:19:41.874" level="INFO">DELETE Response : url=https://serverest.dev/usuarios/Q6rPt4mCLjcC7Lkq 
 status=200, reason=OK 
 headers={'access-control-allow-origin': '*', 'x-dns-prefetch-control': 'off', 'x-frame-options': 'SAMEORIGIN', 'strict-transport-security': 'max-age=15552000; includeSubDomains', 'x-download-options': 'noopen', 'x-content-type-options': 'nosniff', 'x-xss-protection': '1; mode=block', 'content-type': 'application/json; charset=utf-8', 'x-cloud-trace-context': '4d6e27726f2ae2b39f89d75f5fb3b1a4', 'date': 'Fri, 03 Oct 2025 05:19:36 GMT', 'server': 'Google Frontend', 'Content-Length': '51'} 
 body={
    "message": "Registro excluído com sucesso"
} 
 </msg>
<msg timestamp="20251003 02:19:41.874" level="INFO">C:\Users\ghepp\AppData\Roaming\Python\Python313\site-packages\urllib3\connectionpool.py:1097: InsecureRequestWarning: Unverified HTTPS request is being made to host 'serverest.dev'. Adding certificate verification is strongly advised. See: https://urllib3.readthedocs.io/en/latest/advanced-usage.html#tls-warnings
  warnings.warn(</msg>
<msg timestamp="20251003 02:19:41.876" level="INFO">${response} = &lt;Response [200]&gt;</msg>
<status status="PASS" starttime="20251003 02:19:41.701" endtime="20251003 02:19:41.876"/>
</kw>
<kw name="Status Should Be" library="RequestsLibrary">
<arg>200</arg>
<arg>${response}</arg>
<doc>Fails if response status code is different than the expected.</doc>
<status status="PASS" starttime="20251003 02:19:41.876" endtime="20251003 02:19:41.877"/>
</kw>
<kw name="Should Be Equal As Strings" library="BuiltIn">
<arg>${response.json()['message']}</arg>
<arg>Registro excluído com sucesso</arg>
<doc>Fails if objects are unequal after converting them to strings.</doc>
<msg timestamp="20251003 02:19:41.879" level="DEBUG">Argument types are:
&lt;class 'str'&gt;
&lt;class 'str'&gt;</msg>
<status status="PASS" starttime="20251003 02:19:41.877" endtime="20251003 02:19:41.879"/>
</kw>
<status status="PASS" starttime="20251003 02:19:41.700" endtime="20251003 02:19:41.879"/>
</kw>
<tag>usuarios</tag>
<status status="PASS" starttime="20251003 02:19:39.607" endtime="20251003 02:19:41.880"/>
</test>
<kw name="Delete All Sessions" library="RequestsLibrary" type="TEARDOWN">
<doc>Removes all the session objects</doc>
<msg timestamp="20251003 02:19:41.884" level="INFO">Deleting All Sessions</msg>
<status status="PASS" starttime="20251003 02:19:41.884" endtime="20251003 02:19:41.885"/>
</kw>
<status status="PASS" starttime="20251003 02:19:39.598" endtime="20251003 02:19:41.885"/>
</suite>
<status status="PASS" starttime="20251003 02:19:34.862" endtime="20251003 02:19:41.889"/>
</suite>
<statistics>
<total>
<stat pass="4" fail="0" skip="0">All Tests</stat>
</total>
<tag>
<stat pass="1" fail="0" skip="0">carrinhos</stat>
<stat pass="1" fail="0" skip="0">login</stat>
<stat pass="2" fail="0" skip="0">usuarios</stat>
</tag>
<suite>
<stat pass="4" fail="0" skip="0" id="s1" name="Tests">Tests</stat>
<stat pass="1" fail="0" skip="0" id="s1-s1" name="Carrinho Test">Tests.Carrinho Test</stat>
<stat pass="1" fail="0" skip="0" id="s1-s2" name="Login Test">Tests.Login Test</stat>
<stat pass="1" fail="0" skip="0" id="s1-s3" name="Product Test">Tests.Product Test</stat>
<stat pass="1" fail="0" skip="0" id="s1-s4" name="User Test">Tests.User Test</stat>
</suite>
</statistics>
<errors>
</errors>
</robot>
