<?xml version="1.0" encoding="UTF-8"?>
<robot generator="Robot 6.1.1 (Python 3.13.5 on win32)" generated="20251002 01:10:23.506" rpa="false" schemaversion="4">
<suite id="s1" name="Tests" source="C:\Users\ghepp\Compass_Challenge_03\tests">
<suite id="s1-s1" name="Carrinho Test" source="C:\Users\ghepp\Compass_Challenge_03\tests\carrinho_test.robot">
<test id="s1-s1-t1" name="Fluxo de Carrinhos (Requer Autenticacao)" line="12">
<kw name="Setup para Testes de Carrinho" library="carrinho_keyword" type="SETUP">
<doc>Setup específico para testes de carrinho - cria usuário, faz login e cadastra produto</doc>
<kw name="Create Session" library="RequestsLibrary">
<arg>${API_SESSION}</arg>
<arg>${BASE_URL}</arg>
<arg>timeout=${TIMEOUT}</arg>
<doc>Create Session: create a HTTP session to a server</doc>
<msg timestamp="20251002 01:10:23.764" level="INFO">Creating Session using : alias=serverest, url=https://serverest.dev, headers={},                     cookies={}, auth=None, timeout=120, proxies=None, verify=False,                     debug=0 </msg>
<msg timestamp="20251002 01:10:23.764" level="DEBUG">Creating session: serverest</msg>
<status status="PASS" starttime="20251002 01:10:23.764" endtime="20251002 01:10:23.765"/>
</kw>
<kw name="Criar Novo Usuario e Salvar ID" library="user_keyword">
<arg>${USER_ADMIN.nome}</arg>
<arg>${EMAIL_ADMIN}</arg>
<arg>${USER_ADMIN.password}</arg>
<arg>${USER_ADMIN.administrador}</arg>
<kw name="Create Dictionary" library="BuiltIn">
<var>${body}</var>
<arg>nome=${nome}</arg>
<arg>email=${email}</arg>
<arg>password=${password}</arg>
<arg>administrador=${administrador}</arg>
<doc>Creates and returns a dictionary based on the given ``items``.</doc>
<msg timestamp="20251002 01:10:23.766" level="INFO">${body} = {'nome': 'Usuario Admin', 'email': 'admin_robot_125@qa.com.br', 'password': 'Teste123', 'administrador': 'true'}</msg>
<status status="PASS" starttime="20251002 01:10:23.766" endtime="20251002 01:10:23.766"/>
</kw>
<kw name="POST On Session" library="RequestsLibrary">
<var>${response}</var>
<arg>${API_SESSION}</arg>
<arg>/usuarios</arg>
<arg>json=${body}</arg>
<arg>expected_status=201</arg>
<doc>Sends a POST request on a previously created HTTP Session.</doc>
<msg timestamp="20251002 01:10:23.772" level="DEBUG">Starting new HTTPS connection (1): serverest.dev:443</msg>
<msg timestamp="20251002 01:10:24.224" level="DEBUG">https://serverest.dev:443 "POST /usuarios HTTP/1.1" 400 53</msg>
<msg timestamp="20251002 01:10:24.225" level="INFO">POST Request : url=https://serverest.dev/usuarios 
 path_url=/usuarios 
 headers={'User-Agent': 'python-requests/2.31.0', 'Accept-Encoding': 'gzip, deflate', 'Accept': '*/*', 'Connection': 'keep-alive', 'Content-Length': '112', 'Content-Type': 'application/json'} 
 body=b'{"nome": "Usuario Admin", "email": "admin_robot_125@qa.com.br", "password": "Teste123", "administrador": "true"}' 
 </msg>
<msg timestamp="20251002 01:10:24.226" level="INFO">POST Response : url=https://serverest.dev/usuarios 
 status=400, reason=Bad Request 
 headers={'access-control-allow-origin': '*', 'x-dns-prefetch-control': 'off', 'x-frame-options': 'SAMEORIGIN', 'strict-transport-security': 'max-age=15552000; includeSubDomains', 'x-download-options': 'noopen', 'x-content-type-options': 'nosniff', 'x-xss-protection': '1; mode=block', 'content-type': 'application/json; charset=utf-8', 'x-cloud-trace-context': 'c9045c8ce4c72ac2177f9e90edb0e0c2', 'date': 'Thu, 02 Oct 2025 04:10:21 GMT', 'server': 'Google Frontend', 'Content-Length': '53'} 
 body={
    "message": "Este email já está sendo usado"
} 
 </msg>
<msg timestamp="20251002 01:10:24.226" level="INFO">C:\Users\ghepp\AppData\Roaming\Python\Python313\site-packages\urllib3\connectionpool.py:1097: InsecureRequestWarning: Unverified HTTPS request is being made to host 'serverest.dev'. Adding certificate verification is strongly advised. See: https://urllib3.readthedocs.io/en/latest/advanced-usage.html#tls-warnings
  warnings.warn(</msg>
<msg timestamp="20251002 01:10:24.228" level="FAIL">Url: https://serverest.dev/usuarios Expected status: 400 != 201</msg>
<msg timestamp="20251002 01:10:24.233" level="DEBUG">Traceback (most recent call last):
  File "C:\Users\ghepp\AppData\Roaming\Python\Python313\site-packages\RequestsLibrary\utils.py", line 154, in decorator
    return func(*args, **kwargs)
  File "C:\Users\ghepp\AppData\Roaming\Python\Python313\site-packages\RequestsLibrary\RequestsOnSessionKeywords.py", line 62, in post_on_session
    self._check_status(expected_status, response, msg)
    ~~~~~~~~~~~~~~~~~~^^^^^^^^^^^^^^^^^^^^^^^^^^^^^^^^
  File "C:\Users\ghepp\AppData\Roaming\Python\Python313\site-packages\RequestsLibrary\SessionKeywords.py", line 582, in _check_status
    assert_equal(resp.status_code, expected_status, msg)
    ~~~~~~~~~~~~^^^^^^^^^^^^^^^^^^^^^^^^^^^^^^^^^^^^^^^^
  File "C:\Users\ghepp\AppData\Roaming\Python\Python313\site-packages\robot\utils\asserts.py", line 181, in assert_equal
    _report_inequality(first, second, '!=', msg, values, formatter)
    ~~~~~~~~~~~~~~~~~~^^^^^^^^^^^^^^^^^^^^^^^^^^^^^^^^^^^^^^^^^^^^^
  File "C:\Users\ghepp\AppData\Roaming\Python\Python313\site-packages\robot\utils\asserts.py", line 230, in _report_inequality
    raise AssertionError(msg)
AssertionError: Url: https://serverest.dev/usuarios Expected status: 400 != 201</msg>
<status status="FAIL" starttime="20251002 01:10:23.766" endtime="20251002 01:10:24.233"/>
</kw>
<kw name="Set Variable" library="BuiltIn">
<var>${user_id}</var>
<arg>${response.json()['_id']}</arg>
<doc>Returns the given values which can then be assigned to a variables.</doc>
<status status="NOT RUN" starttime="20251002 01:10:24.233" endtime="20251002 01:10:24.233"/>
</kw>
<kw name="Set Suite Variable" library="BuiltIn">
<arg>${USER_ID}</arg>
<arg>${user_id}</arg>
<doc>Makes a variable available everywhere within the scope of the current suite.</doc>
<status status="NOT RUN" starttime="20251002 01:10:24.234" endtime="20251002 01:10:24.234"/>
</kw>
<status status="FAIL" starttime="20251002 01:10:23.765" endtime="20251002 01:10:24.234"/>
</kw>
<kw name="Fazer Login e Salvar Token" library="login_keyword">
<arg>${EMAIL_ADMIN}</arg>
<arg>${USER_ADMIN.password}</arg>
<status status="NOT RUN" starttime="20251002 01:10:24.234" endtime="20251002 01:10:24.234"/>
</kw>
<kw name="Cadastrar Novo Produto e Salvar ID" library="product_keyword">
<arg>${PRODUTO.nome}</arg>
<arg>${PRODUTO.preco}</arg>
<arg>${PRODUTO.descricao}</arg>
<arg>${PRODUTO.quantidade}</arg>
<status status="NOT RUN" starttime="20251002 01:10:24.234" endtime="20251002 01:10:24.234"/>
</kw>
<status status="FAIL" starttime="20251002 01:10:23.764" endtime="20251002 01:10:24.234"/>
</kw>
<tag>carrinhos</tag>
<status status="FAIL" starttime="20251002 01:10:23.764" endtime="20251002 01:10:24.234">Setup failed:
Url: https://serverest.dev/usuarios Expected status: 400 != 201</status>
</test>
<kw name="Delete All Sessions" library="RequestsLibrary" type="TEARDOWN">
<doc>Removes all the session objects</doc>
<msg timestamp="20251002 01:10:24.236" level="INFO">Deleting All Sessions</msg>
<status status="PASS" starttime="20251002 01:10:24.236" endtime="20251002 01:10:24.236"/>
</kw>
<status status="FAIL" starttime="20251002 01:10:23.536" endtime="20251002 01:10:24.236"/>
</suite>
<suite id="s1-s2" name="Login Test" source="C:\Users\ghepp\Compass_Challenge_03\tests\login_test.robot">
<test id="s1-s2-t1" name="Fluxo de Login" line="12">
<kw name="Realizar login com sucesso" library="login_keyword">
<kw name="Create Session" library="RequestsLibrary">
<arg>${API_SESSION}</arg>
<arg>${BASE_URL}</arg>
<arg>timeout=${TIMEOUT}</arg>
<doc>Create Session: create a HTTP session to a server</doc>
<msg timestamp="20251002 01:10:24.249" level="INFO">Creating Session using : alias=serverest, url=https://serverest.dev, headers={},                     cookies={}, auth=None, timeout=120, proxies=None, verify=False,                     debug=0 </msg>
<msg timestamp="20251002 01:10:24.249" level="DEBUG">Creating session: serverest</msg>
<status status="PASS" starttime="20251002 01:10:24.248" endtime="20251002 01:10:24.249"/>
</kw>
<kw name="Fazer Login e Salvar Token" library="login_keyword">
<var>${response}</var>
<arg>${EMAIL_ADMIN}</arg>
<arg>${USER_ADMIN.password}</arg>
<kw name="Create Dictionary" library="BuiltIn">
<var>${body}</var>
<arg>email=${email}</arg>
<arg>password=${password}</arg>
<doc>Creates and returns a dictionary based on the given ``items``.</doc>
<msg timestamp="20251002 01:10:24.250" level="INFO">${body} = {'email': 'admin_robot_125@qa.com.br', 'password': 'Teste123'}</msg>
<status status="PASS" starttime="20251002 01:10:24.249" endtime="20251002 01:10:24.250"/>
</kw>
<kw name="POST On Session" library="RequestsLibrary">
<var>${response}</var>
<arg>${API_SESSION}</arg>
<arg>/login</arg>
<arg>json=${body}</arg>
<arg>expected_status=200</arg>
<doc>Sends a POST request on a previously created HTTP Session.</doc>
<msg timestamp="20251002 01:10:24.251" level="DEBUG">Starting new HTTPS connection (1): serverest.dev:443</msg>
<msg timestamp="20251002 01:10:24.708" level="DEBUG">https://serverest.dev:443 "POST /login HTTP/1.1" 200 285</msg>
<msg timestamp="20251002 01:10:24.708" level="INFO">POST Request : url=https://serverest.dev/login 
 path_url=/login 
 headers={'User-Agent': 'python-requests/2.31.0', 'Accept-Encoding': 'gzip, deflate', 'Accept': '*/*', 'Connection': 'keep-alive', 'Content-Length': '62', 'Content-Type': 'application/json'} 
 body=b'{"email": "admin_robot_125@qa.com.br", "password": "Teste123"}' 
 </msg>
<msg timestamp="20251002 01:10:24.708" level="INFO">POST Response : url=https://serverest.dev/login 
 status=200, reason=OK 
 headers={'access-control-allow-origin': '*', 'x-dns-prefetch-control': 'off', 'x-frame-options': 'SAMEORIGIN', 'strict-transport-security': 'max-age=15552000; includeSubDomains', 'x-download-options': 'noopen', 'x-content-type-options': 'nosniff', 'x-xss-protection': '1; mode=block', 'content-type': 'application/json; charset=utf-8', 'x-cloud-trace-context': '3dea24571b856ee46be8d80f0d4c71cc', 'date': 'Thu, 02 Oct 2025 04:10:21 GMT', 'server': 'Google Frontend', 'Content-Length': '285'} 
 body={
    "message": "Login realizado com sucesso",
    "authorization": "Bearer eyJhbGciOiJIUzI1NiIsInR5cCI6IkpXVCJ9.eyJlbWFpbCI6ImFkbWluX3JvYm90XzEyNUBxYS5jb20uYnIiLCJwYXNzd29yZCI6IlRlc3RlMTIzIiwiaWF0IjoxNzU5Mzc4MjIxLCJleHAiOjE3NTkzNzg4MjF9.EG-lUE5oZKusTL4eMGuVnmlvKwclr0vm-uYg1pXHt9Y"
} 
 </msg>
<msg timestamp="20251002 01:10:24.709" level="INFO">C:\Users\ghepp\AppData\Roaming\Python\Python313\site-packages\urllib3\connectionpool.py:1097: InsecureRequestWarning: Unverified HTTPS request is being made to host 'serverest.dev'. Adding certificate verification is strongly advised. See: https://urllib3.readthedocs.io/en/latest/advanced-usage.html#tls-warnings
  warnings.warn(</msg>
<msg timestamp="20251002 01:10:24.710" level="INFO">${response} = &lt;Response [200]&gt;</msg>
<status status="PASS" starttime="20251002 01:10:24.250" endtime="20251002 01:10:24.710"/>
</kw>
<kw name="Set Variable" library="BuiltIn">
<var>${auth_header}</var>
<arg>${response.json()['authorization']}</arg>
<doc>Returns the given values which can then be assigned to a variables.</doc>
<msg timestamp="20251002 01:10:24.710" level="INFO">${auth_header} = Bearer eyJhbGciOiJIUzI1NiIsInR5cCI6IkpXVCJ9.eyJlbWFpbCI6ImFkbWluX3JvYm90XzEyNUBxYS5jb20uYnIiLCJwYXNzd29yZCI6IlRlc3RlMTIzIiwiaWF0IjoxNzU5Mzc4MjIxLCJleHAiOjE3NTkzNzg4MjF9.EG-lUE5oZKusTL4eMGuVnmlvKwclr0v...</msg>
<status status="PASS" starttime="20251002 01:10:24.710" endtime="20251002 01:10:24.710"/>
</kw>
<kw name="Set Global Variable" library="BuiltIn">
<arg>${AUTH_HEADER}</arg>
<arg>${auth_header}</arg>
<doc>Makes a variable available globally in all tests and suites.</doc>
<msg timestamp="20251002 01:10:24.711" level="INFO">${AUTH_HEADER} = Bearer eyJhbGciOiJIUzI1NiIsInR5cCI6IkpXVCJ9.eyJlbWFpbCI6ImFkbWluX3JvYm90XzEyNUBxYS5jb20uYnIiLCJwYXNzd29yZCI6IlRlc3RlMTIzIiwiaWF0IjoxNzU5Mzc4MjIxLCJleHAiOjE3NTkzNzg4MjF9.EG-lUE5oZKusTL4eMGuVnmlvKwclr0v...</msg>
<status status="PASS" starttime="20251002 01:10:24.711" endtime="20251002 01:10:24.711"/>
</kw>
<msg timestamp="20251002 01:10:24.711" level="INFO">${response} = &lt;Response [200]&gt;</msg>
<status status="PASS" starttime="20251002 01:10:24.249" endtime="20251002 01:10:24.711"/>
</kw>
<kw name="Dictionary Should Contain Key" library="Collections">
<arg>${response.json()}</arg>
<arg>authorization</arg>
<doc>Fails if ``key`` is not found from ``dictionary``.</doc>
<status status="PASS" starttime="20251002 01:10:24.711" endtime="20251002 01:10:24.711"/>
</kw>
<status status="PASS" starttime="20251002 01:10:24.248" endtime="20251002 01:10:24.711"/>
</kw>
<kw name="Tentar realizar login com senha invalida" library="login_keyword">
<kw name="Create Dictionary" library="BuiltIn">
<var>${body}</var>
<arg>email=${EMAIL_ADMIN}</arg>
<arg>password=senhaerrada123</arg>
<doc>Creates and returns a dictionary based on the given ``items``.</doc>
<msg timestamp="20251002 01:10:24.712" level="INFO">${body} = {'email': 'admin_robot_125@qa.com.br', 'password': 'senhaerrada123'}</msg>
<status status="PASS" starttime="20251002 01:10:24.712" endtime="20251002 01:10:24.712"/>
</kw>
<kw name="POST On Session" library="RequestsLibrary">
<var>${response}</var>
<arg>${API_SESSION}</arg>
<arg>/login</arg>
<arg>json=${body}</arg>
<arg>expected_status=401</arg>
<doc>Sends a POST request on a previously created HTTP Session.</doc>
<msg timestamp="20251002 01:10:24.890" level="DEBUG">https://serverest.dev:443 "POST /login HTTP/1.1" 401 48</msg>
<msg timestamp="20251002 01:10:24.890" level="INFO">POST Request : url=https://serverest.dev/login 
 path_url=/login 
 headers={'User-Agent': 'python-requests/2.31.0', 'Accept-Encoding': 'gzip, deflate', 'Accept': '*/*', 'Connection': 'keep-alive', 'Content-Length': '68', 'Content-Type': 'application/json'} 
 body=b'{"email": "admin_robot_125@qa.com.br", "password": "senhaerrada123"}' 
 </msg>
<msg timestamp="20251002 01:10:24.891" level="INFO">POST Response : url=https://serverest.dev/login 
 status=401, reason=Unauthorized 
 headers={'access-control-allow-origin': '*', 'x-dns-prefetch-control': 'off', 'x-frame-options': 'SAMEORIGIN', 'strict-transport-security': 'max-age=15552000; includeSubDomains', 'x-download-options': 'noopen', 'x-content-type-options': 'nosniff', 'x-xss-protection': '1; mode=block', 'content-type': 'application/json; charset=utf-8', 'x-cloud-trace-context': '27afa1335620092b6be8d80f0d4c7dc3', 'date': 'Thu, 02 Oct 2025 04:10:21 GMT', 'server': 'Google Frontend', 'Content-Length': '48'} 
 body={
    "message": "Email e/ou senha inválidos"
} 
 </msg>
<msg timestamp="20251002 01:10:24.891" level="INFO">C:\Users\ghepp\AppData\Roaming\Python\Python313\site-packages\urllib3\connectionpool.py:1097: InsecureRequestWarning: Unverified HTTPS request is being made to host 'serverest.dev'. Adding certificate verification is strongly advised. See: https://urllib3.readthedocs.io/en/latest/advanced-usage.html#tls-warnings
  warnings.warn(</msg>
<msg timestamp="20251002 01:10:24.892" level="INFO">${response} = &lt;Response [401]&gt;</msg>
<status status="PASS" starttime="20251002 01:10:24.712" endtime="20251002 01:10:24.892"/>
</kw>
<kw name="Should Be Equal As Strings" library="BuiltIn">
<arg>${response.json()['message']}</arg>
<arg>Email e/ou senha inválidos</arg>
<doc>Fails if objects are unequal after converting them to strings.</doc>
<msg timestamp="20251002 01:10:24.895" level="DEBUG">Argument types are:
&lt;class 'str'&gt;
&lt;class 'str'&gt;</msg>
<status status="PASS" starttime="20251002 01:10:24.893" endtime="20251002 01:10:24.895"/>
</kw>
<status status="PASS" starttime="20251002 01:10:24.712" endtime="20251002 01:10:24.895"/>
</kw>
<kw name="Tentar realizar login com email invalido" library="login_keyword">
<kw name="Create Dictionary" library="BuiltIn">
<var>${body}</var>
<arg>email=email.invalido@qa.com.br</arg>
<arg>password=senhaerrada123</arg>
<doc>Creates and returns a dictionary based on the given ``items``.</doc>
<msg timestamp="20251002 01:10:24.898" level="INFO">${body} = {'email': 'email.invalido@qa.com.br', 'password': 'senhaerrada123'}</msg>
<status status="PASS" starttime="20251002 01:10:24.897" endtime="20251002 01:10:24.898"/>
</kw>
<kw name="POST On Session" library="RequestsLibrary">
<var>${response}</var>
<arg>${API_SESSION}</arg>
<arg>/login</arg>
<arg>json=${body}</arg>
<arg>expected_status=401</arg>
<doc>Sends a POST request on a previously created HTTP Session.</doc>
<msg timestamp="20251002 01:10:25.080" level="DEBUG">https://serverest.dev:443 "POST /login HTTP/1.1" 401 48</msg>
<msg timestamp="20251002 01:10:25.081" level="INFO">POST Request : url=https://serverest.dev/login 
 path_url=/login 
 headers={'User-Agent': 'python-requests/2.31.0', 'Accept-Encoding': 'gzip, deflate', 'Accept': '*/*', 'Connection': 'keep-alive', 'Content-Length': '67', 'Content-Type': 'application/json'} 
 body=b'{"email": "email.invalido@qa.com.br", "password": "senhaerrada123"}' 
 </msg>
<msg timestamp="20251002 01:10:25.081" level="INFO">POST Response : url=https://serverest.dev/login 
 status=401, reason=Unauthorized 
 headers={'access-control-allow-origin': '*', 'x-dns-prefetch-control': 'off', 'x-frame-options': 'SAMEORIGIN', 'strict-transport-security': 'max-age=15552000; includeSubDomains', 'x-download-options': 'noopen', 'x-content-type-options': 'nosniff', 'x-xss-protection': '1; mode=block', 'content-type': 'application/json; charset=utf-8', 'x-cloud-trace-context': '93a8264491ebcef46be8d80f0d4c763b', 'date': 'Thu, 02 Oct 2025 04:10:22 GMT', 'server': 'Google Frontend', 'Content-Length': '48'} 
 body={
    "message": "Email e/ou senha inválidos"
} 
 </msg>
<msg timestamp="20251002 01:10:25.081" level="INFO">C:\Users\ghepp\AppData\Roaming\Python\Python313\site-packages\urllib3\connectionpool.py:1097: InsecureRequestWarning: Unverified HTTPS request is being made to host 'serverest.dev'. Adding certificate verification is strongly advised. See: https://urllib3.readthedocs.io/en/latest/advanced-usage.html#tls-warnings
  warnings.warn(</msg>
<msg timestamp="20251002 01:10:25.083" level="INFO">${response} = &lt;Response [401]&gt;</msg>
<status status="PASS" starttime="20251002 01:10:24.898" endtime="20251002 01:10:25.083"/>
</kw>
<kw name="Should Be Equal As Strings" library="BuiltIn">
<arg>${response.json()['message']}</arg>
<arg>Email e/ou senha inválidos</arg>
<doc>Fails if objects are unequal after converting them to strings.</doc>
<msg timestamp="20251002 01:10:25.085" level="DEBUG">Argument types are:
&lt;class 'str'&gt;
&lt;class 'str'&gt;</msg>
<status status="PASS" starttime="20251002 01:10:25.083" endtime="20251002 01:10:25.085"/>
</kw>
<status status="PASS" starttime="20251002 01:10:24.896" endtime="20251002 01:10:25.085"/>
</kw>
<tag>login</tag>
<status status="PASS" starttime="20251002 01:10:24.248" endtime="20251002 01:10:25.086"/>
</test>
<kw name="Delete All Sessions" library="RequestsLibrary" type="TEARDOWN">
<doc>Removes all the session objects</doc>
<msg timestamp="20251002 01:10:25.091" level="INFO">Deleting All Sessions</msg>
<status status="PASS" starttime="20251002 01:10:25.090" endtime="20251002 01:10:25.091"/>
</kw>
<status status="PASS" starttime="20251002 01:10:24.238" endtime="20251002 01:10:25.091"/>
</suite>
<suite id="s1-s3" name="Product Test" source="C:\Users\ghepp\Compass_Challenge_03\tests\product_test.robot">
<test id="s1-s3-t1" name="Fluxo de Produtos (Requer Autenticacao)" line="12">
<kw name="Setup para Testes Autenticados" library="common_keyword" type="SETUP">
<kw name="Setup Test Session" library="common_keyword">
<kw name="Create Session" library="RequestsLibrary">
<arg>${API_SESSION}</arg>
<arg>${BASE_URL}</arg>
<arg>timeout=${TIMEOUT}</arg>
<doc>Create Session: create a HTTP session to a server</doc>
<msg timestamp="20251002 01:10:25.111" level="INFO">Creating Session using : alias=serverest, url=https://serverest.dev, headers={},                     cookies={}, auth=None, timeout=120, proxies=None, verify=False,                     debug=0 </msg>
<msg timestamp="20251002 01:10:25.111" level="DEBUG">Creating session: serverest</msg>
<status status="PASS" starttime="20251002 01:10:25.111" endtime="20251002 01:10:25.111"/>
</kw>
<status status="PASS" starttime="20251002 01:10:25.111" endtime="20251002 01:10:25.111"/>
</kw>
<kw name="Fazer Login e Salvar Token" library="login_keyword">
<var>${response}</var>
<arg>${EMAIL_ADMIN}</arg>
<arg>${USER_ADMIN.password}</arg>
<kw name="Create Dictionary" library="BuiltIn">
<var>${body}</var>
<arg>email=${email}</arg>
<arg>password=${password}</arg>
<doc>Creates and returns a dictionary based on the given ``items``.</doc>
<msg timestamp="20251002 01:10:25.112" level="INFO">${body} = {'email': 'admin_robot_125@qa.com.br', 'password': 'Teste123'}</msg>
<status status="PASS" starttime="20251002 01:10:25.112" endtime="20251002 01:10:25.112"/>
</kw>
<kw name="POST On Session" library="RequestsLibrary">
<var>${response}</var>
<arg>${API_SESSION}</arg>
<arg>/login</arg>
<arg>json=${body}</arg>
<arg>expected_status=200</arg>
<doc>Sends a POST request on a previously created HTTP Session.</doc>
<msg timestamp="20251002 01:10:25.113" level="DEBUG">Starting new HTTPS connection (1): serverest.dev:443</msg>
<msg timestamp="20251002 01:10:25.594" level="DEBUG">https://serverest.dev:443 "POST /login HTTP/1.1" 200 285</msg>
<msg timestamp="20251002 01:10:25.594" level="INFO">POST Request : url=https://serverest.dev/login 
 path_url=/login 
 headers={'User-Agent': 'python-requests/2.31.0', 'Accept-Encoding': 'gzip, deflate', 'Accept': '*/*', 'Connection': 'keep-alive', 'Content-Length': '62', 'Content-Type': 'application/json'} 
 body=b'{"email": "admin_robot_125@qa.com.br", "password": "Teste123"}' 
 </msg>
<msg timestamp="20251002 01:10:25.594" level="INFO">POST Response : url=https://serverest.dev/login 
 status=200, reason=OK 
 headers={'access-control-allow-origin': '*', 'x-dns-prefetch-control': 'off', 'x-frame-options': 'SAMEORIGIN', 'strict-transport-security': 'max-age=15552000; includeSubDomains', 'x-download-options': 'noopen', 'x-content-type-options': 'nosniff', 'x-xss-protection': '1; mode=block', 'content-type': 'application/json; charset=utf-8', 'x-cloud-trace-context': 'd597bb59936a0ecfc89063c229d4d725;o=1', 'date': 'Thu, 02 Oct 2025 04:10:22 GMT', 'server': 'Google Frontend', 'Content-Length': '285'} 
 body={
    "message": "Login realizado com sucesso",
    "authorization": "Bearer eyJhbGciOiJIUzI1NiIsInR5cCI6IkpXVCJ9.eyJlbWFpbCI6ImFkbWluX3JvYm90XzEyNUBxYS5jb20uYnIiLCJwYXNzd29yZCI6IlRlc3RlMTIzIiwiaWF0IjoxNzU5Mzc4MjIyLCJleHAiOjE3NTkzNzg4MjJ9.KB4xE3yCm2l_56_9fDc7uPf_X-tnAVmi4h1gg7sP36g"
} 
 </msg>
<msg timestamp="20251002 01:10:25.596" level="INFO">C:\Users\ghepp\AppData\Roaming\Python\Python313\site-packages\urllib3\connectionpool.py:1097: InsecureRequestWarning: Unverified HTTPS request is being made to host 'serverest.dev'. Adding certificate verification is strongly advised. See: https://urllib3.readthedocs.io/en/latest/advanced-usage.html#tls-warnings
  warnings.warn(</msg>
<msg timestamp="20251002 01:10:25.597" level="INFO">${response} = &lt;Response [200]&gt;</msg>
<status status="PASS" starttime="20251002 01:10:25.112" endtime="20251002 01:10:25.597"/>
</kw>
<kw name="Set Variable" library="BuiltIn">
<var>${auth_header}</var>
<arg>${response.json()['authorization']}</arg>
<doc>Returns the given values which can then be assigned to a variables.</doc>
<msg timestamp="20251002 01:10:25.598" level="INFO">${auth_header} = Bearer eyJhbGciOiJIUzI1NiIsInR5cCI6IkpXVCJ9.eyJlbWFpbCI6ImFkbWluX3JvYm90XzEyNUBxYS5jb20uYnIiLCJwYXNzd29yZCI6IlRlc3RlMTIzIiwiaWF0IjoxNzU5Mzc4MjIyLCJleHAiOjE3NTkzNzg4MjJ9.KB4xE3yCm2l_56_9fDc7uPf_X-tnAVm...</msg>
<status status="PASS" starttime="20251002 01:10:25.597" endtime="20251002 01:10:25.598"/>
</kw>
<kw name="Set Global Variable" library="BuiltIn">
<arg>${AUTH_HEADER}</arg>
<arg>${auth_header}</arg>
<doc>Makes a variable available globally in all tests and suites.</doc>
<msg timestamp="20251002 01:10:25.598" level="INFO">${AUTH_HEADER} = Bearer eyJhbGciOiJIUzI1NiIsInR5cCI6IkpXVCJ9.eyJlbWFpbCI6ImFkbWluX3JvYm90XzEyNUBxYS5jb20uYnIiLCJwYXNzd29yZCI6IlRlc3RlMTIzIiwiaWF0IjoxNzU5Mzc4MjIyLCJleHAiOjE3NTkzNzg4MjJ9.KB4xE3yCm2l_56_9fDc7uPf_X-tnAVm...</msg>
<status status="PASS" starttime="20251002 01:10:25.598" endtime="20251002 01:10:25.598"/>
</kw>
<msg timestamp="20251002 01:10:25.598" level="INFO">${response} = &lt;Response [200]&gt;</msg>
<status status="PASS" starttime="20251002 01:10:25.111" endtime="20251002 01:10:25.598"/>
</kw>
<kw name="Dictionary Should Contain Key" library="Collections">
<arg>${response.json()}</arg>
<arg>authorization</arg>
<doc>Fails if ``key`` is not found from ``dictionary``.</doc>
<status status="PASS" starttime="20251002 01:10:25.598" endtime="20251002 01:10:25.599"/>
</kw>
<status status="PASS" starttime="20251002 01:10:25.110" endtime="20251002 01:10:25.599"/>
</kw>
<kw name="Listar produtos e validar schema" library="product_keyword">
<kw name="GET On Session" library="RequestsLibrary">
<var>${response}</var>
<arg>${API_SESSION}</arg>
<arg>/produtos</arg>
<doc>Sends a GET request on a previously created HTTP Session.</doc>
<msg timestamp="20251002 01:10:25.787" level="DEBUG">https://serverest.dev:443 "GET /produtos HTTP/1.1" 200 41288</msg>
<msg timestamp="20251002 01:10:25.955" level="INFO">GET Request : url=https://serverest.dev/produtos 
 path_url=/produtos 
 headers={'User-Agent': 'python-requests/2.31.0', 'Accept-Encoding': 'gzip, deflate', 'Accept': '*/*', 'Connection': 'keep-alive'} 
 body=None 
 </msg>
<msg timestamp="20251002 01:10:25.959" level="INFO">GET Response : url=https://serverest.dev/produtos 
 status=200, reason=OK 
 headers={'access-control-allow-origin': '*', 'x-dns-prefetch-control': 'off', 'x-frame-options': 'SAMEORIGIN', 'strict-transport-security': 'max-age=15552000; includeSubDomains', 'x-download-options': 'noopen', 'x-content-type-options': 'nosniff', 'x-xss-protection': '1; mode=block', 'content-type': 'application/json; charset=utf-8', 'x-cloud-trace-context': '3fdcd37714a11626c89063c229d4db4c', 'date': 'Thu, 02 Oct 2025 04:10:22 GMT', 'server': 'Google Frontend', 'Content-Length': '41288'} 
 body={
    "quantidade": 179,
    "produtos": [
        {
            "nome": "Produto vel 16485",
            "preco": 744,
            "descricao": "Iste quia cum.",
            "quantidade": 27,
            "_id": "0Jc8oq2OAMy9oBmv"
        },
        {
            "nome": "Prod",
            "preco": 100,
            "descricao": "desc",
            "quantidade": 8,
            "_id": "0KxMGyKBSlMogpY4"
        },
        {
            "nome": "Bespoke Steel Computer",
            "preco": 535,
            "descricao": "Experience the violet brilliance of our Gloves, perfect for ripe environments",
            "quantidade": 44,
            "_id": "0RRTJ2bE0MA0WKKY"
        },
        {
            "nome": "Awesome Steel Tuna",
            "preco": 1600,
            "descricao": "The gold Hat combines Republic of Korea aesthetics with Dubnium-based durability",
            "quantidade": 18,
            "_id": "0SlfD3t2vt1ReUT2"
        },
        {
            "nome": "Prod1759376057",
            "preco": 200,
            "descricao": "desc",
            "quantidade": 4,
            "_id": "0hvZTnvvLyd7DpBL"
        },
        {
            "nome": "reality",
            "preco": 803,
            "descricao": "Instead myself record teacher. Customer their pay.\nModel tax behavior later they source eat. Back first before.\nPressure become floor need force although. In former face south reduce human.",
            "quantidade": 7,
            "_id": "0n6dgfoRzdaq4QKL"
        },
        {
            "nome": "Modern Marble Pants",
            "preco": 1600,
            "descricao": "Our fresh-inspired Mouse brings a taste of luxury to your optimal lifestyle",
            "quantidade": 18,
            "_id": "0udGrDAjyVYjdxej"
        },
        {
            "nome": "Refined Metal Cheese",
            "preco": 408,
            "descricao": "Savor the savory essence in our Keyboard, designed for gracious culinary adventures",
            "quantidade": 46,
            "_id": "1ViMM8pGJyaxR6oa"
        },
        {
            "nome": "commercial",
            "preco": 315,
            "descricao": "Parent practice together. Strong our participant each expert.",
            "quantidade": 5,
            "_id": "1euPyjN9pf3Glb8L"
        },
        {
            "nome": "Produto sed 48679",
            "preco": 950,
            "descricao": "Id ducimus error dolorum nostrum quasi.",
            "quantidade": "642",
            "_id": "2Gj4D290nJEcGjV1"
        },
        {
            "nome": "TestProd",
            "preco": 100,
            "descricao": "desc",
            "quantidade": 5,
            "_id": "2x6xLOX3zGAFiXHI"
        },
        {
            "nome": "Licensed Silk Tuna",
            "preco": 218,
            "descricao": "New gold Ball with ergonomic design for fussy comfort",
            "quantidade": 49,
            "_id": "3CdBw4mOgM3hetwg"
        },
        {
            "nome": "MP3 player",
            "preco": 470,
            "descricao": "aparelho de música",
            "quantidade": 381,
            "_id": "3RMxXtQ84rzTFMRV"
        },
        {
            "nome": "PS5",
            "preco": 2600,
            "descricao": "Videogame",
            "quantidade": 19,
            "_id": "3kprbsQblylNk9GK"
        },
        {
            "nome": "Produto Test",
            "preco": 100,
            "descricao": "Descricao do produto teste",
            "quantidade": 10,
            "_id": "3u1c73cCL0kuxUbz"
        },
        {
            "nome": "Processador",
            "preco": 900,
            "descricao": "i7",
            "quantidade": 100,
            "_id": "4rt2Z3FuStgVbceZ"
        },
        {
            "nome": "ProdCart",
            "preco": 150,
            "descricao": "desc",
            "quantidade": 47,
            "_id": "4taBFIdQvVCuWXz3"
        },
        {
            "nome": "Produto uuuu",
            "preco": 100,
            "descricao": "Descricao do produto teste",
            "quantidade": 9,
            "_id": "4wEojtdN4kler8Aa"
        },
        {
            "nome": "Elegant Gold Hat",
            "preco": 500,
            "descricao": "Stylish Pants designed to make you stand out with unwieldy looks",
            "quantidade": 0,
            "_id": "5KkvY9WlTXp6RdXZ"
        },
        {
            "nome": "everything",
            "preco": 496,
            "descricao": "Role movie win.",
            "quantidade": 82,
            "_id": "5qeZiMCo0CBfNjWX"
        },
        {
            "nome": "Cypress Product 1759321286928",
            "preco": 10,
            "descricao": "Product Description",
            "quantidade": 10,
            "imagem": "C:\\fakepath\\image.jpg",
            "_id": "6Y4l1PJNINIPD2zu"
        },
        {
            "nome": "Produto quam 78090",
            "preco": 685,
            "descricao": "Tempora voluptatum dolorem itaque ratione.",
            "quantidade": "32",
            "_id": "6kmh9TeUmfb9pmft"
        },
        {
            "nome": "Prod_1759376768",
            "preco": 100,
            "descricao": "TestProduct",
            "quantidade": 10,
            "_id": "728ZEXUmbLE5v7EU"
        },
        {
            "nome": "UserProduct",
            "preco": 10,
            "descricao": "desc",
            "quantidade": 5,
            "_id": "7ARioGi0JDxL1a59"
        },
        {
            "nome": "TestProductDup",
            "preco": 10,
            "descricao": "desc",
            "quantidade": 5,
            "_id": "7hZMnkqAitRSYP3s"
        },
        {
            "nome": "Produto oBitLcLfvp",
            "preco": 100,
            "descricao": "Descricao do produto oBitLcLfvp",
            "quantidade": 50,
            "_id": "7qp784H9DNTuex1s"
        },
        {
            "nome": "Recycled Cotton Tuna",
            "preco": 500,
            "descricao": "Intelligent Fish designed with Cotton for overdue performance",
            "quantidade": 10,
            "_id": "7r5PjnBZEXI38lCu"
        },
        {
            "nome": "Fresh Steel Cheese",
            "preco": 435,
            "descricao": "New Bike model with 79 GB RAM, 875 GB storage, and steep features",
            "quantidade": 73,
            "_id": "8wOmSorZH92OXkhG"
        },
        {
            "nome": "Prod1759376089",
            "preco": 100,
            "descricao": "desc",
            "quantidade": 0,
            "_id": "8zKAksFY1rxmUfGE"
        },
        {
            "nome": "aaa",
            "preco": 112,
            "descricao": "aaa",
            "quantidade": 12,
            "_id": "9Njo36B5eMFEjgEj"
        },
        {
            "nome": "Produto nulla 4834",
            "preco": 103,
            "descricao": "Ipsa amet libero excepturi quas.",
            "quantidade": "871",
            "_id": "9Z5jKonsV9FF19Rd"
        },
        {
            "nome": "Small Plastic Car",
            "preco": 140,
            "descricao": "Ergonomic Tuna made with Aluminum for all-day trivial support",
            "quantidade": 69,
            "_id": "9e62bV7mbJHA7fmu"
        },
        {
            "nome": "Sleek Plastic Chips",
            "preco": 1600,
            "descricao": "New purple Shirt with ergonomic design for rotten comfort",
            "quantidade": 18,
            "_id": "AMHr0HOwygkGMwtR"
        },
        {
            "nome": "Produto voluptatum 44797",
            "preco": 399,
            "descricao": "Corporis asperiores vero unde quaerat.",
            "quantidade": "701",
            "_id": "AhHChBxQ5ISEByHB"
        },
        {
            "nome": "Prod2",
            "preco": 200,
            "descricao": "desc",
            "quantidade": 20,
            "_id": "B8fKpvi1Elbb7UIu"
        },
        {
            "nome": "Recycled Steel Computer",
            "preco": 433,
            "descricao": "The sleek and new Tuna comes with cyan LED lighting for smart functionality",
            "quantidade": 24,
            "_id": "BYbNtQ2lZy51TOL2"
        },
        {
            "nome": "livro harypote100",
            "preco": 4220,
            "descricao": "livro",
            "quantidade": 15,
            "_id": "Ba24smUQoUWj9m5J"
        },
        {
            "nome": "Logitech MX Vertical",
            "preco": 470,
            "descricao": "Mouse",
            "quantidade": 384,
            "_id": "BeeJh5lz3k6kSIzA"
        },
        {
            "nome": "Produto voluptatum 78386",
            "preco": 578,
            "descricao": "Debitis fugiat recusandae.",
            "quantidade": 91,
            "_id": "C9GnO6rAgD0Xp9AS"
        },
        {
            "nome": "Produto Tes",
            "preco": 100,
            "descricao": "Descricao do produto teste",
            "quantidade": 10,
            "_id": "CBlFsIEtadnKnWj4"
        },
        {
            "nome": "mention",
            "preco": 59,
            "descricao": "Number machine million realize else skill power. West high myself thousand allow. Seven anything without item happen very turn.",
            "quantidade": 9,
            "_id": "CCOEAM2vq91YviRb"
        },
        {
            "nome": "Fantastic Steel Tuna",
            "preco": 1600,
            "descricao": "Ergonomic Chair made with Granite for all-day remarkable support",
            "quantidade": 18,
            "_id": "ChpGUDI49LvP0bpM"
        },
        {
            "nome": "Prod_1759376913",
            "preco": 100,
            "descricao": "TestProduct",
            "quantidade": 10,
            "_id": "CyEogsaC6hPgxXXH"
        },
        {
            "nome": "Prod1759376196",
            "preco": 100,
            "descricao": "desc",
            "quantidade": 0,
            "_id": "CzixejVF9taKOuEk"
        },
        {
            "nome": "Prod1759376363",
            "preco": 100,
            "descricao": "desc",
            "quantidade": 7,
            "_id": "D3If7DcTpYiaA6DL"
        },
        {
            "nome": "Xbox 007",
            "preco": 1900,
            "descricao": "i7",
            "quantidade": 100,
            "_id": "DGuqQzFCJUowTthF"
        },
        {
            "nome": "Produto Teste",
            "preco": 100,
            "descricao": "Descricao do produto teste",
            "quantidade": 10,
            "_id": "DHGMZrVDJLMlo90W"
        },
        {
            "nome": "Prod1759376126",
            "preco": 100,
            "descricao": "desc",
            "quantidade": 0,
            "_id": "DHcu4w4JKWTu4T2m"
        },
        {
            "nome": "Licensed Aluminum Chicken",
            "preco": 1600,
            "descricao": "Savor the crispy essence in our Towels, designed for unhealthy culinary adventures",
            "quantidade": 18,
            "_id": "DvCiWeDJ01HNg2Dm"
        },
        {
            "nome": "Product_1759378026_UPDATED",
            "preco": 200,
            "descricao": "Updated",
            "quantidade": 10,
            "_id": "EHS5dkWwKjQIy5l9"
        },
        {
            "nome": "Produto tenetur 33180",
            "preco": 488,
            "descricao": "Nulla sit cumque libero labore rerum vitae.",
            "quantidade": "51",
            "_id": "EfObpabd5OEYFm4O"
        },
        {
            "nome": "Produto doloremque 52923",
            "preco": 321,
            "descricao": "Esse odio vero enim nobis.",
            "quantidade": "332",
            "_id": "G7wqJ5AAt20VwKVM"
        },
        {
            "nome": "Product_1759378009",
            "preco": 150,
            "descricao": "Sample product",
            "quantidade": 8,
            "_id": "GIJExoutUEWstW1f"
        },
        {
            "nome": "Product_1759378027",
            "preco": 150,
            "descricao": "Sample product",
            "quantidade": 8,
            "_id": "GhQlLhGLx6nYb6en"
        },
        {
            "nome": "Produto Teste tGp",
            "preco": 100,
            "descricao": "Descrição teste",
            "quantidade": 48,
            "_id": "H2jUPEOgqjxfjDF6"
        },
        {
            "nome": "hour",
            "preco": 296,
            "descricao": "Step sit scientist never age sense. Fly success wonder project interview scene. Peace result garden like each crime difficult.",
            "quantidade": 3,
            "_id": "He6oWFTSG89YLMam"
        },
        {
            "nome": "Produto Teste SAn",
            "preco": 100,
            "descricao": "Descrição teste",
            "quantidade": 48,
            "_id": "Hm4dbxf1eJBtiRWu"
        },
        {
            "nome": "Product_1759378037_UPDATED",
            "preco": 200,
            "descricao": "Updated",
            "quantidade": 10,
            "_id": "HqYypskGtvXl0DkM"
        },
        {
            "nome": "Prod_1759376781",
            "preco": 100,
            "descricao": "TestProduct",
            "quantidade": 10,
            "_id": "I7TZFIDXp8wQU2te"
        },
        {
            "nome": "Prod1759376108",
            "preco": 100,
            "descricao": "desc",
            "quantidade": 0,
            "_id": "IZV0UQhb5uIug8if"
        },
        {
            "nome": "Product_1759377818",
            "preco": 150,
            "descricao": "Sample product",
            "quantidade": "71",
            "_id": "IbOMFHkRppqbnwJn"
        },
        {
            "nome": "pressure",
            "preco": 567,
            "descricao": "Magazine important wall people stop manager few. Lot nothing fill chair light. Science range people expect politics.\nHospital herself cause gas life. South site government stop.",
            "quantidade": 1,
            "_id": "IgZJntt7nuK3dIhl"
        },
        {
            "nome": "Unbranded Granite Shoes",
            "preco": 377,
            "descricao": "Experience the orchid brilliance of our Bike, perfect for cloudy environments",
            "quantidade": 59,
            "_id": "JKNgHViOFfUtNBZR"
        },
        {
            "nome": "Intelligent Silk Towels",
            "preco": 150,
            "descricao": "Discover the sardonic new Cheese with an exciting mix of Bronze ingredients",
            "quantidade": 83,
            "_id": "JKrsH1lxGSkENcEI"
        },
        {
            "nome": "Prod1759376148",
            "preco": 100,
            "descricao": "desc",
            "quantidade": 0,
            "_id": "JXVbGrmnoJIia0F7"
        },
        {
            "nome": "Produto yyy",
            "preco": 100,
            "descricao": "Descricao do produto teste",
            "quantidade": 9,
            "_id": "JhJuwLzPi9g3cMJq"
        },
        {
            "nome": "Electronic Concrete Soap",
            "preco": 853,
            "descricao": "Our shark-friendly Gloves ensures fatal comfort for your pets",
            "quantidade": 7,
            "_id": "JzB2P9D4uQDKlM9J"
        },
        {
            "nome": "Samsung 60 polegadas",
            "preco": 5240,
            "descricao": "TV",
            "quantidade": 49978,
            "_id": "K6leHdftCeOJj8BJ"
        },
        {
            "nome": "traditional",
            "preco": 450,
            "descricao": "Hospital partner early. Improve write why admit light chance college.\nThese southern new risk find stand television green. Artist list attorney information role article.",
            "quantidade": 3,
            "_id": "K7xLbqaErha2kdYP"
        },
        {
            "nome": "Practical Plastic Towels",
            "preco": 500,
            "descricao": "New Pizza model with 8 GB RAM, 1000 GB storage, and elementary features",
            "quantidade": 10,
            "_id": "LP56vYhNQLLErMGv"
        },
        {
            "nome": "prod 2",
            "preco": 100,
            "descricao": "teste",
            "quantidade": 1,
            "_id": "LSlTQ5zUKxoOqz7e"
        },
        {
            "nome": "Practical Concrete Soap",
            "preco": 500,
            "descricao": "Boston's most advanced compression wear technology increases muscle oxygenation, stabilizes active muscles",
            "quantidade": 0,
            "_id": "M9ltCc4AH3fj9mdv"
        },
        {
            "nome": "Modern Bronze Tuna",
            "preco": 500,
            "descricao": "Discover the crocodile-like agility of our Bike, perfect for shocked users",
            "quantidade": 0,
            "_id": "Mba6KMI8kgKUeYpU"
        },
        {
            "nome": "Prod_1759376774",
            "preco": 100,
            "descricao": "TestProduct",
            "quantidade": 10,
            "_id": "MeV6XNXcXrYRV67N"
        },
        {
            "nome": "Handcrafted Marble Table",
            "preco": 717,
            "descricao": "Savor the creamy essence in our Hat, designed for numb culinary adventures",
            "quantidade": 18,
            "_id": "N9fLfLqulMo69UhP"
        },
        {
            "nome": "Produto laborum 16696",
            "preco": 553,
            "descricao": "Repellendus delectus error ullam.",
            "quantidade": "222",
            "_id": "NOTCRKSDU15vMt3C"
        },
        {
            "nome": "Produto qLOSBBCoga",
            "preco": 100,
            "descricao": "Descricao do produto qLOSBBCoga",
            "quantidade": 50,
            "_id": "NZN8I7ubsneg7NAX"
        },
        {
            "nome": "DeleteMeProd",
            "preco": 123,
            "descricao": "desc",
            "quantidade": 5,
            "_id": "OHNz4iKwr5VE8lCf"
        },
        {
            "nome": "Rustic Gold Car",
            "preco": 257,
            "descricao": "Handmade Pizza designed with Plastic for mammoth performance",
            "quantidade": 43,
            "_id": "OHv32YA0kEX1opXf"
        },
        {
            "nome": "CartProd",
            "preco": 150,
            "descricao": "desc",
            "quantidade": 10,
            "_id": "OUwqwobZ7H4xx8Au"
        },
        {
            "nome": "develop",
            "preco": 115,
            "descricao": "Billion door drive manager image it treat. Onto walk late measure. Bad sea better season can gun campaign.",
            "quantidade": 1,
            "_id": "OhTPXLQzYPaWsE1D"
        },
        {
            "nome": "Celular",
            "preco": 2000,
            "descricao": "Cadê meu celular? Tá nas Pernambucanas",
            "quantidade": 10,
            "_id": "QT5wbJuznpOvG7J3"
        },
        {
            "nome": "prod1759376224",
            "preco": 100,
            "descricao": "desc",
            "quantidade": 0,
            "_id": "QY7lvwRvuXEATWLj"
        },
        {
            "nome": "Phoebe",
            "preco": 199,
            "descricao": "Produto atualizado via PUT e ID gerado",
            "quantidade": 1,
            "_id": "QlbOI3nCI0OF68cw"
        },
        {
            "nome": "Unbranded Ceramic Shirt",
            "preco": 895,
            "descricao": "Professional-grade Pizza perfect for sentimental training and recreational use",
            "quantidade": 71,
            "_id": "RM2oNvWKnNC8G4uH"
        },
        {
            "nome": "Soft Gold Chair",
            "preco": 1600,
            "descricao": "Discover the bee-like agility of our Towels, perfect for perfumed users",
            "quantidade": 18,
            "_id": "RfP0H9e96HqTWcqd"
        },
        {
            "nome": "TestProd123",
            "preco": 10,
            "descricao": "desc",
            "quantidade": 5,
            "_id": "SHWKAhomVLxyoIFD"
        },
        {
            "nome": "CartProd_1759376002",
            "preco": 150,
            "descricao": "desc",
            "quantidade": 8,
            "_id": "SPjHRDtsKsHfL8AH"
        },
        {
            "nome": "Fresh Wooden Bacon",
            "preco": 397,
            "descricao": "Stylish Table designed to make you stand out with bleak looks",
            "quantidade": 20,
            "_id": "Tt4q6OYU6cknlHCT"
        },
        {
            "nome": "Produto Teste oDK",
            "preco": 100,
            "descricao": "Descrição teste",
            "quantidade": 50,
            "_id": "U0Qe2a8V1UuITAA9"
        },
        {
            "nome": "prod1759376245",
            "preco": 100,
            "descricao": "desc",
            "quantidade": 0,
            "_id": "UaeEJRk5zcHUaIKT"
        },
        {
            "nome": "Xbox 008",
            "preco": 1900,
            "descricao": "i7",
            "quantidade": 100,
            "_id": "Uj95CqYVtgqCHAfD"
        },
        {
            "nome": "Prod1759376292",
            "preco": 100,
            "descricao": "desc",
            "quantidade": 1,
            "_id": "UjbCjiwFsYqgXGUA"
        },
        {
            "nome": "Produto Teste RUk",
            "preco": 100,
            "descricao": "Descrição teste",
            "quantidade": 50,
            "_id": "Uo5yJO336LXdF6JK"
        },
        {
            "nome": "Practical Granite Pizza",
            "preco": 500,
            "descricao": "Savor the juicy essence in our Pizza, designed for corny culinary adventures",
            "quantidade": 10,
            "_id": "W6w1pv23JzCkrRSE"
        },
        {
            "nome": "Practical Gold Chair",
            "preco": 784,
            "descricao": "New plum Hat with ergonomic design for jealous comfort",
            "quantidade": 57,
            "_id": "WTMSPjAI7b3gHTcc"
        },
        {
            "nome": "Small Concrete Sausages",
            "preco": 1600,
            "descricao": "The Future-proofed system-worthy help-desk Soap offers reliable performance and thin design",
            "quantidade": 18,
            "_id": "WwMT3RjGXeuUIlg6"
        },
        {
            "nome": "address",
            "preco": 306,
            "descricao": "Fall if play girl. News baby on.\nHeart wish also north avoid member. Book throughout report throughout style. Green thousand management open yes everybody thus.",
            "quantidade": 3,
            "_id": "Wxy7sGWjo21uN62K"
        },
        {
            "nome": "trip",
            "preco": 965,
            "descricao": "Alone try mean effect year. Attention positive discuss deep six. Design speak six white national present cost.\nMethod kind just people. Learn fight want hospital. Increase take memory other.",
            "quantidade": 0,
            "_id": "Wy6GNPcI4UT992zO"
        },
        {
            "nome": "Produto debitis 181",
            "preco": 847,
            "descricao": "Distinctio laudantium sapiente fugiat.",
            "quantidade": 36,
            "_id": "XJBWurGOYmZqKZqj"
        },
        {
            "nome": "Soft Concrete Chicken",
            "preco": 500,
            "descricao": "Wisoky - Fisher's most advanced Pants technology increases peppery capabilities",
            "quantidade": 10,
            "_id": "Xn4hOQSV26U2CJjN"
        },
        {
            "nome": "Produto alias 39822",
            "preco": 10,
            "descricao": "Vero voluptatem nobis adipisci.",
            "quantidade": "201",
            "_id": "Xyjcd7H3y4hnrdhu"
        },
        {
            "nome": "Prod_1759377080",
            "preco": 100,
            "descricao": "TestProduct",
            "quantidade": 10,
            "_id": "ZEjuayXHR4SuJrcR"
        },
        {
            "nome": "start",
            "preco": 286,
            "descricao": "Heavy compare speech success again. Next career such idea woman manage realize.\nRelate front whole whether. Best election yourself cut deep.",
            "quantidade": 8,
            "_id": "ZY5BrXyM8RDJ5lld"
        },
        {
            "nome": "Intelligent Frozen Sausages",
            "preco": 783,
            "descricao": "Carbonite web goalkeeper gloves are ergonomically designed to give easy fit",
            "quantidade": 1,
            "imagem": "C:\\fakepath\\miamiGuardHouse.png",
            "_id": "ZpASW5JvKuTHTN7m"
        },
        {
            "nome": "meeting",
            "preco": 793,
            "descricao": "Service guess tend trial. Add candidate despite across boy. Hit put up any ball several nature.",
            "quantidade": 5,
            "_id": "aOcFtj4eI4szEs3v"
        },
        {
            "nome": "Modern Ceramic Bacon",
            "preco": 1600,
            "descricao": "The Dean Computer is the latest in a series of knotty products from Shanahan - Sporer",
            "quantidade": 18,
            "_id": "aSaOlP97qOPRn8S0"
        },
        {
            "nome": "Gorgeous Concrete Towels",
            "preco": 500,
            "descricao": "The Apollotech B340 is an affordable wireless mouse with reliable connectivity, 12 months battery life and modern design",
            "quantidade": 10,
            "_id": "ad4eaK733Hs4T5Jc"
        },
        {
            "nome": "Prod1759376318",
            "preco": 100,
            "descricao": "desc",
            "quantidade": 1,
            "_id": "b0ccXEtFkGwo6frr"
        },
        {
            "nome": "DupProd",
            "preco": 100,
            "descricao": "desc",
            "quantidade": 5,
            "_id": "bGxpbjEJFLI0ObA5"
        },
        {
            "nome": "Agua 96 ml",
            "preco": 2,
            "descricao": "Garrafinha de agua de 96ml",
            "quantidade": 120,
            "_id": "cGK4RXWOFFPS9df0"
        },
        {
            "nome": "Produto Testee",
            "preco": 100,
            "descricao": "Descricao do produto teste",
            "quantidade": 10,
            "_id": "cPE4KumpbZlPLI8e"
        },
        {
            "nome": "Electronic Cotton Chips",
            "preco": 508,
            "descricao": "Experience the yellow brilliance of our Cheese, perfect for fortunate environments",
            "quantidade": 94,
            "_id": "cpMbPkx5nQflLlWh"
        },
        {
            "nome": "ProdA-updated",
            "preco": 300,
            "descricao": "desc-updated",
            "quantidade": 15,
            "_id": "ddwQavOWhFnccJuv"
        },
        {
            "nome": "always",
            "preco": 807,
            "descricao": "Job wind father water.\nState style peace despite while treat. Hotel have heart entire financial lay since.",
            "quantidade": 4,
            "_id": "dlLd5B7rePnZVdmA"
        },
        {
            "nome": "Logitech MX Vertical2",
            "preco": 470,
            "descricao": "Mouse",
            "quantidade": 381,
            "_id": "eYn1y5iE7w8AQBpO"
        },
        {
            "nome": "Prod1",
            "preco": 120,
            "descricao": "desc",
            "quantidade": 8,
            "_id": "ehXpdCeWkR16Addh"
        },
        {
            "nome": "ProdTest",
            "preco": 100,
            "descricao": "desc",
            "quantidade": 5,
            "_id": "euoBGkgU15kadZM4"
        },
        {
            "nome": "Luxurious Marble Towels",
            "preco": 500,
            "descricao": "Discover the elephant-like agility of our Tuna, perfect for dual users",
            "quantidade": 0,
            "_id": "f4WXekxcWLMr91WX"
        },
        {
            "nome": "Luxurious Ceramic Fish",
            "preco": 579,
            "descricao": "Discover the horse-like agility of our Pants, perfect for cheap users",
            "quantidade": 2,
            "_id": "fGAu06kzL9GHvyHp"
        },
        {
            "nome": "Produto Teste DAG",
            "preco": 100,
            "descricao": "Descrição teste",
            "quantidade": "482",
            "_id": "fZg6iU2Ujpzh1Cdz"
        },
        {
            "nome": "Todelete1759376587",
            "preco": 100,
            "descricao": "desc",
            "quantidade": 5,
            "_id": "gFXIXkzeMdftH3v3"
        },
        {
            "nome": "Rustic Gold Salad",
            "preco": 253,
            "descricao": "Discover the gorilla-like agility of our Mouse, perfect for lean users",
            "quantidade": 19,
            "_id": "gUffnJtfYQZas7bI"
        },
        {
            "nome": "Unbranded Marble Gloves",
            "preco": 500,
            "descricao": "Innovative Table featuring unfinished technology and Metal construction",
            "quantidade": 10,
            "_id": "gin6ObgKZPOhOJtI"
        },
        {
            "nome": "deep",
            "preco": 145,
            "descricao": "Do rich man dinner yeah. Easy key point.",
            "quantidade": 3,
            "_id": "hZH9DChFbzUVl89d"
        },
        {
            "nome": "Iphone 14 pro max",
            "preco": 7000,
            "descricao": "smartphone",
            "quantidade": 20,
            "_id": "hitL0VzQ1nn01IhV"
        },
        {
            "nome": "hotel",
            "preco": 523,
            "descricao": "Congress nice sing mission start area test. Remain store talk.\nDifficult old include technology for save tell. Carry trouble else suffer room about they. Suffer indeed century value become perhaps.",
            "quantidade": 4,
            "_id": "i5sBj4TIg8z0Xd9f"
        },
        {
            "nome": "CartProd_1759375977",
            "preco": 150,
            "descricao": "desc",
            "quantidade": 10,
            "_id": "iSHxx01Q7vGF5hu7"
        },
        {
            "nome": "Produto Teste iME",
            "preco": 100,
            "descricao": "Descrição teste",
            "quantidade": 50,
            "_id": "ibeqiv2odffcZjfQ"
        },
        {
            "nome": "Modern Bamboo Pants",
            "preco": 500,
            "descricao": "Schuster, Koch and Will's most advanced Bacon technology increases amused capabilities",
            "quantidade": 0,
            "_id": "ijiLZDWRxRT1hehT"
        },
        {
            "nome": "Prod_1759376995",
            "preco": 100,
            "descricao": "TestProduct",
            "quantidade": 10,
            "_id": "in9Drlk4c0Oieve8"
        },
        {
            "nome": "Small Plastic Fish",
            "preco": 842,
            "descricao": "Discover the decent new Tuna with an exciting mix of Ceramic ingredients",
            "quantidade": 57,
            "_id": "j793ArLSR41p7ZYR"
        },
        {
            "nome": "Intelligent Metal Bike",
            "preco": 761,
            "descricao": "Professional-grade Bike perfect for celebrated training and recreational use",
            "quantidade": 18,
            "_id": "jABzRUud9CaRPxaI"
        },
        {
            "nome": "Produto uuuuy",
            "preco": 100,
            "descricao": "Descricao do produto teste",
            "quantidade": 9,
            "_id": "jDhiLtGmYHJZtRqh"
        },
        {
            "nome": "Produto dicta 41901",
            "preco": 609,
            "descricao": "Provident neque corporis officia enim.",
            "quantidade": "532",
            "_id": "jeFg8XiutO8TDJB3"
        },
        {
            "nome": "livro harypote1",
            "preco": 4220,
            "descricao": "livro",
            "quantidade": 15,
            "_id": "jzQx7p48Qrl29kYq"
        },
        {
            "nome": "Sleek Silk Salad",
            "preco": 500,
            "descricao": "Discover the violent new Shirt with an exciting mix of Granite ingredients",
            "quantidade": 0,
            "_id": "kr1mG8EIlGwc8Frz"
        },
        {
            "nome": "Product_1759378039",
            "preco": 150,
            "descricao": "Sample product",
            "quantidade": 8,
            "_id": "lEKIwNa9HgImFqlc"
        },
        {
            "nome": "Luxurious Bronze Shirt",
            "preco": 500,
            "descricao": "Innovative Towels featuring dependable technology and Granite construction",
            "quantidade": 10,
            "_id": "lXMQh52ABLe7lGrB"
        },
        {
            "nome": "Produto tyyyy",
            "preco": 100,
            "descricao": "Descricao do produto teste",
            "quantidade": 10,
            "_id": "lgt7akv0izdw3QBP"
        },
        {
            "nome": "Modern Metal Tuna",
            "preco": 419,
            "descricao": "Professional-grade Salad perfect for assured training and recreational use",
            "quantidade": 22,
            "_id": "lnTIyZ11RTczo8RE"
        },
        {
            "nome": "statement",
            "preco": 515,
            "descricao": "Debate local international instead instead. House service save while mean truth east happen.\nSimilar themselves us spend impact. When people TV prepare PM. Seven research per.",
            "quantidade": 3,
            "_id": "lpIoXhS33jtWhcpt"
        },
        {
            "nome": "Sleek Granite Pizza",
            "preco": 600,
            "descricao": "Savor the savory essence in our Pizza, designed for french culinary adventures",
            "quantidade": 32,
            "_id": "m0t477gHZyuA3ApG"
        },
        {
            "nome": "Produto Te",
            "preco": 100,
            "descricao": "Descricao do produto teste",
            "quantidade": 10,
            "_id": "m7cLiw2Q11A7vDbH"
        },
        {
            "nome": "Produto DSbccrlOim",
            "preco": 100,
            "descricao": "Descricao do produto DSbccrlOim",
            "quantidade": 50,
            "_id": "ma3GuFZpTrJ2YmPc"
        },
        {
            "nome": "Cypress Mouse 1759321259200",
            "preco": 470,
            "descricao": "Mouse",
            "quantidade": 499,
            "_id": "n7fwWU6FmCrv5oof"
        },
        {
            "nome": "Product2",
            "preco": 100,
            "descricao": "desc",
            "quantidade": 5,
            "_id": "nsVYcGhd0SeJ9ee1"
        },
        {
            "nome": "Oriental Cotton Computer",
            "preco": 677,
            "descricao": "Introducing the Spain-inspired Sausages, blending weary style with local craftsmanship",
            "quantidade": 78,
            "_id": "oapy40SXA077HEPU"
        },
        {
            "nome": "Sleek Marble Bacon",
            "preco": 500,
            "descricao": "New Ball model with 17 GB RAM, 271 GB storage, and other features",
            "quantidade": 0,
            "_id": "okgrO55ETnTIhprt"
        },
        {
            "nome": "Produto Atualizado",
            "preco": 200,
            "descricao": "Nova descrição",
            "quantidade": 20,
            "_id": "orb4OzXl0wgCzJoQ"
        },
        {
            "nome": "Produto Teste kMx",
            "preco": 100,
            "descricao": "Descrição teste",
            "quantidade": 48,
            "_id": "owkL0xczbIGLfQLN"
        },
        {
            "nome": "Tasty Aluminum Salad",
            "preco": 500,
            "descricao": "Professional-grade Gloves perfect for muddy training and recreational use",
            "quantidade": 10,
            "_id": "p9SAvYhpxeN1kO56"
        },
        {
            "nome": "ready",
            "preco": 860,
            "descricao": "Republican describe if cause. Up collection play bring deep admit. Spend white law compare.\nFine happen country executive. Star high know site state better. Bed work among.",
            "quantidade": 2,
            "_id": "pUTdgiv8vLucnN8g"
        },
        {
            "nome": "DupProduct",
            "preco": 200,
            "descricao": "desc",
            "quantidade": 10,
            "_id": "pasgEMMXBRqZgDfW"
        },
        {
            "nome": "Produto Teste TBd",
            "preco": 100,
            "descricao": "Descrição teste",
            "quantidade": 50,
            "_id": "qDV1Sc0cEmUZ7zOI"
        },
        {
            "nome": "Small Ceramic Cheese",
            "preco": 500,
            "descricao": "Professional-grade Tuna perfect for vibrant training and recreational use",
            "quantidade": 0,
            "_id": "qNBud6GxRevHzoGh"
        },
        {
            "nome": "Awesome Ceramic Salad",
            "preco": 500,
            "descricao": "Discover the dog-like agility of our Bacon, perfect for apprehensive users",
            "quantidade": 10,
            "_id": "qV8GSGegUP9GVcJV"
        },
        {
            "nome": "Prod_1759376762",
            "preco": 100,
            "descricao": "TestProduct",
            "quantidade": 10,
            "_id": "qsGleetlG7JQtFfh"
        },
        {
            "nome": "Generic Concrete Towels",
            "preco": 875,
            "descricao": "The salmon Hat combines American Samoa aesthetics with Roentgenium-based durability",
            "quantidade": 98,
            "_id": "r8MmU6jjGd2zhfnH"
        },
        {
            "nome": "Produto dolorem 74967",
            "preco": 331,
            "descricao": "Aut recusandae ad laborum nam voluptatem eos.",
            "quantidade": 48,
            "_id": "rEBW10DgwQ78vCB4"
        },
        {
            "nome": "Prod_1759377146",
            "preco": 100,
            "descricao": "TestProduct",
            "quantidade": 10,
            "_id": "ri6qn5Qr7l2QPiE9"
        },
        {
            "nome": "executive",
            "preco": 916,
            "descricao": "Maybe coach prevent board whom there different. Actually her member building quite to hour. Administration nation phone career international political.\nForm hour long off.",
            "quantidade": 2,
            "_id": "rxWQT3IwO3NBT2vk"
        },
        {
            "nome": "Sleek Gold Gloves",
            "preco": 1600,
            "descricao": "Savor the fluffy essence in our Hat, designed for standard culinary adventures",
            "quantidade": 18,
            "_id": "sCBeffdZfp3QyaKL"
        },
        {
            "nome": "Produto quas 64856",
            "preco": 237,
            "descricao": "Inventore et voluptates labore eius consequatur.",
            "quantidade": 86,
            "_id": "sDBe0LouxN6C7Jap"
        },
        {
            "nome": "Prod1759376337",
            "preco": 100,
            "descricao": "desc",
            "quantidade": 1,
            "_id": "sGBcsNeRIUhGQKKw"
        },
        {
            "nome": "Prod1759376177",
            "preco": 100,
            "descricao": "desc",
            "quantidade": 0,
            "_id": "skm6v5ioCtGyC2Ge"
        },
        {
            "nome": "Ergonomic Granite Tuna",
            "preco": 740,
            "descricao": "The Baylee Sausages is the latest in a series of hasty products from Skiles - Welch",
            "quantidade": 21,
            "_id": "t6roZ5BqaHIYVWU6"
        },
        {
            "nome": "Practical Ceramic Car",
            "preco": 500,
            "descricao": "The teal Car combines Burkina Faso aesthetics with Sodium-based durability",
            "quantidade": 10,
            "_id": "tqjk99xfeozxe4b6"
        },
        {
            "nome": "Prod_1759376953",
            "preco": 100,
            "descricao": "TestProduct",
            "quantidade": 10,
            "_id": "u2MnHn3Q4hrYMsnd"
        },
        {
            "nome": "Luxurious Marble Gloves",
            "preco": 500,
            "descricao": "The sleek and anguished Chips comes with orange LED lighting for smart functionality",
            "quantidade": 0,
            "_id": "vOgNmhKmYb4NoaGS"
        },
        {
            "nome": "Licensed Silk Fish",
            "preco": 732,
            "descricao": "The Lorine Cheese is the latest in a series of far-flung products from Haley - Jerde",
            "quantidade": 5,
            "_id": "vmzwqCGzyhTM3Hc0"
        },
        {
            "nome": "Luxurious Metal Gloves",
            "preco": 500,
            "descricao": "Discover the true new Computer with an exciting mix of Concrete ingredients",
            "quantidade": 0,
            "_id": "wVua1R7kDzWfJBFb"
        },
        {
            "nome": "Prod_1759377125",
            "preco": 100,
            "descricao": "TestProduct",
            "quantidade": 10,
            "_id": "wln5k91ktB8GXN7l"
        },
        {
            "nome": "Produto labore 15509",
            "preco": 45,
            "descricao": "Iste id excepturi dolor.",
            "quantidade": 40,
            "_id": "xPGd1GNwyPrQr4JK"
        },
        {
            "nome": "Modern Marble Chips",
            "preco": 288,
            "descricao": "New lavender Bike with ergonomic design for cheerful comfort",
            "quantidade": 80,
            "_id": "xwfjEgVF7FNkjs5a"
        },
        {
            "nome": "Product_1759378007_UPDATED",
            "preco": 200,
            "descricao": "Updated",
            "quantidade": 10,
            "_id": "yUFsLX649hR7IJnR"
        },
        {
            "nome": "Notebook Acer",
            "preco": 6000,
            "descricao": "Notebook",
            "quantidade": 7,
            "_id": "ytLQWP0YAn7aPMpv"
        },
        {
            "nome": "Gorgeous Plastic Sausages",
            "preco": 657,
            "descricao": "Discover the ostrich-like agility of our Car, perfect for strong users",
            "quantidade": 42,
            "_id": "zldoJgba26pje2y0"
        },
        {
            "nome": "Produto tyyy",
            "preco": 100,
            "descricao": "Descricao do produto teste",
            "quantidade": 10,
            "_id": "zwc0BjLNzoXXbpUV"
        }
    ]
} 
 </msg>
<msg timestamp="20251002 01:10:25.959" level="INFO">C:\Users\ghepp\AppData\Roaming\Python\Python313\site-packages\urllib3\connectionpool.py:1097: InsecureRequestWarning: Unverified HTTPS request is being made to host 'serverest.dev'. Adding certificate verification is strongly advised. See: https://urllib3.readthedocs.io/en/latest/advanced-usage.html#tls-warnings
  warnings.warn(</msg>
<msg timestamp="20251002 01:10:25.960" level="INFO">${response} = &lt;Response [200]&gt;</msg>
<status status="PASS" starttime="20251002 01:10:25.599" endtime="20251002 01:10:25.960"/>
</kw>
<kw name="Status Should Be" library="RequestsLibrary">
<arg>200</arg>
<arg>${response}</arg>
<doc>Fails if response status code is different than the expected.</doc>
<status status="PASS" starttime="20251002 01:10:25.960" endtime="20251002 01:10:25.960"/>
</kw>
<kw name="Set Variable" library="BuiltIn">
<var>${json_response}</var>
<arg>${response.json()}</arg>
<doc>Returns the given values which can then be assigned to a variables.</doc>
<msg timestamp="20251002 01:10:25.961" level="INFO">${json_response} = {'quantidade': 179, 'produtos': [{'nome': 'Produto vel 16485', 'preco': 744, 'descricao': 'Iste quia cum.', 'quantidade': 27, '_id': '0Jc8oq2OAMy9oBmv'}, {'nome': 'Prod', 'preco': 100, 'descricao': 'd...</msg>
<status status="PASS" starttime="20251002 01:10:25.960" endtime="20251002 01:10:25.961"/>
</kw>
<kw name="Dictionary Should Contain Key" library="Collections">
<arg>${json_response}</arg>
<arg>quantidade</arg>
<doc>Fails if ``key`` is not found from ``dictionary``.</doc>
<status status="PASS" starttime="20251002 01:10:25.962" endtime="20251002 01:10:25.962"/>
</kw>
<kw name="Dictionary Should Contain Key" library="Collections">
<arg>${json_response}</arg>
<arg>produtos</arg>
<doc>Fails if ``key`` is not found from ``dictionary``.</doc>
<status status="PASS" starttime="20251002 01:10:25.962" endtime="20251002 01:10:25.962"/>
</kw>
<kw name="Get From List" library="Collections">
<var>${primeiro_produto}</var>
<arg>${json_response['produtos']}</arg>
<arg>0</arg>
<doc>Returns the value specified with an ``index`` from ``list``.</doc>
<msg timestamp="20251002 01:10:25.962" level="INFO">${primeiro_produto} = {'nome': 'Produto vel 16485', 'preco': 744, 'descricao': 'Iste quia cum.', 'quantidade': 27, '_id': '0Jc8oq2OAMy9oBmv'}</msg>
<status status="PASS" starttime="20251002 01:10:25.962" endtime="20251002 01:10:25.962"/>
</kw>
<kw name="Dictionary Should Contain Key" library="Collections">
<arg>${primeiro_produto}</arg>
<arg>nome</arg>
<doc>Fails if ``key`` is not found from ``dictionary``.</doc>
<status status="PASS" starttime="20251002 01:10:25.962" endtime="20251002 01:10:25.963"/>
</kw>
<kw name="Dictionary Should Contain Key" library="Collections">
<arg>${primeiro_produto}</arg>
<arg>preco</arg>
<doc>Fails if ``key`` is not found from ``dictionary``.</doc>
<status status="PASS" starttime="20251002 01:10:25.963" endtime="20251002 01:10:25.963"/>
</kw>
<kw name="Dictionary Should Contain Key" library="Collections">
<arg>${primeiro_produto}</arg>
<arg>descricao</arg>
<doc>Fails if ``key`` is not found from ``dictionary``.</doc>
<status status="PASS" starttime="20251002 01:10:25.963" endtime="20251002 01:10:25.963"/>
</kw>
<kw name="Dictionary Should Contain Key" library="Collections">
<arg>${primeiro_produto}</arg>
<arg>quantidade</arg>
<doc>Fails if ``key`` is not found from ``dictionary``.</doc>
<status status="PASS" starttime="20251002 01:10:25.963" endtime="20251002 01:10:25.963"/>
</kw>
<kw name="Dictionary Should Contain Key" library="Collections">
<arg>${primeiro_produto}</arg>
<arg>_id</arg>
<doc>Fails if ``key`` is not found from ``dictionary``.</doc>
<status status="PASS" starttime="20251002 01:10:25.963" endtime="20251002 01:10:25.963"/>
</kw>
<status status="PASS" starttime="20251002 01:10:25.599" endtime="20251002 01:10:25.963"/>
</kw>
<kw name="Cadastrar produto com sucesso" library="product_keyword">
<kw name="Create Dictionary" library="BuiltIn">
<var>${auth_headers}</var>
<arg>Authorization=${AUTH_HEADER}</arg>
<doc>Creates and returns a dictionary based on the given ``items``.</doc>
<msg timestamp="20251002 01:10:25.964" level="INFO">${auth_headers} = {'Authorization': 'Bearer eyJhbGciOiJIUzI1NiIsInR5cCI6IkpXVCJ9.eyJlbWFpbCI6ImFkbWluX3JvYm90XzEyNUBxYS5jb20uYnIiLCJwYXNzd29yZCI6IlRlc3RlMTIzIiwiaWF0IjoxNzU5Mzc4MjIyLCJleHAiOjE3NTkzNzg4MjJ9.KB4xE3yCm2l_...</msg>
<status status="PASS" starttime="20251002 01:10:25.964" endtime="20251002 01:10:25.964"/>
</kw>
<kw name="Create Dictionary" library="BuiltIn">
<var>${body}</var>
<arg>nome=${PRODUTO.nome}</arg>
<arg>preco=${PRODUTO.preco}</arg>
<arg>descricao=${PRODUTO.descricao}</arg>
<arg>quantidade=${PRODUTO.quantidade}</arg>
<doc>Creates and returns a dictionary based on the given ``items``.</doc>
<msg timestamp="20251002 01:10:25.965" level="INFO">${body} = {'nome': 'Produto uuuuy', 'preco': '100', 'descricao': 'Descricao do produto teste', 'quantidade': '10'}</msg>
<status status="PASS" starttime="20251002 01:10:25.964" endtime="20251002 01:10:25.965"/>
</kw>
<kw name="POST On Session" library="RequestsLibrary">
<var>${response}</var>
<arg>${API_SESSION}</arg>
<arg>/produtos</arg>
<arg>json=${body}</arg>
<arg>headers=${auth_headers}</arg>
<doc>Sends a POST request on a previously created HTTP Session.</doc>
<msg timestamp="20251002 01:10:26.152" level="DEBUG">https://serverest.dev:443 "POST /produtos HTTP/1.1" 400 53</msg>
<msg timestamp="20251002 01:10:26.152" level="INFO">POST Request : url=https://serverest.dev/produtos 
 path_url=/produtos 
 headers={'User-Agent': 'python-requests/2.31.0', 'Accept-Encoding': 'gzip, deflate', 'Accept': '*/*', 'Connection': 'keep-alive', 'Authorization': 'Bearer eyJhbGciOiJIUzI1NiIsInR5cCI6IkpXVCJ9.eyJlbWFpbCI6ImFkbWluX3JvYm90XzEyNUBxYS5jb20uYnIiLCJwYXNzd29yZCI6IlRlc3RlMTIzIiwiaWF0IjoxNzU5Mzc4MjIyLCJleHAiOjE3NTkzNzg4MjJ9.KB4xE3yCm2l_56_9fDc7uPf_X-tnAVmi4h1gg7sP36g', 'Content-Length': '104', 'Content-Type': 'application/json'} 
 body=b'{"nome": "Produto uuuuy", "preco": "100", "descricao": "Descricao do produto teste", "quantidade": "10"}' 
 </msg>
<msg timestamp="20251002 01:10:26.152" level="INFO">POST Response : url=https://serverest.dev/produtos 
 status=400, reason=Bad Request 
 headers={'access-control-allow-origin': '*', 'x-dns-prefetch-control': 'off', 'x-frame-options': 'SAMEORIGIN', 'strict-transport-security': 'max-age=15552000; includeSubDomains', 'x-download-options': 'noopen', 'x-content-type-options': 'nosniff', 'x-xss-protection': '1; mode=block', 'content-type': 'application/json; charset=utf-8', 'x-cloud-trace-context': '48f3cbf927eb6b736107ff15d3b177de', 'date': 'Thu, 02 Oct 2025 04:10:23 GMT', 'server': 'Google Frontend', 'Content-Length': '53'} 
 body={
    "message": "Já existe produto com esse nome"
} 
 </msg>
<msg timestamp="20251002 01:10:26.152" level="INFO">C:\Users\ghepp\AppData\Roaming\Python\Python313\site-packages\urllib3\connectionpool.py:1097: InsecureRequestWarning: Unverified HTTPS request is being made to host 'serverest.dev'. Adding certificate verification is strongly advised. See: https://urllib3.readthedocs.io/en/latest/advanced-usage.html#tls-warnings
  warnings.warn(</msg>
<msg timestamp="20251002 01:10:26.153" level="FAIL">HTTPError: 400 Client Error: Bad Request for url: https://serverest.dev/produtos</msg>
<msg timestamp="20251002 01:10:26.154" level="DEBUG">Traceback (most recent call last):
  File "C:\Users\ghepp\AppData\Roaming\Python\Python313\site-packages\RequestsLibrary\utils.py", line 154, in decorator
    return func(*args, **kwargs)
  File "C:\Users\ghepp\AppData\Roaming\Python\Python313\site-packages\RequestsLibrary\RequestsOnSessionKeywords.py", line 62, in post_on_session
    self._check_status(expected_status, response, msg)
    ~~~~~~~~~~~~~~~~~~^^^^^^^^^^^^^^^^^^^^^^^^^^^^^^^^
  File "C:\Users\ghepp\AppData\Roaming\Python\Python313\site-packages\RequestsLibrary\SessionKeywords.py", line 570, in _check_status
    resp.raise_for_status()
    ~~~~~~~~~~~~~~~~~~~~~^^
  File "C:\Users\ghepp\AppData\Roaming\Python\Python313\site-packages\requests\models.py", line 1021, in raise_for_status
    raise HTTPError(http_error_msg, response=self)
requests.exceptions.HTTPError: 400 Client Error: Bad Request for url: https://serverest.dev/produtos</msg>
<status status="FAIL" starttime="20251002 01:10:25.965" endtime="20251002 01:10:26.154"/>
</kw>
<kw name="Status Should Be" library="RequestsLibrary">
<arg>201</arg>
<arg>${response}</arg>
<doc>Fails if response status code is different than the expected.</doc>
<status status="NOT RUN" starttime="20251002 01:10:26.154" endtime="20251002 01:10:26.154"/>
</kw>
<kw name="Should Be Equal As Strings" library="BuiltIn">
<arg>${response.json()['message']}</arg>
<arg>Cadastro realizado com sucesso</arg>
<doc>Fails if objects are unequal after converting them to strings.</doc>
<status status="NOT RUN" starttime="20251002 01:10:26.154" endtime="20251002 01:10:26.154"/>
</kw>
<kw name="Set Global Variable" library="BuiltIn">
<arg>${PRODUCT_ID}</arg>
<arg>${response.json()['_id']}</arg>
<doc>Makes a variable available globally in all tests and suites.</doc>
<status status="NOT RUN" starttime="20251002 01:10:26.154" endtime="20251002 01:10:26.154"/>
</kw>
<status status="FAIL" starttime="20251002 01:10:25.964" endtime="20251002 01:10:26.154"/>
</kw>
<kw name="Tentar cadastrar produto com nome duplicado" library="product_keyword">
<status status="NOT RUN" starttime="20251002 01:10:26.155" endtime="20251002 01:10:26.155"/>
</kw>
<kw name="Buscar produto por ID e validar dados" library="product_keyword">
<status status="NOT RUN" starttime="20251002 01:10:26.155" endtime="20251002 01:10:26.155"/>
</kw>
<kw name="Editar produto com sucesso" library="product_keyword">
<status status="NOT RUN" starttime="20251002 01:10:26.155" endtime="20251002 01:10:26.155"/>
</kw>
<kw name="Excluir produto com sucesso" library="product_keyword">
<status status="NOT RUN" starttime="20251002 01:10:26.156" endtime="20251002 01:10:26.156"/>
</kw>
<tag>produtos</tag>
<status status="FAIL" starttime="20251002 01:10:25.110" endtime="20251002 01:10:26.156">HTTPError: 400 Client Error: Bad Request for url: https://serverest.dev/produtos</status>
</test>
<kw name="Delete All Sessions" library="RequestsLibrary" type="TEARDOWN">
<doc>Removes all the session objects</doc>
<msg timestamp="20251002 01:10:26.157" level="INFO">Deleting All Sessions</msg>
<status status="PASS" starttime="20251002 01:10:26.157" endtime="20251002 01:10:26.157"/>
</kw>
<status status="FAIL" starttime="20251002 01:10:25.096" endtime="20251002 01:10:26.157"/>
</suite>
<suite id="s1-s4" name="User Test" source="C:\Users\ghepp\Compass_Challenge_03\tests\user_test.robot">
<test id="s1-s4-t1" name="Fluxo de Usuarios" line="12">
<kw name="Listar usuarios e validar schema" library="user_keyword">
<kw name="Create Session" library="RequestsLibrary">
<arg>${API_SESSION}</arg>
<arg>${BASE_URL}</arg>
<arg>timeout=${TIMEOUT}</arg>
<doc>Create Session: create a HTTP session to a server</doc>
<msg timestamp="20251002 01:10:26.167" level="INFO">Creating Session using : alias=serverest, url=https://serverest.dev, headers={},                     cookies={}, auth=None, timeout=120, proxies=None, verify=False,                     debug=0 </msg>
<msg timestamp="20251002 01:10:26.167" level="DEBUG">Creating session: serverest</msg>
<status status="PASS" starttime="20251002 01:10:26.167" endtime="20251002 01:10:26.167"/>
</kw>
<kw name="GET On Session" library="RequestsLibrary">
<var>${response}</var>
<arg>${API_SESSION}</arg>
<arg>/usuarios</arg>
<doc>Sends a GET request on a previously created HTTP Session.</doc>
<msg timestamp="20251002 01:10:26.168" level="DEBUG">Starting new HTTPS connection (1): serverest.dev:443</msg>
<msg timestamp="20251002 01:10:26.625" level="DEBUG">https://serverest.dev:443 "GET /usuarios HTTP/1.1" 200 239423</msg>
<msg timestamp="20251002 01:10:27.080" level="INFO">GET Request : url=https://serverest.dev/usuarios 
 path_url=/usuarios 
 headers={'User-Agent': 'python-requests/2.31.0', 'Accept-Encoding': 'gzip, deflate', 'Accept': '*/*', 'Connection': 'keep-alive'} 
 body=None 
 </msg>
<msg timestamp="20251002 01:10:27.081" level="INFO">GET Response : url=https://serverest.dev/usuarios 
[...]
<var>${random_string}</var>
<arg>8</arg>
<arg>[LOWER]</arg>
<doc>Generates a string with a desired ``length`` from the given ``chars``.</doc>
<msg timestamp="20251002 01:10:27.094" level="INFO">${random_string} = hznxzfhx</msg>
<status status="PASS" starttime="20251002 01:10:27.094" endtime="20251002 01:10:27.094"/>
</kw>
<kw name="Catenate" library="BuiltIn">
<var>${email}</var>
<arg>SEPARATOR=</arg>
<arg>teste_robot_${random_string}</arg>
<arg>@qa.com.br</arg>
<doc>Catenates the given items together and returns the resulted string.</doc>
<msg timestamp="20251002 01:10:27.094" level="INFO">${email} = teste_robot_hznxzfhx@qa.com.br</msg>
<status status="PASS" starttime="20251002 01:10:27.094" endtime="20251002 01:10:27.094"/>
</kw>
<msg timestamp="20251002 01:10:27.094" level="INFO">${email_comum} = teste_robot_hznxzfhx@qa.com.br</msg>
<status status="PASS" starttime="20251002 01:10:27.094" endtime="20251002 01:10:27.094"/>
</kw>
<kw name="Set Suite Variable" library="BuiltIn">
<arg>${EMAIL_COMUM}</arg>
<arg>${email_comum}</arg>
<doc>Makes a variable available everywhere within the scope of the current suite.</doc>
<msg timestamp="20251002 01:10:27.094" level="INFO">${EMAIL_COMUM} = teste_robot_hznxzfhx@qa.com.br</msg>
<status status="PASS" starttime="20251002 01:10:27.094" endtime="20251002 01:10:27.094"/>
</kw>
<kw name="Criar Novo Usuario e Salvar ID" library="user_keyword">
<var>${response}</var>
<arg>${USER_COMUM.nome}</arg>
<arg>${email_comum}</arg>
<arg>${USER_COMUM.password}</arg>
<arg>${USER_COMUM.administrador}</arg>
<kw name="Create Dictionary" library="BuiltIn">
<var>${body}</var>
<arg>nome=${nome}</arg>
<arg>email=${email}</arg>
<arg>password=${password}</arg>
<arg>administrador=${administrador}</arg>
<doc>Creates and returns a dictionary based on the given ``items``.</doc>
<msg timestamp="20251002 01:10:27.096" level="INFO">${body} = {'nome': 'Usuario Comum', 'email': 'teste_robot_hznxzfhx@qa.com.br', 'password': 'Teste123', 'administrador': 'false'}</msg>
<status status="PASS" starttime="20251002 01:10:27.095" endtime="20251002 01:10:27.096"/>
</kw>
<kw name="POST On Session" library="RequestsLibrary">
<var>${response}</var>
<arg>${API_SESSION}</arg>
<arg>/usuarios</arg>
<arg>json=${body}</arg>
<arg>expected_status=201</arg>
<doc>Sends a POST request on a previously created HTTP Session.</doc>
<msg timestamp="20251002 01:10:27.268" level="DEBUG">https://serverest.dev:443 "POST /usuarios HTTP/1.1" 201 82</msg>
<msg timestamp="20251002 01:10:27.268" level="INFO">POST Request : url=https://serverest.dev/usuarios 
 path_url=/usuarios 
 headers={'User-Agent': 'python-requests/2.31.0', 'Accept-Encoding': 'gzip, deflate', 'Accept': '*/*', 'Connection': 'keep-alive', 'Content-Length': '118', 'Content-Type': 'application/json'} 
 body=b'{"nome": "Usuario Comum", "email": "teste_robot_hznxzfhx@qa.com.br", "password": "Teste123", "administrador": "false"}' 
 </msg>
<msg timestamp="20251002 01:10:27.269" level="INFO">POST Response : url=https://serverest.dev/usuarios 
 status=201, reason=Created 
 headers={'access-control-allow-origin': '*', 'x-dns-prefetch-control': 'off', 'x-frame-options': 'SAMEORIGIN', 'strict-transport-security': 'max-age=15552000; includeSubDomains', 'x-download-options': 'noopen', 'x-content-type-options': 'nosniff', 'x-xss-protection': '1; mode=block', 'content-type': 'application/json; charset=utf-8', 'x-cloud-trace-context': 'baa10720bb0d693286c799140fbb5e0c', 'date': 'Thu, 02 Oct 2025 04:10:24 GMT', 'server': 'Google Frontend', 'Content-Length': '82'} 
 body={
    "message": "Cadastro realizado com sucesso",
    "_id": "d3Jq0wTxDNM8PsqE"
} 
 </msg>
<msg timestamp="20251002 01:10:27.269" level="INFO">C:\Users\ghepp\AppData\Roaming\Python\Python313\site-packages\urllib3\connectionpool.py:1097: InsecureRequestWarning: Unverified HTTPS request is being made to host 'serverest.dev'. Adding certificate verification is strongly advised. See: https://urllib3.readthedocs.io/en/latest/advanced-usage.html#tls-warnings
  warnings.warn(</msg>
<msg timestamp="20251002 01:10:27.270" level="INFO">${response} = &lt;Response [201]&gt;</msg>
<status status="PASS" starttime="20251002 01:10:27.096" endtime="20251002 01:10:27.271"/>
</kw>
<kw name="Set Variable" library="BuiltIn">
<var>${user_id}</var>
<arg>${response.json()['_id']}</arg>
<doc>Returns the given values which can then be assigned to a variables.</doc>
<msg timestamp="20251002 01:10:27.273" level="INFO">${user_id} = d3Jq0wTxDNM8PsqE</msg>
<status status="PASS" starttime="20251002 01:10:27.271" endtime="20251002 01:10:27.273"/>
</kw>
<kw name="Set Suite Variable" library="BuiltIn">
<arg>${USER_ID}</arg>
<arg>${user_id}</arg>
<doc>Makes a variable available everywhere within the scope of the current suite.</doc>
<msg timestamp="20251002 01:10:27.274" level="INFO">${USER_ID} = d3Jq0wTxDNM8PsqE</msg>
<status status="PASS" starttime="20251002 01:10:27.273" endtime="20251002 01:10:27.274"/>
</kw>
<msg timestamp="20251002 01:10:27.275" level="INFO">${response} = &lt;Response [201]&gt;</msg>
<status status="PASS" starttime="20251002 01:10:27.095" endtime="20251002 01:10:27.275"/>
</kw>
<kw name="Should Be Equal As Strings" library="BuiltIn">
<arg>${response.json()['message']}</arg>
<arg>Cadastro realizado com sucesso</arg>
<doc>Fails if objects are unequal after converting them to strings.</doc>
<msg timestamp="20251002 01:10:27.277" level="DEBUG">Argument types are:
&lt;class 'str'&gt;
&lt;class 'str'&gt;</msg>
<status status="PASS" starttime="20251002 01:10:27.275" endtime="20251002 01:10:27.277"/>
</kw>
<status status="PASS" starttime="20251002 01:10:27.093" endtime="20251002 01:10:27.277"/>
</kw>
<kw name="Tentar cadastrar usuario com email duplicado" library="user_keyword">
<kw name="Create Dictionary" library="BuiltIn">
<var>${body}</var>
<arg>nome=Outro Nome</arg>
<arg>email=${EMAIL_COMUM}</arg>
<arg>password=outrasenha</arg>
<arg>administrador=false</arg>
<doc>Creates and returns a dictionary based on the given ``items``.</doc>
<msg timestamp="20251002 01:10:27.280" level="INFO">${body} = {'nome': 'Outro Nome', 'email': 'teste_robot_hznxzfhx@qa.com.br', 'password': 'outrasenha', 'administrador': 'false'}</msg>
<status status="PASS" starttime="20251002 01:10:27.278" endtime="20251002 01:10:27.280"/>
</kw>
<kw name="POST On Session" library="RequestsLibrary">
<var>${response}</var>
<arg>${API_SESSION}</arg>
<arg>/usuarios</arg>
<arg>json=${body}</arg>
<arg>expected_status=400</arg>
<doc>Sends a POST request on a previously created HTTP Session.</doc>
<msg timestamp="20251002 01:10:27.467" level="DEBUG">https://serverest.dev:443 "POST /usuarios HTTP/1.1" 400 53</msg>
<msg timestamp="20251002 01:10:27.468" level="INFO">POST Request : url=https://serverest.dev/usuarios 
 path_url=/usuarios 
 headers={'User-Agent': 'python-requests/2.31.0', 'Accept-Encoding': 'gzip, deflate', 'Accept': '*/*', 'Connection': 'keep-alive', 'Content-Length': '117', 'Content-Type': 'application/json'} 
 body=b'{"nome": "Outro Nome", "email": "teste_robot_hznxzfhx@qa.com.br", "password": "outrasenha", "administrador": "false"}' 
 </msg>
<msg timestamp="20251002 01:10:27.468" level="INFO">POST Response : url=https://serverest.dev/usuarios 
 status=400, reason=Bad Request 
 headers={'access-control-allow-origin': '*', 'x-dns-prefetch-control': 'off', 'x-frame-options': 'SAMEORIGIN', 'strict-transport-security': 'max-age=15552000; includeSubDomains', 'x-download-options': 'noopen', 'x-content-type-options': 'nosniff', 'x-xss-protection': '1; mode=block', 'content-type': 'application/json; charset=utf-8', 'x-cloud-trace-context': 'c8e0a5acd358bc4686c799140fbb5af4', 'date': 'Thu, 02 Oct 2025 04:10:24 GMT', 'server': 'Google Frontend', 'Content-Length': '53'} 
 body={
    "message": "Este email já está sendo usado"
} 
 </msg>
<msg timestamp="20251002 01:10:27.468" level="INFO">C:\Users\ghepp\AppData\Roaming\Python\Python313\site-packages\urllib3\connectionpool.py:1097: InsecureRequestWarning: Unverified HTTPS request is being made to host 'serverest.dev'. Adding certificate verification is strongly advised. See: https://urllib3.readthedocs.io/en/latest/advanced-usage.html#tls-warnings
  warnings.warn(</msg>
<msg timestamp="20251002 01:10:27.469" level="INFO">${response} = &lt;Response [400]&gt;</msg>
<status status="PASS" starttime="20251002 01:10:27.280" endtime="20251002 01:10:27.470"/>
</kw>
<kw name="Should Be Equal As Strings" library="BuiltIn">
<arg>${response.json()['message']}</arg>
<arg>Este email já está sendo usado</arg>
<doc>Fails if objects are unequal after converting them to strings.</doc>
<msg timestamp="20251002 01:10:27.472" level="DEBUG">Argument types are:
&lt;class 'str'&gt;
&lt;class 'str'&gt;</msg>
<status status="PASS" starttime="20251002 01:10:27.470" endtime="20251002 01:10:27.472"/>
</kw>
<status status="PASS" starttime="20251002 01:10:27.278" endtime="20251002 01:10:27.472"/>
</kw>
<kw name="Buscar usuario por ID e validar dados" library="user_keyword">
<kw name="GET On Session" library="RequestsLibrary">
<var>${response}</var>
<arg>${API_SESSION}</arg>
<arg>/usuarios/${USER_ID}</arg>
<doc>Sends a GET request on a previously created HTTP Session.</doc>
<msg timestamp="20251002 01:10:27.648" level="DEBUG">https://serverest.dev:443 "GET /usuarios/d3Jq0wTxDNM8PsqE HTTP/1.1" 200 167</msg>
<msg timestamp="20251002 01:10:27.648" level="INFO">GET Request : url=https://serverest.dev/usuarios/d3Jq0wTxDNM8PsqE 
 path_url=/usuarios/d3Jq0wTxDNM8PsqE 
 headers={'User-Agent': 'python-requests/2.31.0', 'Accept-Encoding': 'gzip, deflate', 'Accept': '*/*', 'Connection': 'keep-alive'} 
 body=None 
 </msg>
<msg timestamp="20251002 01:10:27.649" level="INFO">GET Response : url=https://serverest.dev/usuarios/d3Jq0wTxDNM8PsqE 
 status=200, reason=OK 
 headers={'access-control-allow-origin': '*', 'x-dns-prefetch-control': 'off', 'x-frame-options': 'SAMEORIGIN', 'strict-transport-security': 'max-age=15552000; includeSubDomains', 'x-download-options': 'noopen', 'x-content-type-options': 'nosniff', 'x-xss-protection': '1; mode=block', 'content-type': 'application/json; charset=utf-8', 'x-cloud-trace-context': '12949618b7e6b36c86c799140fbb5604', 'date': 'Thu, 02 Oct 2025 04:10:24 GMT', 'server': 'Google Frontend', 'Content-Length': '167'} 
 body={
    "nome": "Usuario Comum",
    "email": "teste_robot_hznxzfhx@qa.com.br",
    "password": "Teste123",
    "administrador": "false",
    "_id": "d3Jq0wTxDNM8PsqE"
} 
 </msg>
<msg timestamp="20251002 01:10:27.649" level="INFO">C:\Users\ghepp\AppData\Roaming\Python\Python313\site-packages\urllib3\connectionpool.py:1097: InsecureRequestWarning: Unverified HTTPS request is being made to host 'serverest.dev'. Adding certificate verification is strongly advised. See: https://urllib3.readthedocs.io/en/latest/advanced-usage.html#tls-warnings
  warnings.warn(</msg>
<msg timestamp="20251002 01:10:27.649" level="INFO">${response} = &lt;Response [200]&gt;</msg>
<status status="PASS" starttime="20251002 01:10:27.474" endtime="20251002 01:10:27.650"/>
</kw>
<kw name="Status Should Be" library="RequestsLibrary">
<arg>200</arg>
<arg>${response}</arg>
<doc>Fails if response status code is different than the expected.</doc>
<status status="PASS" starttime="20251002 01:10:27.650" endtime="20251002 01:10:27.650"/>
</kw>
<kw name="Should Be Equal As Strings" library="BuiltIn">
<arg>${response.json()['nome']}</arg>
<arg>${USER_COMUM.nome}</arg>
<doc>Fails if objects are unequal after converting them to strings.</doc>
<msg timestamp="20251002 01:10:27.652" level="DEBUG">Argument types are:
&lt;class 'str'&gt;
&lt;class 'str'&gt;</msg>
<status status="PASS" starttime="20251002 01:10:27.650" endtime="20251002 01:10:27.652"/>
</kw>
<kw name="Should Be Equal As Strings" library="BuiltIn">
<arg>${response.json()['email']}</arg>
<arg>${EMAIL_COMUM}</arg>
<doc>Fails if objects are unequal after converting them to strings.</doc>
<msg timestamp="20251002 01:10:27.654" level="DEBUG">Argument types are:
&lt;class 'str'&gt;
&lt;class 'str'&gt;</msg>
<status status="PASS" starttime="20251002 01:10:27.653" endtime="20251002 01:10:27.654"/>
</kw>
<status status="PASS" starttime="20251002 01:10:27.473" endtime="20251002 01:10:27.654"/>
</kw>
<kw name="Editar usuario com sucesso" library="user_keyword">
<kw name="Create Dictionary" library="BuiltIn">
<var>${body}</var>
<arg>nome=Nome Alterado Robot</arg>
<arg>email=${EMAIL_COMUM}</arg>
<arg>password=senhaalterada</arg>
<arg>administrador=false</arg>
<doc>Creates and returns a dictionary based on the given ``items``.</doc>
<msg timestamp="20251002 01:10:27.656" level="INFO">${body} = {'nome': 'Nome Alterado Robot', 'email': 'teste_robot_hznxzfhx@qa.com.br', 'password': 'senhaalterada', 'administrador': 'false'}</msg>
<status status="PASS" starttime="20251002 01:10:27.655" endtime="20251002 01:10:27.656"/>
</kw>
<kw name="PUT On Session" library="RequestsLibrary">
<var>${response}</var>
<arg>${API_SESSION}</arg>
<arg>/usuarios/${USER_ID}</arg>
<arg>json=${body}</arg>
<doc>Sends a PUT request on a previously created HTTP Session.</doc>
<msg timestamp="20251002 01:10:27.835" level="DEBUG">https://serverest.dev:443 "PUT /usuarios/d3Jq0wTxDNM8PsqE HTTP/1.1" 200 50</msg>
<msg timestamp="20251002 01:10:27.836" level="INFO">PUT Request : url=https://serverest.dev/usuarios/d3Jq0wTxDNM8PsqE 
 path_url=/usuarios/d3Jq0wTxDNM8PsqE 
 headers={'User-Agent': 'python-requests/2.31.0', 'Accept-Encoding': 'gzip, deflate', 'Accept': '*/*', 'Connection': 'keep-alive', 'Content-Length': '129', 'Content-Type': 'application/json'} 
 body=b'{"nome": "Nome Alterado Robot", "email": "teste_robot_hznxzfhx@qa.com.br", "password": "senhaalterada", "administrador": "false"}' 
 </msg>
<msg timestamp="20251002 01:10:27.836" level="INFO">PUT Response : url=https://serverest.dev/usuarios/d3Jq0wTxDNM8PsqE 
 status=200, reason=OK 
 headers={'access-control-allow-origin': '*', 'x-dns-prefetch-control': 'off', 'x-frame-options': 'SAMEORIGIN', 'strict-transport-security': 'max-age=15552000; includeSubDomains', 'x-download-options': 'noopen', 'x-content-type-options': 'nosniff', 'x-xss-protection': '1; mode=block', 'content-type': 'application/json; charset=utf-8', 'x-cloud-trace-context': 'af4b3a139c39ad8086c799140fbb57b2', 'date': 'Thu, 02 Oct 2025 04:10:24 GMT', 'server': 'Google Frontend', 'Content-Length': '50'} 
 body={
    "message": "Registro alterado com sucesso"
} 
 </msg>
<msg timestamp="20251002 01:10:27.836" level="INFO">C:\Users\ghepp\AppData\Roaming\Python\Python313\site-packages\urllib3\connectionpool.py:1097: InsecureRequestWarning: Unverified HTTPS request is being made to host 'serverest.dev'. Adding certificate verification is strongly advised. See: https://urllib3.readthedocs.io/en/latest/advanced-usage.html#tls-warnings
  warnings.warn(</msg>
<msg timestamp="20251002 01:10:27.837" level="INFO">${response} = &lt;Response [200]&gt;</msg>
<status status="PASS" starttime="20251002 01:10:27.656" endtime="20251002 01:10:27.837"/>
</kw>
<kw name="Status Should Be" library="RequestsLibrary">
<arg>200</arg>
<arg>${response}</arg>
<doc>Fails if response status code is different than the expected.</doc>
<status status="PASS" starttime="20251002 01:10:27.837" endtime="20251002 01:10:27.837"/>
</kw>
<kw name="Should Be Equal As Strings" library="BuiltIn">
<arg>${response.json()['message']}</arg>
<arg>Registro alterado com sucesso</arg>
<doc>Fails if objects are unequal after converting them to strings.</doc>
<msg timestamp="20251002 01:10:27.838" level="DEBUG">Argument types are:
&lt;class 'str'&gt;
&lt;class 'str'&gt;</msg>
<status status="PASS" starttime="20251002 01:10:27.838" endtime="20251002 01:10:27.839"/>
</kw>
<status status="PASS" starttime="20251002 01:10:27.655" endtime="20251002 01:10:27.839"/>
</kw>
<kw name="Excluir usuario com sucesso" library="user_keyword">
<kw name="DELETE On Session" library="RequestsLibrary">
<var>${response}</var>
<arg>${API_SESSION}</arg>
<arg>/usuarios/${USER_ID}</arg>
<doc>Sends a DELETE request on a previously created HTTP Session.</doc>
<msg timestamp="20251002 01:10:28.015" level="DEBUG">https://serverest.dev:443 "DELETE /usuarios/d3Jq0wTxDNM8PsqE HTTP/1.1" 200 51</msg>
<msg timestamp="20251002 01:10:28.015" level="INFO">DELETE Request : url=https://serverest.dev/usuarios/d3Jq0wTxDNM8PsqE 
 path_url=/usuarios/d3Jq0wTxDNM8PsqE 
 headers={'User-Agent': 'python-requests/2.31.0', 'Accept-Encoding': 'gzip, deflate', 'Accept': '*/*', 'Connection': 'keep-alive', 'Content-Length': '0'} 
 body=None 
 </msg>
<msg timestamp="20251002 01:10:28.015" level="INFO">DELETE Response : url=https://serverest.dev/usuarios/d3Jq0wTxDNM8PsqE 
 status=200, reason=OK 
 headers={'access-control-allow-origin': '*', 'x-dns-prefetch-control': 'off', 'x-frame-options': 'SAMEORIGIN', 'strict-transport-security': 'max-age=15552000; includeSubDomains', 'x-download-options': 'noopen', 'x-content-type-options': 'nosniff', 'x-xss-protection': '1; mode=block', 'content-type': 'application/json; charset=utf-8', 'x-cloud-trace-context': '4b197220bfaf5ea086c799140fbb5ffe', 'date': 'Thu, 02 Oct 2025 04:10:25 GMT', 'server': 'Google Frontend', 'Content-Length': '51'} 
 body={
    "message": "Registro excluído com sucesso"
} 
 </msg>
<msg timestamp="20251002 01:10:28.015" level="INFO">C:\Users\ghepp\AppData\Roaming\Python\Python313\site-packages\urllib3\connectionpool.py:1097: InsecureRequestWarning: Unverified HTTPS request is being made to host 'serverest.dev'. Adding certificate verification is strongly advised. See: https://urllib3.readthedocs.io/en/latest/advanced-usage.html#tls-warnings
  warnings.warn(</msg>
<msg timestamp="20251002 01:10:28.016" level="INFO">${response} = &lt;Response [200]&gt;</msg>
<status status="PASS" starttime="20251002 01:10:27.840" endtime="20251002 01:10:28.016"/>
</kw>
<kw name="Status Should Be" library="RequestsLibrary">
<arg>200</arg>
<arg>${response}</arg>
<doc>Fails if response status code is different than the expected.</doc>
<status status="PASS" starttime="20251002 01:10:28.016" endtime="20251002 01:10:28.017"/>
</kw>
<kw name="Should Be Equal As Strings" library="BuiltIn">
<arg>${response.json()['message']}</arg>
<arg>Registro excluído com sucesso</arg>
<doc>Fails if objects are unequal after converting them to strings.</doc>
<msg timestamp="20251002 01:10:28.018" level="DEBUG">Argument types are:
&lt;class 'str'&gt;
&lt;class 'str'&gt;</msg>
<status status="PASS" starttime="20251002 01:10:28.017" endtime="20251002 01:10:28.018"/>
</kw>
<status status="PASS" starttime="20251002 01:10:27.839" endtime="20251002 01:10:28.018"/>
</kw>
<tag>usuarios</tag>
<status status="PASS" starttime="20251002 01:10:26.166" endtime="20251002 01:10:28.019"/>
</test>
<kw name="Delete All Sessions" library="RequestsLibrary" type="TEARDOWN">
<doc>Removes all the session objects</doc>
<msg timestamp="20251002 01:10:28.021" level="INFO">Deleting All Sessions</msg>
<status status="PASS" starttime="20251002 01:10:28.021" endtime="20251002 01:10:28.021"/>
</kw>
<status status="PASS" starttime="20251002 01:10:26.158" endtime="20251002 01:10:28.021"/>
</suite>
<status status="FAIL" starttime="20251002 01:10:23.507" endtime="20251002 01:10:28.024"/>
</suite>
<statistics>
<total>
<stat pass="2" fail="2" skip="0">All Tests</stat>
</total>
<tag>
<stat pass="0" fail="1" skip="0">carrinhos</stat>
<stat pass="1" fail="0" skip="0">login</stat>
<stat pass="0" fail="1" skip="0">produtos</stat>
<stat pass="1" fail="0" skip="0">usuarios</stat>
</tag>
<suite>
<stat pass="2" fail="2" skip="0" id="s1" name="Tests">Tests</stat>
<stat pass="0" fail="1" skip="0" id="s1-s1" name="Carrinho Test">Tests.Carrinho Test</stat>
<stat pass="1" fail="0" skip="0" id="s1-s2" name="Login Test">Tests.Login Test</stat>
<stat pass="0" fail="1" skip="0" id="s1-s3" name="Product Test">Tests.Product Test</stat>
<stat pass="1" fail="0" skip="0" id="s1-s4" name="User Test">Tests.User Test</stat>
</suite>
</statistics>
<errors>
</errors>
</robot>
