<?xml version="1.0" encoding="UTF-8"?>
<robot generator="Robot 6.1.1 (Python 3.13.5 on win32)" generated="20251002 02:01:10.094" rpa="false" schemaversion="4">
<suite id="s1" name="Carrinho Test" source="C:\Users\ghepp\Compass_Challenge_03\tests\carrinho_test.robot">
<test id="s1-t1" name="Fluxo de Carrinhos (Requer Autenticacao)" line="12">
<kw name="Setup para Testes de Carrinho" library="carrinho_keyword" type="SETUP">
<doc>Setup específico para testes de carrinho - cria usuário, faz login e cadastra produto</doc>
<kw name="Setup Test Session" library="common_keyword">
<kw name="Create Session" library="RequestsLibrary">
<arg>${API_SESSION}</arg>
<arg>${BASE_URL}</arg>
<arg>timeout=${TIMEOUT}</arg>
<doc>Create Session: create a HTTP session to a server</doc>
<msg timestamp="20251002 02:01:10.326" level="INFO">Creating Session using : alias=serverest, url=https://serverest.dev, headers={},                     cookies={}, auth=None, timeout=120, proxies=None, verify=False,                     debug=0 </msg>
<status status="PASS" starttime="20251002 02:01:10.325" endtime="20251002 02:01:10.326"/>
</kw>
<status status="PASS" starttime="20251002 02:01:10.325" endtime="20251002 02:01:10.326"/>
</kw>
<kw name="Gerar Email Aleatorio" library="user_keyword">
<var>${emailcarrinho}</var>
<kw name="Generate Random String" library="String">
<var>${random_string}</var>
<arg>8</arg>
<arg>[LOWER]</arg>
<doc>Generates a string with a desired ``length`` from the given ``chars``.</doc>
<msg timestamp="20251002 02:01:10.326" level="INFO">${random_string} = zjroyquc</msg>
<status status="PASS" starttime="20251002 02:01:10.326" endtime="20251002 02:01:10.326"/>
</kw>
<kw name="Catenate" library="BuiltIn">
<var>${email}</var>
<arg>SEPARATOR=</arg>
<arg>teste_robot_${random_string}</arg>
<arg>@qa.com.br</arg>
<doc>Catenates the given items together and returns the resulted string.</doc>
<msg timestamp="20251002 02:01:10.326" level="INFO">${email} = teste_robot_zjroyquc@qa.com.br</msg>
<status status="PASS" starttime="20251002 02:01:10.326" endtime="20251002 02:01:10.326"/>
</kw>
<msg timestamp="20251002 02:01:10.326" level="INFO">${emailcarrinho} = teste_robot_zjroyquc@qa.com.br</msg>
<status status="PASS" starttime="20251002 02:01:10.326" endtime="20251002 02:01:10.326"/>
</kw>
<kw name="Criar Novo Usuario e Salvar ID" library="user_keyword">
<arg>${USER_ADMIN.nome}</arg>
<arg>${emailcarrinho}</arg>
<arg>${USER_ADMIN.password}</arg>
<arg>${USER_ADMIN.administrador}</arg>
<kw name="Create Dictionary" library="BuiltIn">
<var>${body}</var>
<arg>nome=${nome}</arg>
<arg>email=${email}</arg>
<arg>password=${password}</arg>
<arg>administrador=${administrador}</arg>
<doc>Creates and returns a dictionary based on the given ``items``.</doc>
<msg timestamp="20251002 02:01:10.328" level="INFO">${body} = {'nome': 'Usuario Admin', 'email': 'teste_robot_zjroyquc@qa.com.br', 'password': 'Teste123', 'administrador': 'true'}</msg>
<status status="PASS" starttime="20251002 02:01:10.327" endtime="20251002 02:01:10.328"/>
</kw>
<kw name="POST On Session" library="RequestsLibrary">
<var>${response}</var>
<arg>${API_SESSION}</arg>
<arg>/usuarios</arg>
<arg>json=${body}</arg>
<arg>expected_status=201</arg>
<doc>Sends a POST request on a previously created HTTP Session.</doc>
<msg timestamp="20251002 02:01:10.775" level="INFO">POST Request : url=https://serverest.dev/usuarios 
 path_url=/usuarios 
 headers={'User-Agent': 'python-requests/2.31.0', 'Accept-Encoding': 'gzip, deflate', 'Accept': '*/*', 'Connection': 'keep-alive', 'Content-Length': '117', 'Content-Type': 'application/json'} 
 body=b'{"nome": "Usuario Admin", "email": "teste_robot_zjroyquc@qa.com.br", "password": "Teste123", "administrador": "true"}' 
 </msg>
<msg timestamp="20251002 02:01:10.775" level="INFO">POST Response : url=https://serverest.dev/usuarios 
 status=201, reason=Created 
 headers={'access-control-allow-origin': '*', 'x-dns-prefetch-control': 'off', 'x-frame-options': 'SAMEORIGIN', 'strict-transport-security': 'max-age=15552000; includeSubDomains', 'x-download-options': 'noopen', 'x-content-type-options': 'nosniff', 'x-xss-protection': '1; mode=block', 'content-type': 'application/json; charset=utf-8', 'x-cloud-trace-context': '895606dea7b5dffd397b84a0fba29b59', 'date': 'Thu, 02 Oct 2025 05:01:07 GMT', 'server': 'Google Frontend', 'Content-Length': '82'} 
 body={
    "message": "Cadastro realizado com sucesso",
    "_id": "HX9nUuMcZKcD2C1M"
} 
 </msg>
<msg timestamp="20251002 02:01:10.775" level="INFO">C:\Users\ghepp\AppData\Roaming\Python\Python313\site-packages\urllib3\connectionpool.py:1097: InsecureRequestWarning: Unverified HTTPS request is being made to host 'serverest.dev'. Adding certificate verification is strongly advised. See: https://urllib3.readthedocs.io/en/latest/advanced-usage.html#tls-warnings
  warnings.warn(</msg>
<msg timestamp="20251002 02:01:10.777" level="INFO">${response} = &lt;Response [201]&gt;</msg>
<status status="PASS" starttime="20251002 02:01:10.328" endtime="20251002 02:01:10.777"/>
</kw>
<kw name="Set Variable" library="BuiltIn">
<var>${user_id}</var>
<arg>${response.json()['_id']}</arg>
<doc>Returns the given values which can then be assigned to a variables.</doc>
<msg timestamp="20251002 02:01:10.779" level="INFO">${user_id} = HX9nUuMcZKcD2C1M</msg>
<status status="PASS" starttime="20251002 02:01:10.777" endtime="20251002 02:01:10.779"/>
</kw>
<kw name="Set Suite Variable" library="BuiltIn">
<arg>${USER_ID}</arg>
<arg>${user_id}</arg>
<doc>Makes a variable available everywhere within the scope of the current suite.</doc>
<msg timestamp="20251002 02:01:10.780" level="INFO">${USER_ID} = HX9nUuMcZKcD2C1M</msg>
<status status="PASS" starttime="20251002 02:01:10.779" endtime="20251002 02:01:10.780"/>
</kw>
<status status="PASS" starttime="20251002 02:01:10.326" endtime="20251002 02:01:10.780"/>
</kw>
<kw name="Fazer Login e Salvar Token" library="login_keyword">
<arg>${emailcarrinho}</arg>
<arg>${USER_ADMIN.password}</arg>
<kw name="Create Dictionary" library="BuiltIn">
<var>${body}</var>
<arg>email=${email}</arg>
<arg>password=${password}</arg>
<doc>Creates and returns a dictionary based on the given ``items``.</doc>
<msg timestamp="20251002 02:01:10.782" level="INFO">${body} = {'email': 'teste_robot_zjroyquc@qa.com.br', 'password': 'Teste123'}</msg>
<status status="PASS" starttime="20251002 02:01:10.782" endtime="20251002 02:01:10.782"/>
</kw>
<kw name="POST On Session" library="RequestsLibrary">
<var>${response}</var>
<arg>${API_SESSION}</arg>
<arg>/login</arg>
<arg>json=${body}</arg>
<arg>expected_status=200</arg>
<doc>Sends a POST request on a previously created HTTP Session.</doc>
<msg timestamp="20251002 02:01:10.954" level="INFO">POST Request : url=https://serverest.dev/login 
 path_url=/login 
 headers={'User-Agent': 'python-requests/2.31.0', 'Accept-Encoding': 'gzip, deflate', 'Accept': '*/*', 'Connection': 'keep-alive', 'Content-Length': '67', 'Content-Type': 'application/json'} 
 body=b'{"email": "teste_robot_zjroyquc@qa.com.br", "password": "Teste123"}' 
 </msg>
<msg timestamp="20251002 02:01:10.954" level="INFO">POST Response : url=https://serverest.dev/login 
 status=200, reason=OK 
 headers={'access-control-allow-origin': '*', 'x-dns-prefetch-control': 'off', 'x-frame-options': 'SAMEORIGIN', 'strict-transport-security': 'max-age=15552000; includeSubDomains', 'x-download-options': 'noopen', 'x-content-type-options': 'nosniff', 'x-xss-protection': '1; mode=block', 'content-type': 'application/json; charset=utf-8', 'x-cloud-trace-context': 'c9aeaaa580e1f123397b84a0fba295cf', 'date': 'Thu, 02 Oct 2025 05:01:07 GMT', 'server': 'Google Frontend', 'Content-Length': '292'} 
 body={
    "message": "Login realizado com sucesso",
    "authorization": "Bearer eyJhbGciOiJIUzI1NiIsInR5cCI6IkpXVCJ9.eyJlbWFpbCI6InRlc3RlX3JvYm90X3pqcm95cXVjQHFhLmNvbS5iciIsInBhc3N3b3JkIjoiVGVzdGUxMjMiLCJpYXQiOjE3NTkzODEyNjcsImV4cCI6MTc1OTM4MTg2N30.DlOT19Sx9iO7UzHyleyWgnEVQVbkhoV33gNefbdpRTg"
} 
 </msg>
<msg timestamp="20251002 02:01:10.954" level="INFO">C:\Users\ghepp\AppData\Roaming\Python\Python313\site-packages\urllib3\connectionpool.py:1097: InsecureRequestWarning: Unverified HTTPS request is being made to host 'serverest.dev'. Adding certificate verification is strongly advised. See: https://urllib3.readthedocs.io/en/latest/advanced-usage.html#tls-warnings
  warnings.warn(</msg>
<msg timestamp="20251002 02:01:10.955" level="INFO">${response} = &lt;Response [200]&gt;</msg>
<status status="PASS" starttime="20251002 02:01:10.782" endtime="20251002 02:01:10.955"/>
</kw>
<kw name="Set Variable" library="BuiltIn">
<var>${auth_header}</var>
<arg>${response.json()['authorization']}</arg>
<doc>Returns the given values which can then be assigned to a variables.</doc>
<msg timestamp="20251002 02:01:10.955" level="INFO">${auth_header} = Bearer eyJhbGciOiJIUzI1NiIsInR5cCI6IkpXVCJ9.eyJlbWFpbCI6InRlc3RlX3JvYm90X3pqcm95cXVjQHFhLmNvbS5iciIsInBhc3N3b3JkIjoiVGVzdGUxMjMiLCJpYXQiOjE3NTkzODEyNjcsImV4cCI6MTc1OTM4MTg2N30.DlOT19Sx9iO7UzHyleyWgnEV...</msg>
<status status="PASS" starttime="20251002 02:01:10.955" endtime="20251002 02:01:10.955"/>
</kw>
<kw name="Set Global Variable" library="BuiltIn">
<arg>${AUTH_HEADER}</arg>
<arg>${auth_header}</arg>
<doc>Makes a variable available globally in all tests and suites.</doc>
<msg timestamp="20251002 02:01:10.955" level="INFO">${AUTH_HEADER} = Bearer eyJhbGciOiJIUzI1NiIsInR5cCI6IkpXVCJ9.eyJlbWFpbCI6InRlc3RlX3JvYm90X3pqcm95cXVjQHFhLmNvbS5iciIsInBhc3N3b3JkIjoiVGVzdGUxMjMiLCJpYXQiOjE3NTkzODEyNjcsImV4cCI6MTc1OTM4MTg2N30.DlOT19Sx9iO7UzHyleyWgnEV...</msg>
<status status="PASS" starttime="20251002 02:01:10.955" endtime="20251002 02:01:10.955"/>
</kw>
<status status="PASS" starttime="20251002 02:01:10.781" endtime="20251002 02:01:10.956"/>
</kw>
<kw name="Gerar nome de produto unico" library="product_keyword">
<var>${unique_name}</var>
<kw name="Generate Random String" library="String">
<var>${random_number}</var>
<arg>5</arg>
<arg>[NUMBERS]</arg>
<doc>Generates a string with a desired ``length`` from the given ``chars``.</doc>
<msg timestamp="20251002 02:01:10.956" level="INFO">${random_number} = 76072</msg>
<status status="PASS" starttime="20251002 02:01:10.956" endtime="20251002 02:01:10.956"/>
</kw>
<kw name="Catenate" library="BuiltIn">
<var>${unique_name}</var>
<arg>SEPARATOR=</arg>
<arg>Produto_</arg>
<arg>${random_number}</arg>
<doc>Catenates the given items together and returns the resulted string.</doc>
<msg timestamp="20251002 02:01:10.956" level="INFO">${unique_name} = Produto_76072</msg>
<status status="PASS" starttime="20251002 02:01:10.956" endtime="20251002 02:01:10.956"/>
</kw>
<kw name="Set Global Variable" library="BuiltIn">
<arg>${unique_name}</arg>
<doc>Makes a variable available globally in all tests and suites.</doc>
<msg timestamp="20251002 02:01:10.957" level="INFO">${unique_name} = Produto_76072</msg>
<status status="PASS" starttime="20251002 02:01:10.956" endtime="20251002 02:01:10.957"/>
</kw>
<msg timestamp="20251002 02:01:10.957" level="INFO">${unique_name} = Produto_76072</msg>
<status status="PASS" starttime="20251002 02:01:10.956" endtime="20251002 02:01:10.957"/>
</kw>
<kw name="Cadastrar Novo Produto e Salvar ID" library="product_keyword">
<arg>${unique_name}</arg>
<arg>${PRODUTO.preco}</arg>
<arg>${PRODUTO.descricao}</arg>
<arg>${PRODUTO.quantidade}</arg>
<kw name="Create Dictionary" library="BuiltIn">
<var>${auth_headers}</var>
<arg>Authorization=${AUTH_HEADER}</arg>
<doc>Creates and returns a dictionary based on the given ``items``.</doc>
<msg timestamp="20251002 02:01:10.958" level="INFO">${auth_headers} = {'Authorization': 'Bearer eyJhbGciOiJIUzI1NiIsInR5cCI6IkpXVCJ9.eyJlbWFpbCI6InRlc3RlX3JvYm90X3pqcm95cXVjQHFhLmNvbS5iciIsInBhc3N3b3JkIjoiVGVzdGUxMjMiLCJpYXQiOjE3NTkzODEyNjcsImV4cCI6MTc1OTM4MTg2N30.DlOT1...</msg>
<status status="PASS" starttime="20251002 02:01:10.958" endtime="20251002 02:01:10.958"/>
</kw>
<kw name="Create Dictionary" library="BuiltIn">
<var>${body}</var>
<arg>nome=${unique_name}</arg>
<arg>preco=${preco}</arg>
<arg>descricao=${descricao}</arg>
<arg>quantidade=${quantidade}</arg>
<doc>Creates and returns a dictionary based on the given ``items``.</doc>
<msg timestamp="20251002 02:01:10.958" level="INFO">${body} = {'nome': 'Produto_76072', 'preco': '100', 'descricao': 'Descricao do produto teste', 'quantidade': '10'}</msg>
<status status="PASS" starttime="20251002 02:01:10.958" endtime="20251002 02:01:10.958"/>
</kw>
<kw name="POST On Session" library="RequestsLibrary">
<var>${response}</var>
<arg>${API_SESSION}</arg>
<arg>/produtos</arg>
<arg>json=${body}</arg>
<arg>headers=${auth_headers}</arg>
<arg>expected_status=201</arg>
<doc>Sends a POST request on a previously created HTTP Session.</doc>
<msg timestamp="20251002 02:01:11.135" level="INFO">POST Request : url=https://serverest.dev/produtos 
 path_url=/produtos 
 headers={'User-Agent': 'python-requests/2.31.0', 'Accept-Encoding': 'gzip, deflate', 'Accept': '*/*', 'Connection': 'keep-alive', 'Authorization': 'Bearer eyJhbGciOiJIUzI1NiIsInR5cCI6IkpXVCJ9.eyJlbWFpbCI6InRlc3RlX3JvYm90X3pqcm95cXVjQHFhLmNvbS5iciIsInBhc3N3b3JkIjoiVGVzdGUxMjMiLCJpYXQiOjE3NTkzODEyNjcsImV4cCI6MTc1OTM4MTg2N30.DlOT19Sx9iO7UzHyleyWgnEVQVbkhoV33gNefbdpRTg', 'Content-Length': '104', 'Content-Type': 'application/json'} 
 body=b'{"nome": "Produto_76072", "preco": "100", "descricao": "Descricao do produto teste", "quantidade": "10"}' 
 </msg>
<msg timestamp="20251002 02:01:11.136" level="INFO">POST Response : url=https://serverest.dev/produtos 
 status=201, reason=Created 
 headers={'access-control-allow-origin': '*', 'x-dns-prefetch-control': 'off', 'x-frame-options': 'SAMEORIGIN', 'strict-transport-security': 'max-age=15552000; includeSubDomains', 'x-download-options': 'noopen', 'x-content-type-options': 'nosniff', 'x-xss-protection': '1; mode=block', 'content-type': 'application/json; charset=utf-8', 'x-cloud-trace-context': '0465074718f69519397b84a0fba29646', 'date': 'Thu, 02 Oct 2025 05:01:08 GMT', 'server': 'Google Frontend', 'Content-Length': '82'} 
 body={
    "message": "Cadastro realizado com sucesso",
    "_id": "Xy6spf9NnJi4kvkT"
} 
 </msg>
<msg timestamp="20251002 02:01:11.136" level="INFO">C:\Users\ghepp\AppData\Roaming\Python\Python313\site-packages\urllib3\connectionpool.py:1097: InsecureRequestWarning: Unverified HTTPS request is being made to host 'serverest.dev'. Adding certificate verification is strongly advised. See: https://urllib3.readthedocs.io/en/latest/advanced-usage.html#tls-warnings
  warnings.warn(</msg>
<msg timestamp="20251002 02:01:11.137" level="INFO">${response} = &lt;Response [201]&gt;</msg>
<status status="PASS" starttime="20251002 02:01:10.958" endtime="20251002 02:01:11.137"/>
</kw>
<kw name="Set Variable" library="BuiltIn">
<var>${product_id}</var>
<arg>${response.json()['_id']}</arg>
<doc>Returns the given values which can then be assigned to a variables.</doc>
<msg timestamp="20251002 02:01:11.139" level="INFO">${product_id} = Xy6spf9NnJi4kvkT</msg>
<status status="PASS" starttime="20251002 02:01:11.138" endtime="20251002 02:01:11.140"/>
</kw>
<kw name="Set Global Variable" library="BuiltIn">
<arg>${PRODUCT_ID}</arg>
<arg>${product_id}</arg>
<doc>Makes a variable available globally in all tests and suites.</doc>
<msg timestamp="20251002 02:01:11.141" level="INFO">${PRODUCT_ID} = Xy6spf9NnJi4kvkT</msg>
<status status="PASS" starttime="20251002 02:01:11.140" endtime="20251002 02:01:11.141"/>
</kw>
<status status="PASS" starttime="20251002 02:01:10.957" endtime="20251002 02:01:11.141"/>
</kw>
<status status="PASS" starttime="20251002 02:01:10.325" endtime="20251002 02:01:11.141"/>
</kw>
<kw name="Cadastrar carrinho com sucesso" library="carrinho_keyword">
<kw name="Create Dictionary" library="BuiltIn">
<var>${auth_headers}</var>
<arg>Authorization=${AUTH_HEADER}</arg>
<doc>Creates and returns a dictionary based on the given ``items``.</doc>
<msg timestamp="20251002 02:01:11.144" level="INFO">${auth_headers} = {'Authorization': 'Bearer eyJhbGciOiJIUzI1NiIsInR5cCI6IkpXVCJ9.eyJlbWFpbCI6InRlc3RlX3JvYm90X3pqcm95cXVjQHFhLmNvbS5iciIsInBhc3N3b3JkIjoiVGVzdGUxMjMiLCJpYXQiOjE3NTkzODEyNjcsImV4cCI6MTc1OTM4MTg2N30.DlOT1...</msg>
<status status="PASS" starttime="20251002 02:01:11.143" endtime="20251002 02:01:11.144"/>
</kw>
<kw name="Create Dictionary" library="BuiltIn">
<var>${produto_dict}</var>
<arg>idProduto=${PRODUCT_ID}</arg>
<arg>quantidade=1</arg>
<doc>Creates and returns a dictionary based on the given ``items``.</doc>
<msg timestamp="20251002 02:01:11.145" level="INFO">${produto_dict} = {'idProduto': 'Xy6spf9NnJi4kvkT', 'quantidade': '1'}</msg>
<status status="PASS" starttime="20251002 02:01:11.144" endtime="20251002 02:01:11.146"/>
</kw>
<kw name="Create List" library="BuiltIn">
<var>${produto_lista}</var>
<arg>${produto_dict}</arg>
<doc>Returns a list containing given items.</doc>
<msg timestamp="20251002 02:01:11.146" level="INFO">${produto_lista} = [{'idProduto': 'Xy6spf9NnJi4kvkT', 'quantidade': '1'}]</msg>
<status status="PASS" starttime="20251002 02:01:11.146" endtime="20251002 02:01:11.146"/>
</kw>
<kw name="Create Dictionary" library="BuiltIn">
<var>${body}</var>
<arg>produtos=${produto_lista}</arg>
<doc>Creates and returns a dictionary based on the given ``items``.</doc>
<msg timestamp="20251002 02:01:11.148" level="INFO">${body} = {'produtos': [{'idProduto': 'Xy6spf9NnJi4kvkT', 'quantidade': '1'}]}</msg>
<status status="PASS" starttime="20251002 02:01:11.147" endtime="20251002 02:01:11.148"/>
</kw>
<kw name="POST On Session" library="RequestsLibrary">
<var>${response}</var>
<arg>${API_SESSION}</arg>
<arg>/carrinhos</arg>
<arg>json=${body}</arg>
<arg>headers=${auth_headers}</arg>
<doc>Sends a POST request on a previously created HTTP Session.</doc>
<msg timestamp="20251002 02:01:11.339" level="INFO">POST Request : url=https://serverest.dev/carrinhos 
 path_url=/carrinhos 
 headers={'User-Agent': 'python-requests/2.31.0', 'Accept-Encoding': 'gzip, deflate', 'Accept': '*/*', 'Connection': 'keep-alive', 'Authorization': 'Bearer eyJhbGciOiJIUzI1NiIsInR5cCI6IkpXVCJ9.eyJlbWFpbCI6InRlc3RlX3JvYm90X3pqcm95cXVjQHFhLmNvbS5iciIsInBhc3N3b3JkIjoiVGVzdGUxMjMiLCJpYXQiOjE3NTkzODEyNjcsImV4cCI6MTc1OTM4MTg2N30.DlOT19Sx9iO7UzHyleyWgnEVQVbkhoV33gNefbdpRTg', 'Content-Length': '68', 'Content-Type': 'application/json'} 
 body=b'{"produtos": [{"idProduto": "Xy6spf9NnJi4kvkT", "quantidade": "1"}]}' 
 </msg>
<msg timestamp="20251002 02:01:11.339" level="INFO">POST Response : url=https://serverest.dev/carrinhos 
 status=201, reason=Created 
 headers={'access-control-allow-origin': '*', 'x-dns-prefetch-control': 'off', 'x-frame-options': 'SAMEORIGIN', 'strict-transport-security': 'max-age=15552000; includeSubDomains', 'x-download-options': 'noopen', 'x-content-type-options': 'nosniff', 'x-xss-protection': '1; mode=block', 'content-type': 'application/json; charset=utf-8', 'x-cloud-trace-context': 'c2d602558d831f68397b84a0fba29cb6', 'date': 'Thu, 02 Oct 2025 05:01:08 GMT', 'server': 'Google Frontend', 'Content-Length': '82'} 
 body={
    "message": "Cadastro realizado com sucesso",
    "_id": "qMjyjnY84bitPQ60"
} 
 </msg>
<msg timestamp="20251002 02:01:11.339" level="INFO">C:\Users\ghepp\AppData\Roaming\Python\Python313\site-packages\urllib3\connectionpool.py:1097: InsecureRequestWarning: Unverified HTTPS request is being made to host 'serverest.dev'. Adding certificate verification is strongly advised. See: https://urllib3.readthedocs.io/en/latest/advanced-usage.html#tls-warnings
  warnings.warn(</msg>
<msg timestamp="20251002 02:01:11.340" level="INFO">${response} = &lt;Response [201]&gt;</msg>
<status status="PASS" starttime="20251002 02:01:11.148" endtime="20251002 02:01:11.340"/>
</kw>
<kw name="Status Should Be" library="RequestsLibrary">
<arg>201</arg>
<arg>${response}</arg>
<doc>Fails if response status code is different than the expected.</doc>
<status status="PASS" starttime="20251002 02:01:11.341" endtime="20251002 02:01:11.341"/>
</kw>
<kw name="Should Be Equal As Strings" library="BuiltIn">
<arg>${response.json()['message']}</arg>
<arg>Cadastro realizado com sucesso</arg>
<doc>Fails if objects are unequal after converting them to strings.</doc>
<status status="PASS" starttime="20251002 02:01:11.342" endtime="20251002 02:01:11.343"/>
</kw>
<status status="PASS" starttime="20251002 02:01:11.142" endtime="20251002 02:01:11.344"/>
</kw>
<kw name="Tentar excluir usuario que possui carrinho" library="carrinho_keyword">
<kw name="DELETE On Session" library="RequestsLibrary">
<var>${response}</var>
<arg>${API_SESSION}</arg>
<arg>/usuarios/${USER_ID}</arg>
<arg>expected_status=400</arg>
<doc>Sends a DELETE request on a previously created HTTP Session.</doc>
<msg timestamp="20251002 02:01:11.520" level="INFO">DELETE Request : url=https://serverest.dev/usuarios/HX9nUuMcZKcD2C1M 
 path_url=/usuarios/HX9nUuMcZKcD2C1M 
 headers={'User-Agent': 'python-requests/2.31.0', 'Accept-Encoding': 'gzip, deflate', 'Accept': '*/*', 'Connection': 'keep-alive', 'Content-Length': '0'} 
 body=None 
 </msg>
<msg timestamp="20251002 02:01:11.520" level="INFO">DELETE Response : url=https://serverest.dev/usuarios/HX9nUuMcZKcD2C1M 
 status=400, reason=Bad Request 
 headers={'access-control-allow-origin': '*', 'x-dns-prefetch-control': 'off', 'x-frame-options': 'SAMEORIGIN', 'strict-transport-security': 'max-age=15552000; includeSubDomains', 'x-download-options': 'noopen', 'x-content-type-options': 'nosniff', 'x-xss-protection': '1; mode=block', 'content-type': 'application/json; charset=utf-8', 'x-cloud-trace-context': 'f2717af021f49eb5397b84a0fba29f8f', 'date': 'Thu, 02 Oct 2025 05:01:08 GMT', 'server': 'Google Frontend', 'Content-Length': '117'} 
 body={
    "message": "Não é permitido excluir usuário com carrinho cadastrado",
    "idCarrinho": "qMjyjnY84bitPQ60"
} 
 </msg>
<msg timestamp="20251002 02:01:11.520" level="INFO">C:\Users\ghepp\AppData\Roaming\Python\Python313\site-packages\urllib3\connectionpool.py:1097: InsecureRequestWarning: Unverified HTTPS request is being made to host 'serverest.dev'. Adding certificate verification is strongly advised. See: https://urllib3.readthedocs.io/en/latest/advanced-usage.html#tls-warnings
  warnings.warn(</msg>
<msg timestamp="20251002 02:01:11.521" level="INFO">${response} = &lt;Response [400]&gt;</msg>
<status status="PASS" starttime="20251002 02:01:11.345" endtime="20251002 02:01:11.521"/>
</kw>
<kw name="Should Be Equal As Strings" library="BuiltIn">
<arg>${response.json()['message']}</arg>
<arg>Não é permitido excluir usuário com carrinho cadastrado</arg>
<doc>Fails if objects are unequal after converting them to strings.</doc>
<status status="PASS" starttime="20251002 02:01:11.521" endtime="20251002 02:01:11.521"/>
</kw>
<status status="PASS" starttime="20251002 02:01:11.345" endtime="20251002 02:01:11.521"/>
</kw>
<kw name="Concluir compra e esvaziar carrinho" library="carrinho_keyword">
<kw name="Create Dictionary" library="BuiltIn">
<var>${auth_headers}</var>
<arg>Authorization=${AUTH_HEADER}</arg>
<doc>Creates and returns a dictionary based on the given ``items``.</doc>
<msg timestamp="20251002 02:01:11.522" level="INFO">${auth_headers} = {'Authorization': 'Bearer eyJhbGciOiJIUzI1NiIsInR5cCI6IkpXVCJ9.eyJlbWFpbCI6InRlc3RlX3JvYm90X3pqcm95cXVjQHFhLmNvbS5iciIsInBhc3N3b3JkIjoiVGVzdGUxMjMiLCJpYXQiOjE3NTkzODEyNjcsImV4cCI6MTc1OTM4MTg2N30.DlOT1...</msg>
<status status="PASS" starttime="20251002 02:01:11.522" endtime="20251002 02:01:11.522"/>
</kw>
<kw name="DELETE On Session" library="RequestsLibrary">
<var>${response}</var>
<arg>${API_SESSION}</arg>
<arg>/carrinhos/concluir-compra</arg>
<arg>headers=${auth_headers}</arg>
<doc>Sends a DELETE request on a previously created HTTP Session.</doc>
<msg timestamp="20251002 02:01:11.696" level="INFO">DELETE Request : url=https://serverest.dev/carrinhos/concluir-compra 
 path_url=/carrinhos/concluir-compra 
 headers={'User-Agent': 'python-requests/2.31.0', 'Accept-Encoding': 'gzip, deflate', 'Accept': '*/*', 'Connection': 'keep-alive', 'Authorization': 'Bearer eyJhbGciOiJIUzI1NiIsInR5cCI6IkpXVCJ9.eyJlbWFpbCI6InRlc3RlX3JvYm90X3pqcm95cXVjQHFhLmNvbS5iciIsInBhc3N3b3JkIjoiVGVzdGUxMjMiLCJpYXQiOjE3NTkzODEyNjcsImV4cCI6MTc1OTM4MTg2N30.DlOT19Sx9iO7UzHyleyWgnEVQVbkhoV33gNefbdpRTg', 'Content-Length': '0'} 
 body=None 
 </msg>
<msg timestamp="20251002 02:01:11.696" level="INFO">DELETE Response : url=https://serverest.dev/carrinhos/concluir-compra 
 status=200, reason=OK 
 headers={'access-control-allow-origin': '*', 'x-dns-prefetch-control': 'off', 'x-frame-options': 'SAMEORIGIN', 'strict-transport-security': 'max-age=15552000; includeSubDomains', 'x-download-options': 'noopen', 'x-content-type-options': 'nosniff', 'x-xss-protection': '1; mode=block', 'content-type': 'application/json; charset=utf-8', 'x-cloud-trace-context': '4d3eb4f1dfeb3c4a397b84a0fba29ffe', 'date': 'Thu, 02 Oct 2025 05:01:08 GMT', 'server': 'Google Frontend', 'Content-Length': '51'} 
 body={
    "message": "Registro excluído com sucesso"
} 
 </msg>
<msg timestamp="20251002 02:01:11.697" level="INFO">C:\Users\ghepp\AppData\Roaming\Python\Python313\site-packages\urllib3\connectionpool.py:1097: InsecureRequestWarning: Unverified HTTPS request is being made to host 'serverest.dev'. Adding certificate verification is strongly advised. See: https://urllib3.readthedocs.io/en/latest/advanced-usage.html#tls-warnings
  warnings.warn(</msg>
<msg timestamp="20251002 02:01:11.698" level="INFO">${response} = &lt;Response [200]&gt;</msg>
<status status="PASS" starttime="20251002 02:01:11.522" endtime="20251002 02:01:11.698"/>
</kw>
<kw name="Status Should Be" library="RequestsLibrary">
<arg>200</arg>
<arg>${response}</arg>
<doc>Fails if response status code is different than the expected.</doc>
<status status="PASS" starttime="20251002 02:01:11.699" endtime="20251002 02:01:11.699"/>
</kw>
<kw name="Should Be Equal As Strings" library="BuiltIn">
<arg>${response.json()['message']}</arg>
<arg>Registro excluído com sucesso</arg>
<doc>Fails if objects are unequal after converting them to strings.</doc>
<status status="PASS" starttime="20251002 02:01:11.699" endtime="20251002 02:01:11.701"/>
</kw>
<status status="PASS" starttime="20251002 02:01:11.522" endtime="20251002 02:01:11.701"/>
</kw>
<kw name="Tentar excluir usuario sem carrinho" library="carrinho_keyword">
<kw name="Excluir usuario com sucesso" library="user_keyword">
<kw name="DELETE On Session" library="RequestsLibrary">
<var>${response}</var>
<arg>${API_SESSION}</arg>
<arg>/usuarios/${USER_ID}</arg>
<doc>Sends a DELETE request on a previously created HTTP Session.</doc>
<msg timestamp="20251002 02:01:11.877" level="INFO">DELETE Request : url=https://serverest.dev/usuarios/HX9nUuMcZKcD2C1M 
 path_url=/usuarios/HX9nUuMcZKcD2C1M 
 headers={'User-Agent': 'python-requests/2.31.0', 'Accept-Encoding': 'gzip, deflate', 'Accept': '*/*', 'Connection': 'keep-alive', 'Content-Length': '0'} 
 body=None 
 </msg>
<msg timestamp="20251002 02:01:11.877" level="INFO">DELETE Response : url=https://serverest.dev/usuarios/HX9nUuMcZKcD2C1M 
 status=200, reason=OK 
 headers={'access-control-allow-origin': '*', 'x-dns-prefetch-control': 'off', 'x-frame-options': 'SAMEORIGIN', 'strict-transport-security': 'max-age=15552000; includeSubDomains', 'x-download-options': 'noopen', 'x-content-type-options': 'nosniff', 'x-xss-protection': '1; mode=block', 'content-type': 'application/json; charset=utf-8', 'x-cloud-trace-context': '2ffe617071b5854a397b84a0fba29075', 'date': 'Thu, 02 Oct 2025 05:01:08 GMT', 'server': 'Google Frontend', 'Content-Length': '51'} 
 body={
    "message": "Registro excluído com sucesso"
} 
 </msg>
<msg timestamp="20251002 02:01:11.877" level="INFO">C:\Users\ghepp\AppData\Roaming\Python\Python313\site-packages\urllib3\connectionpool.py:1097: InsecureRequestWarning: Unverified HTTPS request is being made to host 'serverest.dev'. Adding certificate verification is strongly advised. See: https://urllib3.readthedocs.io/en/latest/advanced-usage.html#tls-warnings
  warnings.warn(</msg>
<msg timestamp="20251002 02:01:11.878" level="INFO">${response} = &lt;Response [200]&gt;</msg>
<status status="PASS" starttime="20251002 02:01:11.704" endtime="20251002 02:01:11.878"/>
</kw>
<kw name="Status Should Be" library="RequestsLibrary">
<arg>200</arg>
<arg>${response}</arg>
<doc>Fails if response status code is different than the expected.</doc>
<status status="PASS" starttime="20251002 02:01:11.878" endtime="20251002 02:01:11.878"/>
</kw>
<kw name="Should Be Equal As Strings" library="BuiltIn">
<arg>${response.json()['message']}</arg>
<arg>Registro excluído com sucesso</arg>
<doc>Fails if objects are unequal after converting them to strings.</doc>
<status status="PASS" starttime="20251002 02:01:11.878" endtime="20251002 02:01:11.878"/>
</kw>
<status status="PASS" starttime="20251002 02:01:11.703" endtime="20251002 02:01:11.878"/>
</kw>
<status status="PASS" starttime="20251002 02:01:11.702" endtime="20251002 02:01:11.878"/>
</kw>
<tag>carrinhos</tag>
<status status="PASS" starttime="20251002 02:01:10.325" endtime="20251002 02:01:11.879"/>
</test>
<kw name="Delete All Sessions" library="RequestsLibrary" type="TEARDOWN">
<doc>Removes all the session objects</doc>
<msg timestamp="20251002 02:01:11.880" level="INFO">Deleting All Sessions</msg>
<status status="PASS" starttime="20251002 02:01:11.880" endtime="20251002 02:01:11.880"/>
</kw>
<status status="PASS" starttime="20251002 02:01:10.095" endtime="20251002 02:01:11.880"/>
</suite>
<statistics>
<total>
<stat pass="1" fail="0" skip="0">All Tests</stat>
</total>
<tag>
<stat pass="1" fail="0" skip="0">carrinhos</stat>
</tag>
<suite>
<stat pass="1" fail="0" skip="0" id="s1" name="Carrinho Test">Carrinho Test</stat>
</suite>
</statistics>
<errors>
</errors>
</robot>
