<?xml version="1.0" encoding="UTF-8"?>
<robot generator="Robot 6.1.1 (Python 3.13.5 on win32)" generated="20251003 14:36:34.268" rpa="false" schemaversion="4">
<suite id="s1" name="Login Test" source="C:\Users\ghepp\Compass_Challenge_03\Robot_ServeRest\tests\login_test.robot">
<test id="s1-t1" name="Fluxo de Login" line="12">
<kw name="Realizar login com sucesso" library="login_keyword">
<kw name="Create Session" library="RequestsLibrary">
<arg>${API_SESSION}</arg>
<arg>${BASE_URL}</arg>
<arg>timeout=${TIMEOUT}</arg>
<doc>Create Session: create a HTTP session to a server</doc>
<msg timestamp="20251003 14:36:34.477" level="INFO">Creating Session using : alias=serverest, url=https://serverest.dev, headers={},                     cookies={}, auth=None, timeout=120, proxies=None, verify=False,                     debug=0 </msg>
<status status="PASS" starttime="20251003 14:36:34.477" endtime="20251003 14:36:34.478"/>
</kw>
<kw name="Fazer Login e Salvar Token" library="login_keyword">
<var>${response}</var>
<arg>${EMAIL_ADMIN}</arg>
<arg>${USER_ADMIN.password}</arg>
<kw name="Create Dictionary" library="BuiltIn">
<var>${body}</var>
<arg>email=${email}</arg>
<arg>password=${password}</arg>
<doc>Creates and returns a dictionary based on the given ``items``.</doc>
<msg timestamp="20251003 14:36:34.478" level="INFO">${body} = {'email': 'admin-nsrrzofv@qa.com', 'password': 'senhaforte'}</msg>
<status status="PASS" starttime="20251003 14:36:34.478" endtime="20251003 14:36:34.478"/>
</kw>
<kw name="POST On Session" library="RequestsLibrary">
<var>${response}</var>
<arg>${API_SESSION}</arg>
<arg>/login</arg>
<arg>json=${body}</arg>
<arg>expected_status=200</arg>
<doc>Sends a POST request on a previously created HTTP Session.</doc>
<msg timestamp="20251003 14:36:34.949" level="INFO">POST Request : url=https://serverest.dev/login 
 path_url=/login 
 headers={'User-Agent': 'python-requests/2.31.0', 'Accept-Encoding': 'gzip, deflate', 'Accept': '*/*', 'Connection': 'keep-alive', 'Content-Length': '60', 'Content-Type': 'application/json'} 
 body=b'{"email": "admin-nsrrzofv@qa.com", "password": "senhaforte"}' 
 </msg>
<msg timestamp="20251003 14:36:34.949" level="INFO">POST Response : url=https://serverest.dev/login 
 status=200, reason=OK 
 headers={'access-control-allow-origin': '*', 'x-dns-prefetch-control': 'off', 'x-frame-options': 'SAMEORIGIN', 'strict-transport-security': 'max-age=15552000; includeSubDomains', 'x-download-options': 'noopen', 'x-content-type-options': 'nosniff', 'x-xss-protection': '1; mode=block', 'content-type': 'application/json; charset=utf-8', 'x-cloud-trace-context': 'b5573308d3d1240a6a66c1555b576fbe', 'date': 'Fri, 03 Oct 2025 17:36:32 GMT', 'server': 'Google Frontend', 'Content-Length': '283'} 
 body={
    "message": "Login realizado com sucesso",
    "authorization": "Bearer eyJhbGciOiJIUzI1NiIsInR5cCI6IkpXVCJ9.eyJlbWFpbCI6ImFkbWluLW5zcnJ6b2Z2QHFhLmNvbSIsInBhc3N3b3JkIjoic2VuaGFmb3J0ZSIsImlhdCI6MTc1OTUxMjk5MiwiZXhwIjoxNzU5NTEzNTkyfQ.B3BIVZnSkX8Nl2KM9GZt60PH1BCKCj47dB_ixy91EuY"
} 
 </msg>
<msg timestamp="20251003 14:36:34.949" level="INFO">C:\Users\ghepp\AppData\Roaming\Python\Python313\site-packages\urllib3\connectionpool.py:1097: InsecureRequestWarning: Unverified HTTPS request is being made to host 'serverest.dev'. Adding certificate verification is strongly advised. See: https://urllib3.readthedocs.io/en/latest/advanced-usage.html#tls-warnings
  warnings.warn(</msg>
<msg timestamp="20251003 14:36:34.951" level="INFO">${response} = &lt;Response [200]&gt;</msg>
<status status="PASS" starttime="20251003 14:36:34.479" endtime="20251003 14:36:34.951"/>
</kw>
<kw name="Set Variable" library="BuiltIn">
<var>${auth_header}</var>
<arg>${response.json()['authorization']}</arg>
<doc>Returns the given values which can then be assigned to a variables.</doc>
<msg timestamp="20251003 14:36:34.954" level="INFO">${auth_header} = Bearer eyJhbGciOiJIUzI1NiIsInR5cCI6IkpXVCJ9.eyJlbWFpbCI6ImFkbWluLW5zcnJ6b2Z2QHFhLmNvbSIsInBhc3N3b3JkIjoic2VuaGFmb3J0ZSIsImlhdCI6MTc1OTUxMjk5MiwiZXhwIjoxNzU5NTEzNTkyfQ.B3BIVZnSkX8Nl2KM9GZt60PH1BCKCj47d...</msg>
<status status="PASS" starttime="20251003 14:36:34.952" endtime="20251003 14:36:34.954"/>
</kw>
<kw name="Set Global Variable" library="BuiltIn">
<arg>${AUTH_HEADER}</arg>
<arg>${auth_header}</arg>
<doc>Makes a variable available globally in all tests and suites.</doc>
<msg timestamp="20251003 14:36:34.955" level="INFO">${AUTH_HEADER} = Bearer eyJhbGciOiJIUzI1NiIsInR5cCI6IkpXVCJ9.eyJlbWFpbCI6ImFkbWluLW5zcnJ6b2Z2QHFhLmNvbSIsInBhc3N3b3JkIjoic2VuaGFmb3J0ZSIsImlhdCI6MTc1OTUxMjk5MiwiZXhwIjoxNzU5NTEzNTkyfQ.B3BIVZnSkX8Nl2KM9GZt60PH1BCKCj47d...</msg>
<status status="PASS" starttime="20251003 14:36:34.954" endtime="20251003 14:36:34.955"/>
</kw>
<msg timestamp="20251003 14:36:34.956" level="INFO">${response} = &lt;Response [200]&gt;</msg>
<status status="PASS" starttime="20251003 14:36:34.478" endtime="20251003 14:36:34.956"/>
</kw>
<kw name="Dictionary Should Contain Key" library="Collections">
<arg>${response.json()}</arg>
<arg>authorization</arg>
<doc>Fails if ``key`` is not found from ``dictionary``.</doc>
<status status="PASS" starttime="20251003 14:36:34.956" endtime="20251003 14:36:34.958"/>
</kw>
<status status="PASS" starttime="20251003 14:36:34.477" endtime="20251003 14:36:34.958"/>
</kw>
<kw name="Tentar realizar login com senha invalida" library="login_keyword">
<kw name="Create Dictionary" library="BuiltIn">
<var>${body}</var>
<arg>email=${EMAIL_ADMIN}</arg>
<arg>password=senhaerrada123</arg>
<doc>Creates and returns a dictionary based on the given ``items``.</doc>
<msg timestamp="20251003 14:36:34.961" level="INFO">${body} = {'email': 'admin-nsrrzofv@qa.com', 'password': 'senhaerrada123'}</msg>
<status status="PASS" starttime="20251003 14:36:34.960" endtime="20251003 14:36:34.961"/>
</kw>
<kw name="POST On Session" library="RequestsLibrary">
<var>${response}</var>
<arg>${API_SESSION}</arg>
<arg>/login</arg>
<arg>json=${body}</arg>
<arg>expected_status=401</arg>
<doc>Sends a POST request on a previously created HTTP Session.</doc>
<msg timestamp="20251003 14:36:35.156" level="INFO">POST Request : url=https://serverest.dev/login 
 path_url=/login 
 headers={'User-Agent': 'python-requests/2.31.0', 'Accept-Encoding': 'gzip, deflate', 'Accept': '*/*', 'Connection': 'keep-alive', 'Content-Length': '64', 'Content-Type': 'application/json'} 
 body=b'{"email": "admin-nsrrzofv@qa.com", "password": "senhaerrada123"}' 
 </msg>
<msg timestamp="20251003 14:36:35.156" level="INFO">POST Response : url=https://serverest.dev/login 
 status=401, reason=Unauthorized 
 headers={'access-control-allow-origin': '*', 'x-dns-prefetch-control': 'off', 'x-frame-options': 'SAMEORIGIN', 'strict-transport-security': 'max-age=15552000; includeSubDomains', 'x-download-options': 'noopen', 'x-content-type-options': 'nosniff', 'x-xss-protection': '1; mode=block', 'content-type': 'application/json; charset=utf-8', 'x-cloud-trace-context': 'c95d1e62d157f7356a66c1555b576dff', 'date': 'Fri, 03 Oct 2025 17:36:33 GMT', 'server': 'Google Frontend', 'Content-Length': '48'} 
 body={
    "message": "Email e/ou senha inválidos"
} 
 </msg>
<msg timestamp="20251003 14:36:35.156" level="INFO">C:\Users\ghepp\AppData\Roaming\Python\Python313\site-packages\urllib3\connectionpool.py:1097: InsecureRequestWarning: Unverified HTTPS request is being made to host 'serverest.dev'. Adding certificate verification is strongly advised. See: https://urllib3.readthedocs.io/en/latest/advanced-usage.html#tls-warnings
  warnings.warn(</msg>
<msg timestamp="20251003 14:36:35.156" level="INFO">${response} = &lt;Response [401]&gt;</msg>
<status status="PASS" starttime="20251003 14:36:34.962" endtime="20251003 14:36:35.157"/>
</kw>
<kw name="Should Be Equal As Strings" library="BuiltIn">
<arg>${response.json()['message']}</arg>
<arg>Email e/ou senha inválidos</arg>
<doc>Fails if objects are unequal after converting them to strings.</doc>
<status status="PASS" starttime="20251003 14:36:35.157" endtime="20251003 14:36:35.164"/>
</kw>
<status status="PASS" starttime="20251003 14:36:34.959" endtime="20251003 14:36:35.164"/>
</kw>
<kw name="Tentar realizar login com email invalido" library="login_keyword">
<kw name="Create Dictionary" library="BuiltIn">
<var>${body}</var>
<arg>email=email.invalido@qa.com.br</arg>
<arg>password=senhaerrada123</arg>
<doc>Creates and returns a dictionary based on the given ``items``.</doc>
<msg timestamp="20251003 14:36:35.165" level="INFO">${body} = {'email': 'email.invalido@qa.com.br', 'password': 'senhaerrada123'}</msg>
<status status="PASS" starttime="20251003 14:36:35.165" endtime="20251003 14:36:35.165"/>
</kw>
<kw name="POST On Session" library="RequestsLibrary">
<var>${response}</var>
<arg>${API_SESSION}</arg>
<arg>/login</arg>
<arg>json=${body}</arg>
<arg>expected_status=401</arg>
<doc>Sends a POST request on a previously created HTTP Session.</doc>
<msg timestamp="20251003 14:36:35.361" level="INFO">POST Request : url=https://serverest.dev/login 
 path_url=/login 
 headers={'User-Agent': 'python-requests/2.31.0', 'Accept-Encoding': 'gzip, deflate', 'Accept': '*/*', 'Connection': 'keep-alive', 'Content-Length': '67', 'Content-Type': 'application/json'} 
 body=b'{"email": "email.invalido@qa.com.br", "password": "senhaerrada123"}' 
 </msg>
<msg timestamp="20251003 14:36:35.362" level="INFO">POST Response : url=https://serverest.dev/login 
 status=401, reason=Unauthorized 
 headers={'access-control-allow-origin': '*', 'x-dns-prefetch-control': 'off', 'x-frame-options': 'SAMEORIGIN', 'strict-transport-security': 'max-age=15552000; includeSubDomains', 'x-download-options': 'noopen', 'x-content-type-options': 'nosniff', 'x-xss-protection': '1; mode=block', 'content-type': 'application/json; charset=utf-8', 'x-cloud-trace-context': 'eb8714c85ae678db6a66c1555b576779', 'date': 'Fri, 03 Oct 2025 17:36:33 GMT', 'server': 'Google Frontend', 'Content-Length': '48'} 
 body={
    "message": "Email e/ou senha inválidos"
} 
 </msg>
<msg timestamp="20251003 14:36:35.362" level="INFO">C:\Users\ghepp\AppData\Roaming\Python\Python313\site-packages\urllib3\connectionpool.py:1097: InsecureRequestWarning: Unverified HTTPS request is being made to host 'serverest.dev'. Adding certificate verification is strongly advised. See: https://urllib3.readthedocs.io/en/latest/advanced-usage.html#tls-warnings
  warnings.warn(</msg>
<msg timestamp="20251003 14:36:35.364" level="INFO">${response} = &lt;Response [401]&gt;</msg>
<status status="PASS" starttime="20251003 14:36:35.165" endtime="20251003 14:36:35.364"/>
</kw>
<kw name="Should Be Equal As Strings" library="BuiltIn">
<arg>${response.json()['message']}</arg>
<arg>Email e/ou senha inválidos</arg>
<doc>Fails if objects are unequal after converting them to strings.</doc>
<status status="PASS" starttime="20251003 14:36:35.364" endtime="20251003 14:36:35.366"/>
</kw>
<status status="PASS" starttime="20251003 14:36:35.165" endtime="20251003 14:36:35.366"/>
</kw>
<tag>login</tag>
<status status="PASS" starttime="20251003 14:36:34.476" endtime="20251003 14:36:35.367"/>
</test>
<kw name="Delete All Sessions" library="RequestsLibrary" type="TEARDOWN">
<doc>Removes all the session objects</doc>
<msg timestamp="20251003 14:36:35.372" level="INFO">Deleting All Sessions</msg>
<status status="PASS" starttime="20251003 14:36:35.372" endtime="20251003 14:36:35.372"/>
</kw>
<status status="PASS" starttime="20251003 14:36:34.270" endtime="20251003 14:36:35.372"/>
</suite>
<statistics>
<total>
<stat pass="1" fail="0" skip="0">All Tests</stat>
</total>
<tag>
<stat pass="1" fail="0" skip="0">login</stat>
</tag>
<suite>
<stat pass="1" fail="0" skip="0" id="s1" name="Login Test">Login Test</stat>
</suite>
</statistics>
<errors>
</errors>
</robot>
