<?xml version="1.0" encoding="UTF-8"?>
<robot generator="Robot 6.1.1 (Python 3.13.5 on win32)" generated="20251003 14:36:38.236" rpa="false" schemaversion="4">
<suite id="s1" name="Carrinho Test" source="C:\Users\ghepp\Compass_Challenge_03\Robot_ServeRest\tests\carrinho_test.robot">
<test id="s1-t1" name="Fluxo de Carrinhos (Requer Autenticacao)" line="12">
<kw name="Setup para Testes de Carrinho" library="carrinho_keyword" type="SETUP">
<doc>Setup específico para testes de carrinho - cria usuário, faz login e cadastra produto</doc>
<kw name="Setup Test Session" library="common_keyword">
<kw name="Create Session" library="RequestsLibrary">
<arg>${API_SESSION}</arg>
<arg>${BASE_URL}</arg>
<arg>timeout=${TIMEOUT}</arg>
<doc>Create Session: create a HTTP session to a server</doc>
<msg timestamp="20251003 14:36:38.455" level="INFO">Creating Session using : alias=serverest, url=https://serverest.dev, headers={},                     cookies={}, auth=None, timeout=120, proxies=None, verify=False,                     debug=0 </msg>
<status status="PASS" starttime="20251003 14:36:38.454" endtime="20251003 14:36:38.455"/>
</kw>
<status status="PASS" starttime="20251003 14:36:38.454" endtime="20251003 14:36:38.455"/>
</kw>
<kw name="Gerar Email Aleatorio" library="user_keyword">
<var>${emailcarrinho}</var>
<kw name="Generate Random String" library="String">
<var>${random_string}</var>
<arg>8</arg>
<arg>[LOWER]</arg>
<doc>Generates a string with a desired ``length`` from the given ``chars``.</doc>
<msg timestamp="20251003 14:36:38.455" level="INFO">${random_string} = byyaktnv</msg>
<status status="PASS" starttime="20251003 14:36:38.455" endtime="20251003 14:36:38.455"/>
</kw>
<kw name="Catenate" library="BuiltIn">
<var>${email}</var>
<arg>SEPARATOR=</arg>
<arg>teste_robot_${random_string}</arg>
<arg>@qa.com.br</arg>
<doc>Catenates the given items together and returns the resulted string.</doc>
<msg timestamp="20251003 14:36:38.455" level="INFO">${email} = teste_robot_byyaktnv@qa.com.br</msg>
<status status="PASS" starttime="20251003 14:36:38.455" endtime="20251003 14:36:38.455"/>
</kw>
<msg timestamp="20251003 14:36:38.455" level="INFO">${emailcarrinho} = teste_robot_byyaktnv@qa.com.br</msg>
<status status="PASS" starttime="20251003 14:36:38.455" endtime="20251003 14:36:38.456"/>
</kw>
<kw name="Criar Novo Usuario e Salvar ID" library="user_keyword">
<arg>${USER_ADMIN.nome}</arg>
<arg>${emailcarrinho}</arg>
<arg>${USER_ADMIN.password}</arg>
<arg>${USER_ADMIN.administrador}</arg>
<kw name="Create Dictionary" library="BuiltIn">
<var>${body}</var>
<arg>nome=${nome}</arg>
<arg>email=${email}</arg>
<arg>password=${password}</arg>
<arg>administrador=${administrador}</arg>
<doc>Creates and returns a dictionary based on the given ``items``.</doc>
<msg timestamp="20251003 14:36:38.457" level="INFO">${body} = {'nome': 'Usuario Admin', 'email': 'teste_robot_byyaktnv@qa.com.br', 'password': 'senhaforte', 'administrador': 'true'}</msg>
<status status="PASS" starttime="20251003 14:36:38.457" endtime="20251003 14:36:38.457"/>
</kw>
<kw name="POST On Session" library="RequestsLibrary">
<var>${response}</var>
<arg>${API_SESSION}</arg>
<arg>/usuarios</arg>
<arg>json=${body}</arg>
<arg>expected_status=201</arg>
<doc>Sends a POST request on a previously created HTTP Session.</doc>
<msg timestamp="20251003 14:36:38.937" level="INFO">POST Request : url=https://serverest.dev/usuarios 
 path_url=/usuarios 
 headers={'User-Agent': 'python-requests/2.31.0', 'Accept-Encoding': 'gzip, deflate', 'Accept': '*/*', 'Connection': 'keep-alive', 'Content-Length': '119', 'Content-Type': 'application/json'} 
 body=b'{"nome": "Usuario Admin", "email": "teste_robot_byyaktnv@qa.com.br", "password": "senhaforte", "administrador": "true"}' 
 </msg>
<msg timestamp="20251003 14:36:38.937" level="INFO">POST Response : url=https://serverest.dev/usuarios 
 status=201, reason=Created 
 headers={'access-control-allow-origin': '*', 'x-dns-prefetch-control': 'off', 'x-frame-options': 'SAMEORIGIN', 'strict-transport-security': 'max-age=15552000; includeSubDomains', 'x-download-options': 'noopen', 'x-content-type-options': 'nosniff', 'x-xss-protection': '1; mode=block', 'content-type': 'application/json; charset=utf-8', 'x-cloud-trace-context': '519d96f698e86f04a5ff3215aa491588', 'date': 'Fri, 03 Oct 2025 17:36:36 GMT', 'server': 'Google Frontend', 'Content-Length': '82'} 
 body={
    "message": "Cadastro realizado com sucesso",
    "_id": "P3HEvDCisdBjRqzk"
} 
 </msg>
<msg timestamp="20251003 14:36:38.937" level="INFO">C:\Users\ghepp\AppData\Roaming\Python\Python313\site-packages\urllib3\connectionpool.py:1097: InsecureRequestWarning: Unverified HTTPS request is being made to host 'serverest.dev'. Adding certificate verification is strongly advised. See: https://urllib3.readthedocs.io/en/latest/advanced-usage.html#tls-warnings
  warnings.warn(</msg>
<msg timestamp="20251003 14:36:38.937" level="INFO">${response} = &lt;Response [201]&gt;</msg>
<status status="PASS" starttime="20251003 14:36:38.457" endtime="20251003 14:36:38.937"/>
</kw>
<kw name="Set Variable" library="BuiltIn">
<var>${user_id}</var>
<arg>${response.json()['_id']}</arg>
<doc>Returns the given values which can then be assigned to a variables.</doc>
<msg timestamp="20251003 14:36:38.938" level="INFO">${user_id} = P3HEvDCisdBjRqzk</msg>
<status status="PASS" starttime="20251003 14:36:38.937" endtime="20251003 14:36:38.938"/>
</kw>
<kw name="Set Suite Variable" library="BuiltIn">
<arg>${USER_ID}</arg>
<arg>${user_id}</arg>
<doc>Makes a variable available everywhere within the scope of the current suite.</doc>
<msg timestamp="20251003 14:36:38.938" level="INFO">${USER_ID} = P3HEvDCisdBjRqzk</msg>
<status status="PASS" starttime="20251003 14:36:38.938" endtime="20251003 14:36:38.938"/>
</kw>
<status status="PASS" starttime="20251003 14:36:38.456" endtime="20251003 14:36:38.938"/>
</kw>
<kw name="Fazer Login e Salvar Token" library="login_keyword">
<arg>${emailcarrinho}</arg>
<arg>${USER_ADMIN.password}</arg>
<kw name="Create Dictionary" library="BuiltIn">
<var>${body}</var>
<arg>email=${email}</arg>
<arg>password=${password}</arg>
<doc>Creates and returns a dictionary based on the given ``items``.</doc>
<msg timestamp="20251003 14:36:38.939" level="INFO">${body} = {'email': 'teste_robot_byyaktnv@qa.com.br', 'password': 'senhaforte'}</msg>
<status status="PASS" starttime="20251003 14:36:38.939" endtime="20251003 14:36:38.939"/>
</kw>
<kw name="POST On Session" library="RequestsLibrary">
<var>${response}</var>
<arg>${API_SESSION}</arg>
<arg>/login</arg>
<arg>json=${body}</arg>
<arg>expected_status=200</arg>
<doc>Sends a POST request on a previously created HTTP Session.</doc>
<msg timestamp="20251003 14:36:39.111" level="INFO">POST Request : url=https://serverest.dev/login 
 path_url=/login 
 headers={'User-Agent': 'python-requests/2.31.0', 'Accept-Encoding': 'gzip, deflate', 'Accept': '*/*', 'Connection': 'keep-alive', 'Content-Length': '69', 'Content-Type': 'application/json'} 
 body=b'{"email": "teste_robot_byyaktnv@qa.com.br", "password": "senhaforte"}' 
 </msg>
<msg timestamp="20251003 14:36:39.112" level="INFO">POST Response : url=https://serverest.dev/login 
 status=200, reason=OK 
 headers={'access-control-allow-origin': '*', 'x-dns-prefetch-control': 'off', 'x-frame-options': 'SAMEORIGIN', 'strict-transport-security': 'max-age=15552000; includeSubDomains', 'x-download-options': 'noopen', 'x-content-type-options': 'nosniff', 'x-xss-protection': '1; mode=block', 'content-type': 'application/json; charset=utf-8', 'x-cloud-trace-context': 'eb36f12d20fee6aaa5ff3215aa4915ad', 'date': 'Fri, 03 Oct 2025 17:36:37 GMT', 'server': 'Google Frontend', 'Content-Length': '295'} 
 body={
    "message": "Login realizado com sucesso",
    "authorization": "Bearer eyJhbGciOiJIUzI1NiIsInR5cCI6IkpXVCJ9.eyJlbWFpbCI6InRlc3RlX3JvYm90X2J5eWFrdG52QHFhLmNvbS5iciIsInBhc3N3b3JkIjoic2VuaGFmb3J0ZSIsImlhdCI6MTc1OTUxMjk5NywiZXhwIjoxNzU5NTEzNTk3fQ.kosEx51Ouf8X_dJDTS6kXATHN_FLog9hDV6Q1DOhKnQ"
} 
 </msg>
<msg timestamp="20251003 14:36:39.112" level="INFO">C:\Users\ghepp\AppData\Roaming\Python\Python313\site-packages\urllib3\connectionpool.py:1097: InsecureRequestWarning: Unverified HTTPS request is being made to host 'serverest.dev'. Adding certificate verification is strongly advised. See: https://urllib3.readthedocs.io/en/latest/advanced-usage.html#tls-warnings
  warnings.warn(</msg>
<msg timestamp="20251003 14:36:39.112" level="INFO">${response} = &lt;Response [200]&gt;</msg>
<status status="PASS" starttime="20251003 14:36:38.939" endtime="20251003 14:36:39.112"/>
</kw>
<kw name="Set Variable" library="BuiltIn">
<var>${auth_header}</var>
<arg>${response.json()['authorization']}</arg>
<doc>Returns the given values which can then be assigned to a variables.</doc>
<msg timestamp="20251003 14:36:39.113" level="INFO">${auth_header} = Bearer eyJhbGciOiJIUzI1NiIsInR5cCI6IkpXVCJ9.eyJlbWFpbCI6InRlc3RlX3JvYm90X2J5eWFrdG52QHFhLmNvbS5iciIsInBhc3N3b3JkIjoic2VuaGFmb3J0ZSIsImlhdCI6MTc1OTUxMjk5NywiZXhwIjoxNzU5NTEzNTk3fQ.kosEx51Ouf8X_dJDTS6kX...</msg>
<status status="PASS" starttime="20251003 14:36:39.112" endtime="20251003 14:36:39.113"/>
</kw>
<kw name="Set Global Variable" library="BuiltIn">
<arg>${AUTH_HEADER}</arg>
<arg>${auth_header}</arg>
<doc>Makes a variable available globally in all tests and suites.</doc>
<msg timestamp="20251003 14:36:39.113" level="INFO">${AUTH_HEADER} = Bearer eyJhbGciOiJIUzI1NiIsInR5cCI6IkpXVCJ9.eyJlbWFpbCI6InRlc3RlX3JvYm90X2J5eWFrdG52QHFhLmNvbS5iciIsInBhc3N3b3JkIjoic2VuaGFmb3J0ZSIsImlhdCI6MTc1OTUxMjk5NywiZXhwIjoxNzU5NTEzNTk3fQ.kosEx51Ouf8X_dJDTS6kX...</msg>
<status status="PASS" starttime="20251003 14:36:39.113" endtime="20251003 14:36:39.113"/>
</kw>
<status status="PASS" starttime="20251003 14:36:38.938" endtime="20251003 14:36:39.113"/>
</kw>
<kw name="Gerar nome de produto unico" library="product_keyword">
<var>${unique_name}</var>
<kw name="Generate Random String" library="String">
<var>${random_number}</var>
<arg>5</arg>
<arg>[NUMBERS]</arg>
<doc>Generates a string with a desired ``length`` from the given ``chars``.</doc>
<msg timestamp="20251003 14:36:39.114" level="INFO">${random_number} = 89233</msg>
<status status="PASS" starttime="20251003 14:36:39.113" endtime="20251003 14:36:39.114"/>
</kw>
<kw name="Catenate" library="BuiltIn">
<var>${unique_name}</var>
<arg>SEPARATOR=</arg>
<arg>Produto_</arg>
<arg>${random_number}</arg>
<doc>Catenates the given items together and returns the resulted string.</doc>
<msg timestamp="20251003 14:36:39.114" level="INFO">${unique_name} = Produto_89233</msg>
<status status="PASS" starttime="20251003 14:36:39.114" endtime="20251003 14:36:39.114"/>
</kw>
<kw name="Set Global Variable" library="BuiltIn">
<arg>${unique_name}</arg>
<doc>Makes a variable available globally in all tests and suites.</doc>
<msg timestamp="20251003 14:36:39.114" level="INFO">${unique_name} = Produto_89233</msg>
<status status="PASS" starttime="20251003 14:36:39.114" endtime="20251003 14:36:39.114"/>
</kw>
<msg timestamp="20251003 14:36:39.114" level="INFO">${unique_name} = Produto_89233</msg>
<status status="PASS" starttime="20251003 14:36:39.113" endtime="20251003 14:36:39.114"/>
</kw>
<kw name="Cadastrar Novo Produto e Salvar ID" library="product_keyword">
<arg>${unique_name}</arg>
<arg>${PRODUTO.preco}</arg>
<arg>${PRODUTO.descricao}</arg>
<arg>${PRODUTO.quantidade}</arg>
<kw name="Create Dictionary" library="BuiltIn">
<var>${auth_headers}</var>
<arg>Authorization=${AUTH_HEADER}</arg>
<doc>Creates and returns a dictionary based on the given ``items``.</doc>
<msg timestamp="20251003 14:36:39.115" level="INFO">${auth_headers} = {'Authorization': 'Bearer eyJhbGciOiJIUzI1NiIsInR5cCI6IkpXVCJ9.eyJlbWFpbCI6InRlc3RlX3JvYm90X2J5eWFrdG52QHFhLmNvbS5iciIsInBhc3N3b3JkIjoic2VuaGFmb3J0ZSIsImlhdCI6MTc1OTUxMjk5NywiZXhwIjoxNzU5NTEzNTk3fQ.ko...</msg>
<status status="PASS" starttime="20251003 14:36:39.115" endtime="20251003 14:36:39.115"/>
</kw>
<kw name="Create Dictionary" library="BuiltIn">
<var>${body}</var>
<arg>nome=${unique_name}</arg>
<arg>preco=${preco}</arg>
<arg>descricao=${descricao}</arg>
<arg>quantidade=${quantidade}</arg>
<doc>Creates and returns a dictionary based on the given ``items``.</doc>
<msg timestamp="20251003 14:36:39.116" level="INFO">${body} = {'nome': 'Produto_89233', 'preco': '100', 'descricao': 'Descricao do produto teste', 'quantidade': '10'}</msg>
<status status="PASS" starttime="20251003 14:36:39.115" endtime="20251003 14:36:39.116"/>
</kw>
<kw name="POST On Session" library="RequestsLibrary">
<var>${response}</var>
<arg>${API_SESSION}</arg>
<arg>/produtos</arg>
<arg>json=${body}</arg>
<arg>headers=${auth_headers}</arg>
<arg>expected_status=201</arg>
<doc>Sends a POST request on a previously created HTTP Session.</doc>
<msg timestamp="20251003 14:36:39.290" level="INFO">POST Request : url=https://serverest.dev/produtos 
 path_url=/produtos 
 headers={'User-Agent': 'python-requests/2.31.0', 'Accept-Encoding': 'gzip, deflate', 'Accept': '*/*', 'Connection': 'keep-alive', 'Authorization': 'Bearer eyJhbGciOiJIUzI1NiIsInR5cCI6IkpXVCJ9.eyJlbWFpbCI6InRlc3RlX3JvYm90X2J5eWFrdG52QHFhLmNvbS5iciIsInBhc3N3b3JkIjoic2VuaGFmb3J0ZSIsImlhdCI6MTc1OTUxMjk5NywiZXhwIjoxNzU5NTEzNTk3fQ.kosEx51Ouf8X_dJDTS6kXATHN_FLog9hDV6Q1DOhKnQ', 'Content-Length': '104', 'Content-Type': 'application/json'} 
 body=b'{"nome": "Produto_89233", "preco": "100", "descricao": "Descricao do produto teste", "quantidade": "10"}' 
 </msg>
<msg timestamp="20251003 14:36:39.290" level="INFO">POST Response : url=https://serverest.dev/produtos 
 status=201, reason=Created 
 headers={'access-control-allow-origin': '*', 'x-dns-prefetch-control': 'off', 'x-frame-options': 'SAMEORIGIN', 'strict-transport-security': 'max-age=15552000; includeSubDomains', 'x-download-options': 'noopen', 'x-content-type-options': 'nosniff', 'x-xss-protection': '1; mode=block', 'content-type': 'application/json; charset=utf-8', 'x-cloud-trace-context': 'a835bc3b60e0e786a5ff3215aa4918a4', 'date': 'Fri, 03 Oct 2025 17:36:37 GMT', 'server': 'Google Frontend', 'Content-Length': '82'} 
 body={
    "message": "Cadastro realizado com sucesso",
    "_id": "9bosVwYK73zrZo7Q"
} 
 </msg>
<msg timestamp="20251003 14:36:39.290" level="INFO">C:\Users\ghepp\AppData\Roaming\Python\Python313\site-packages\urllib3\connectionpool.py:1097: InsecureRequestWarning: Unverified HTTPS request is being made to host 'serverest.dev'. Adding certificate verification is strongly advised. See: https://urllib3.readthedocs.io/en/latest/advanced-usage.html#tls-warnings
  warnings.warn(</msg>
<msg timestamp="20251003 14:36:39.290" level="INFO">${response} = &lt;Response [201]&gt;</msg>
<status status="PASS" starttime="20251003 14:36:39.116" endtime="20251003 14:36:39.290"/>
</kw>
<kw name="Set Variable" library="BuiltIn">
<var>${product_id}</var>
<arg>${response.json()['_id']}</arg>
<doc>Returns the given values which can then be assigned to a variables.</doc>
<msg timestamp="20251003 14:36:39.291" level="INFO">${product_id} = 9bosVwYK73zrZo7Q</msg>
<status status="PASS" starttime="20251003 14:36:39.291" endtime="20251003 14:36:39.291"/>
</kw>
<kw name="Set Global Variable" library="BuiltIn">
<arg>${PRODUCT_ID}</arg>
<arg>${product_id}</arg>
<doc>Makes a variable available globally in all tests and suites.</doc>
<msg timestamp="20251003 14:36:39.291" level="INFO">${PRODUCT_ID} = 9bosVwYK73zrZo7Q</msg>
<status status="PASS" starttime="20251003 14:36:39.291" endtime="20251003 14:36:39.291"/>
</kw>
<status status="PASS" starttime="20251003 14:36:39.114" endtime="20251003 14:36:39.291"/>
</kw>
<status status="PASS" starttime="20251003 14:36:38.454" endtime="20251003 14:36:39.292"/>
</kw>
<kw name="Cadastrar carrinho com sucesso" library="carrinho_keyword">
<kw name="Create Dictionary" library="BuiltIn">
<var>${auth_headers}</var>
<arg>Authorization=${AUTH_HEADER}</arg>
<doc>Creates and returns a dictionary based on the given ``items``.</doc>
<msg timestamp="20251003 14:36:39.292" level="INFO">${auth_headers} = {'Authorization': 'Bearer eyJhbGciOiJIUzI1NiIsInR5cCI6IkpXVCJ9.eyJlbWFpbCI6InRlc3RlX3JvYm90X2J5eWFrdG52QHFhLmNvbS5iciIsInBhc3N3b3JkIjoic2VuaGFmb3J0ZSIsImlhdCI6MTc1OTUxMjk5NywiZXhwIjoxNzU5NTEzNTk3fQ.ko...</msg>
<status status="PASS" starttime="20251003 14:36:39.292" endtime="20251003 14:36:39.293"/>
</kw>
<kw name="Create Dictionary" library="BuiltIn">
<var>${produto_dict}</var>
<arg>idProduto=${PRODUCT_ID}</arg>
<arg>quantidade=1</arg>
<doc>Creates and returns a dictionary based on the given ``items``.</doc>
<msg timestamp="20251003 14:36:39.293" level="INFO">${produto_dict} = {'idProduto': '9bosVwYK73zrZo7Q', 'quantidade': '1'}</msg>
<status status="PASS" starttime="20251003 14:36:39.293" endtime="20251003 14:36:39.293"/>
</kw>
<kw name="Create List" library="BuiltIn">
<var>${produto_lista}</var>
<arg>${produto_dict}</arg>
<doc>Returns a list containing given items.</doc>
<msg timestamp="20251003 14:36:39.293" level="INFO">${produto_lista} = [{'idProduto': '9bosVwYK73zrZo7Q', 'quantidade': '1'}]</msg>
<status status="PASS" starttime="20251003 14:36:39.293" endtime="20251003 14:36:39.293"/>
</kw>
<kw name="Create Dictionary" library="BuiltIn">
<var>${body}</var>
<arg>produtos=${produto_lista}</arg>
<doc>Creates and returns a dictionary based on the given ``items``.</doc>
<msg timestamp="20251003 14:36:39.293" level="INFO">${body} = {'produtos': [{'idProduto': '9bosVwYK73zrZo7Q', 'quantidade': '1'}]}</msg>
<status status="PASS" starttime="20251003 14:36:39.293" endtime="20251003 14:36:39.293"/>
</kw>
<kw name="POST On Session" library="RequestsLibrary">
<var>${response}</var>
<arg>${API_SESSION}</arg>
<arg>/carrinhos</arg>
<arg>json=${body}</arg>
<arg>headers=${auth_headers}</arg>
<doc>Sends a POST request on a previously created HTTP Session.</doc>
<msg timestamp="20251003 14:36:39.487" level="INFO">POST Request : url=https://serverest.dev/carrinhos 
 path_url=/carrinhos 
 headers={'User-Agent': 'python-requests/2.31.0', 'Accept-Encoding': 'gzip, deflate', 'Accept': '*/*', 'Connection': 'keep-alive', 'Authorization': 'Bearer eyJhbGciOiJIUzI1NiIsInR5cCI6IkpXVCJ9.eyJlbWFpbCI6InRlc3RlX3JvYm90X2J5eWFrdG52QHFhLmNvbS5iciIsInBhc3N3b3JkIjoic2VuaGFmb3J0ZSIsImlhdCI6MTc1OTUxMjk5NywiZXhwIjoxNzU5NTEzNTk3fQ.kosEx51Ouf8X_dJDTS6kXATHN_FLog9hDV6Q1DOhKnQ', 'Content-Length': '68', 'Content-Type': 'application/json'} 
 body=b'{"produtos": [{"idProduto": "9bosVwYK73zrZo7Q", "quantidade": "1"}]}' 
 </msg>
<msg timestamp="20251003 14:36:39.488" level="INFO">POST Response : url=https://serverest.dev/carrinhos 
 status=201, reason=Created 
 headers={'access-control-allow-origin': '*', 'x-dns-prefetch-control': 'off', 'x-frame-options': 'SAMEORIGIN', 'strict-transport-security': 'max-age=15552000; includeSubDomains', 'x-download-options': 'noopen', 'x-content-type-options': 'nosniff', 'x-xss-protection': '1; mode=block', 'content-type': 'application/json; charset=utf-8', 'x-cloud-trace-context': '51b2d604e4bf6457a5ff3215aa491042', 'date': 'Fri, 03 Oct 2025 17:36:37 GMT', 'server': 'Google Frontend', 'Content-Length': '82'} 
 body={
    "message": "Cadastro realizado com sucesso",
    "_id": "hTfe0FtAQajjISM4"
} 
 </msg>
<msg timestamp="20251003 14:36:39.488" level="INFO">C:\Users\ghepp\AppData\Roaming\Python\Python313\site-packages\urllib3\connectionpool.py:1097: InsecureRequestWarning: Unverified HTTPS request is being made to host 'serverest.dev'. Adding certificate verification is strongly advised. See: https://urllib3.readthedocs.io/en/latest/advanced-usage.html#tls-warnings
  warnings.warn(</msg>
<msg timestamp="20251003 14:36:39.489" level="INFO">${response} = &lt;Response [201]&gt;</msg>
<status status="PASS" starttime="20251003 14:36:39.294" endtime="20251003 14:36:39.489"/>
</kw>
<kw name="Status Should Be" library="RequestsLibrary">
<arg>201</arg>
<arg>${response}</arg>
<doc>Fails if response status code is different than the expected.</doc>
<status status="PASS" starttime="20251003 14:36:39.490" endtime="20251003 14:36:39.491"/>
</kw>
<kw name="Should Be Equal As Strings" library="BuiltIn">
<arg>${response.json()['message']}</arg>
<arg>Cadastro realizado com sucesso</arg>
<doc>Fails if objects are unequal after converting them to strings.</doc>
<status status="PASS" starttime="20251003 14:36:39.491" endtime="20251003 14:36:39.493"/>
</kw>
<status status="PASS" starttime="20251003 14:36:39.292" endtime="20251003 14:36:39.493"/>
</kw>
<kw name="Tentar excluir usuario que possui carrinho" library="carrinho_keyword">
<kw name="DELETE On Session" library="RequestsLibrary">
<var>${response}</var>
<arg>${API_SESSION}</arg>
<arg>/usuarios/${USER_ID}</arg>
<arg>expected_status=400</arg>
<doc>Sends a DELETE request on a previously created HTTP Session.</doc>
<msg timestamp="20251003 14:36:39.669" level="INFO">DELETE Request : url=https://serverest.dev/usuarios/P3HEvDCisdBjRqzk 
 path_url=/usuarios/P3HEvDCisdBjRqzk 
 headers={'User-Agent': 'python-requests/2.31.0', 'Accept-Encoding': 'gzip, deflate', 'Accept': '*/*', 'Connection': 'keep-alive', 'Content-Length': '0'} 
 body=None 
 </msg>
<msg timestamp="20251003 14:36:39.670" level="INFO">DELETE Response : url=https://serverest.dev/usuarios/P3HEvDCisdBjRqzk 
 status=400, reason=Bad Request 
 headers={'access-control-allow-origin': '*', 'x-dns-prefetch-control': 'off', 'x-frame-options': 'SAMEORIGIN', 'strict-transport-security': 'max-age=15552000; includeSubDomains', 'x-download-options': 'noopen', 'x-content-type-options': 'nosniff', 'x-xss-protection': '1; mode=block', 'content-type': 'application/json; charset=utf-8', 'x-cloud-trace-context': '4c887e2992101099a5ff3215aa491c51', 'date': 'Fri, 03 Oct 2025 17:36:37 GMT', 'server': 'Google Frontend', 'Content-Length': '117'} 
 body={
    "message": "Não é permitido excluir usuário com carrinho cadastrado",
    "idCarrinho": "hTfe0FtAQajjISM4"
} 
 </msg>
<msg timestamp="20251003 14:36:39.670" level="INFO">C:\Users\ghepp\AppData\Roaming\Python\Python313\site-packages\urllib3\connectionpool.py:1097: InsecureRequestWarning: Unverified HTTPS request is being made to host 'serverest.dev'. Adding certificate verification is strongly advised. See: https://urllib3.readthedocs.io/en/latest/advanced-usage.html#tls-warnings
  warnings.warn(</msg>
<msg timestamp="20251003 14:36:39.671" level="INFO">${response} = &lt;Response [400]&gt;</msg>
<status status="PASS" starttime="20251003 14:36:39.494" endtime="20251003 14:36:39.671"/>
</kw>
<kw name="Should Be Equal As Strings" library="BuiltIn">
<arg>${response.json()['message']}</arg>
<arg>Não é permitido excluir usuário com carrinho cadastrado</arg>
<doc>Fails if objects are unequal after converting them to strings.</doc>
<status status="PASS" starttime="20251003 14:36:39.671" endtime="20251003 14:36:39.673"/>
</kw>
<status status="PASS" starttime="20251003 14:36:39.494" endtime="20251003 14:36:39.673"/>
</kw>
<kw name="Concluir compra e esvaziar carrinho" library="carrinho_keyword">
<kw name="Create Dictionary" library="BuiltIn">
<var>${auth_headers}</var>
<arg>Authorization=${AUTH_HEADER}</arg>
<doc>Creates and returns a dictionary based on the given ``items``.</doc>
<msg timestamp="20251003 14:36:39.676" level="INFO">${auth_headers} = {'Authorization': 'Bearer eyJhbGciOiJIUzI1NiIsInR5cCI6IkpXVCJ9.eyJlbWFpbCI6InRlc3RlX3JvYm90X2J5eWFrdG52QHFhLmNvbS5iciIsInBhc3N3b3JkIjoic2VuaGFmb3J0ZSIsImlhdCI6MTc1OTUxMjk5NywiZXhwIjoxNzU5NTEzNTk3fQ.ko...</msg>
<status status="PASS" starttime="20251003 14:36:39.675" endtime="20251003 14:36:39.676"/>
</kw>
<kw name="DELETE On Session" library="RequestsLibrary">
<var>${response}</var>
<arg>${API_SESSION}</arg>
<arg>/carrinhos/concluir-compra</arg>
<arg>headers=${auth_headers}</arg>
<doc>Sends a DELETE request on a previously created HTTP Session.</doc>
<msg timestamp="20251003 14:36:39.900" level="INFO">DELETE Request : url=https://serverest.dev/carrinhos/concluir-compra 
 path_url=/carrinhos/concluir-compra 
 headers={'User-Agent': 'python-requests/2.31.0', 'Accept-Encoding': 'gzip, deflate', 'Accept': '*/*', 'Connection': 'keep-alive', 'Authorization': 'Bearer eyJhbGciOiJIUzI1NiIsInR5cCI6IkpXVCJ9.eyJlbWFpbCI6InRlc3RlX3JvYm90X2J5eWFrdG52QHFhLmNvbS5iciIsInBhc3N3b3JkIjoic2VuaGFmb3J0ZSIsImlhdCI6MTc1OTUxMjk5NywiZXhwIjoxNzU5NTEzNTk3fQ.kosEx51Ouf8X_dJDTS6kXATHN_FLog9hDV6Q1DOhKnQ', 'Content-Length': '0'} 
 body=None 
 </msg>
<msg timestamp="20251003 14:36:39.900" level="INFO">DELETE Response : url=https://serverest.dev/carrinhos/concluir-compra 
 status=200, reason=OK 
 headers={'access-control-allow-origin': '*', 'x-dns-prefetch-control': 'off', 'x-frame-options': 'SAMEORIGIN', 'strict-transport-security': 'max-age=15552000; includeSubDomains', 'x-download-options': 'noopen', 'x-content-type-options': 'nosniff', 'x-xss-protection': '1; mode=block', 'content-type': 'application/json; charset=utf-8', 'x-cloud-trace-context': '26f8a9c38c402296a5ff3215aa491d07', 'date': 'Fri, 03 Oct 2025 17:36:37 GMT', 'server': 'Google Frontend', 'Content-Length': '51'} 
 body={
    "message": "Registro excluído com sucesso"
} 
 </msg>
<msg timestamp="20251003 14:36:39.901" level="INFO">C:\Users\ghepp\AppData\Roaming\Python\Python313\site-packages\urllib3\connectionpool.py:1097: InsecureRequestWarning: Unverified HTTPS request is being made to host 'serverest.dev'. Adding certificate verification is strongly advised. See: https://urllib3.readthedocs.io/en/latest/advanced-usage.html#tls-warnings
  warnings.warn(</msg>
<msg timestamp="20251003 14:36:39.902" level="INFO">${response} = &lt;Response [200]&gt;</msg>
<status status="PASS" starttime="20251003 14:36:39.676" endtime="20251003 14:36:39.902"/>
</kw>
<kw name="Status Should Be" library="RequestsLibrary">
<arg>200</arg>
<arg>${response}</arg>
<doc>Fails if response status code is different than the expected.</doc>
<status status="PASS" starttime="20251003 14:36:39.902" endtime="20251003 14:36:39.903"/>
</kw>
<kw name="Should Be Equal As Strings" library="BuiltIn">
<arg>${response.json()['message']}</arg>
<arg>Registro excluído com sucesso</arg>
<doc>Fails if objects are unequal after converting them to strings.</doc>
<status status="PASS" starttime="20251003 14:36:39.903" endtime="20251003 14:36:39.905"/>
</kw>
<status status="PASS" starttime="20251003 14:36:39.674" endtime="20251003 14:36:39.905"/>
</kw>
<kw name="Tentar excluir usuario sem carrinho" library="carrinho_keyword">
<kw name="Excluir usuario com sucesso" library="user_keyword">
<kw name="DELETE On Session" library="RequestsLibrary">
<var>${response}</var>
<arg>${API_SESSION}</arg>
<arg>/usuarios/${USER_ID}</arg>
<doc>Sends a DELETE request on a previously created HTTP Session.</doc>
<msg timestamp="20251003 14:36:40.082" level="INFO">DELETE Request : url=https://serverest.dev/usuarios/P3HEvDCisdBjRqzk 
 path_url=/usuarios/P3HEvDCisdBjRqzk 
 headers={'User-Agent': 'python-requests/2.31.0', 'Accept-Encoding': 'gzip, deflate', 'Accept': '*/*', 'Connection': 'keep-alive', 'Content-Length': '0'} 
 body=None 
 </msg>
<msg timestamp="20251003 14:36:40.082" level="INFO">DELETE Response : url=https://serverest.dev/usuarios/P3HEvDCisdBjRqzk 
 status=200, reason=OK 
 headers={'access-control-allow-origin': '*', 'x-dns-prefetch-control': 'off', 'x-frame-options': 'SAMEORIGIN', 'strict-transport-security': 'max-age=15552000; includeSubDomains', 'x-download-options': 'noopen', 'x-content-type-options': 'nosniff', 'x-xss-protection': '1; mode=block', 'content-type': 'application/json; charset=utf-8', 'x-cloud-trace-context': '32a5857ca4e37046a5ff3215aa4917e3', 'date': 'Fri, 03 Oct 2025 17:36:38 GMT', 'server': 'Google Frontend', 'Content-Length': '51'} 
 body={
    "message": "Registro excluído com sucesso"
} 
 </msg>
<msg timestamp="20251003 14:36:40.082" level="INFO">C:\Users\ghepp\AppData\Roaming\Python\Python313\site-packages\urllib3\connectionpool.py:1097: InsecureRequestWarning: Unverified HTTPS request is being made to host 'serverest.dev'. Adding certificate verification is strongly advised. See: https://urllib3.readthedocs.io/en/latest/advanced-usage.html#tls-warnings
  warnings.warn(</msg>
<msg timestamp="20251003 14:36:40.082" level="INFO">${response} = &lt;Response [200]&gt;</msg>
<status status="PASS" starttime="20251003 14:36:39.907" endtime="20251003 14:36:40.082"/>
</kw>
<kw name="Status Should Be" library="RequestsLibrary">
<arg>200</arg>
<arg>${response}</arg>
<doc>Fails if response status code is different than the expected.</doc>
<status status="PASS" starttime="20251003 14:36:40.082" endtime="20251003 14:36:40.083"/>
</kw>
<kw name="Should Be Equal As Strings" library="BuiltIn">
<arg>${response.json()['message']}</arg>
<arg>Registro excluído com sucesso</arg>
<doc>Fails if objects are unequal after converting them to strings.</doc>
<status status="PASS" starttime="20251003 14:36:40.083" endtime="20251003 14:36:40.083"/>
</kw>
<status status="PASS" starttime="20251003 14:36:39.907" endtime="20251003 14:36:40.083"/>
</kw>
<status status="PASS" starttime="20251003 14:36:39.906" endtime="20251003 14:36:40.083"/>
</kw>
<tag>carrinhos</tag>
<status status="PASS" starttime="20251003 14:36:38.454" endtime="20251003 14:36:40.083"/>
</test>
<kw name="Delete All Sessions" library="RequestsLibrary" type="TEARDOWN">
<doc>Removes all the session objects</doc>
<msg timestamp="20251003 14:36:40.084" level="INFO">Deleting All Sessions</msg>
<status status="PASS" starttime="20251003 14:36:40.084" endtime="20251003 14:36:40.084"/>
</kw>
<status status="PASS" starttime="20251003 14:36:38.238" endtime="20251003 14:36:40.084"/>
</suite>
<statistics>
<total>
<stat pass="1" fail="0" skip="0">All Tests</stat>
</total>
<tag>
<stat pass="1" fail="0" skip="0">carrinhos</stat>
</tag>
<suite>
<stat pass="1" fail="0" skip="0" id="s1" name="Carrinho Test">Carrinho Test</stat>
</suite>
</statistics>
<errors>
</errors>
</robot>
