<?xml version="1.0" encoding="UTF-8"?>
<robot generator="Robot 6.1.1 (Python 3.13.5 on win32)" generated="20251003 02:13:41.628" rpa="false" schemaversion="4">
<suite id="s1" name="Carrinho Test" source="C:\Users\ghepp\Compass_Challenge_03\Robot_ServeRest\tests\carrinho_test.robot">
<test id="s1-t1" name="Fluxo de Carrinhos (Requer Autenticacao)" line="12">
<kw name="Setup para Testes de Carrinho" library="carrinho_keyword" type="SETUP">
<doc>Setup específico para testes de carrinho - cria usuário, faz login e cadastra produto</doc>
<kw name="Setup Test Session" library="common_keyword">
<kw name="Create Session" library="RequestsLibrary">
<arg>${API_SESSION}</arg>
<arg>${BASE_URL}</arg>
<arg>timeout=${TIMEOUT}</arg>
<doc>Create Session: create a HTTP session to a server</doc>
<msg timestamp="20251003 02:13:41.834" level="INFO">Creating Session using : alias=serverest, url=https://serverest.dev, headers={},                     cookies={}, auth=None, timeout=120, proxies=None, verify=False,                     debug=0 </msg>
<status status="PASS" starttime="20251003 02:13:41.834" endtime="20251003 02:13:41.834"/>
</kw>
<status status="PASS" starttime="20251003 02:13:41.834" endtime="20251003 02:13:41.834"/>
</kw>
<kw name="Gerar Email Aleatorio" library="user_keyword">
<var>${emailcarrinho}</var>
<kw name="Generate Random String" library="String">
<var>${random_string}</var>
<arg>8</arg>
<arg>[LOWER]</arg>
<doc>Generates a string with a desired ``length`` from the given ``chars``.</doc>
<msg timestamp="20251003 02:13:41.835" level="INFO">${random_string} = xywnmjkl</msg>
<status status="PASS" starttime="20251003 02:13:41.834" endtime="20251003 02:13:41.835"/>
</kw>
<kw name="Catenate" library="BuiltIn">
<var>${email}</var>
<arg>SEPARATOR=</arg>
<arg>teste_robot_${random_string}</arg>
<arg>@qa.com.br</arg>
<doc>Catenates the given items together and returns the resulted string.</doc>
<msg timestamp="20251003 02:13:41.835" level="INFO">${email} = teste_robot_xywnmjkl@qa.com.br</msg>
<status status="PASS" starttime="20251003 02:13:41.835" endtime="20251003 02:13:41.835"/>
</kw>
<msg timestamp="20251003 02:13:41.835" level="INFO">${emailcarrinho} = teste_robot_xywnmjkl@qa.com.br</msg>
<status status="PASS" starttime="20251003 02:13:41.834" endtime="20251003 02:13:41.835"/>
</kw>
<kw name="Criar Novo Usuario e Salvar ID" library="user_keyword">
<arg>${USER_ADMIN.nome}</arg>
<arg>${emailcarrinho}</arg>
<arg>${USER_ADMIN.password}</arg>
<arg>${USER_ADMIN.administrador}</arg>
<kw name="Create Dictionary" library="BuiltIn">
<var>${body}</var>
<arg>nome=${nome}</arg>
<arg>email=${email}</arg>
<arg>password=${password}</arg>
<arg>administrador=${administrador}</arg>
<doc>Creates and returns a dictionary based on the given ``items``.</doc>
<msg timestamp="20251003 02:13:41.836" level="INFO">${body} = {'nome': 'Usuario Admin', 'email': 'teste_robot_xywnmjkl@qa.com.br', 'password': 'teste123', 'administrador': 'true'}</msg>
<status status="PASS" starttime="20251003 02:13:41.836" endtime="20251003 02:13:41.836"/>
</kw>
<kw name="POST On Session" library="RequestsLibrary">
<var>${response}</var>
<arg>${API_SESSION}</arg>
<arg>/usuarios</arg>
<arg>json=${body}</arg>
<arg>expected_status=201</arg>
<doc>Sends a POST request on a previously created HTTP Session.</doc>
<msg timestamp="20251003 02:13:42.314" level="INFO">POST Request : url=https://serverest.dev/usuarios 
 path_url=/usuarios 
 headers={'User-Agent': 'python-requests/2.31.0', 'Accept-Encoding': 'gzip, deflate', 'Accept': '*/*', 'Connection': 'keep-alive', 'Content-Length': '117', 'Content-Type': 'application/json'} 
 body=b'{"nome": "Usuario Admin", "email": "teste_robot_xywnmjkl@qa.com.br", "password": "teste123", "administrador": "true"}' 
 </msg>
<msg timestamp="20251003 02:13:42.314" level="INFO">POST Response : url=https://serverest.dev/usuarios 
 status=201, reason=Created 
 headers={'access-control-allow-origin': '*', 'x-dns-prefetch-control': 'off', 'x-frame-options': 'SAMEORIGIN', 'strict-transport-security': 'max-age=15552000; includeSubDomains', 'x-download-options': 'noopen', 'x-content-type-options': 'nosniff', 'x-xss-protection': '1; mode=block', 'content-type': 'application/json; charset=utf-8', 'x-cloud-trace-context': '9c9e3952349df09f4e2ad8cac396f3bd', 'date': 'Fri, 03 Oct 2025 05:13:36 GMT', 'server': 'Google Frontend', 'Content-Length': '82'} 
 body={
    "message": "Cadastro realizado com sucesso",
    "_id": "2KT74mbmTLzXyqor"
} 
 </msg>
<msg timestamp="20251003 02:13:42.314" level="INFO">C:\Users\ghepp\AppData\Roaming\Python\Python313\site-packages\urllib3\connectionpool.py:1097: InsecureRequestWarning: Unverified HTTPS request is being made to host 'serverest.dev'. Adding certificate verification is strongly advised. See: https://urllib3.readthedocs.io/en/latest/advanced-usage.html#tls-warnings
  warnings.warn(</msg>
<msg timestamp="20251003 02:13:42.316" level="INFO">${response} = &lt;Response [201]&gt;</msg>
<status status="PASS" starttime="20251003 02:13:41.836" endtime="20251003 02:13:42.316"/>
</kw>
<kw name="Set Variable" library="BuiltIn">
<var>${user_id}</var>
<arg>${response.json()['_id']}</arg>
<doc>Returns the given values which can then be assigned to a variables.</doc>
<msg timestamp="20251003 02:13:42.318" level="INFO">${user_id} = 2KT74mbmTLzXyqor</msg>
<status status="PASS" starttime="20251003 02:13:42.316" endtime="20251003 02:13:42.318"/>
</kw>
<kw name="Set Suite Variable" library="BuiltIn">
<arg>${USER_ID}</arg>
<arg>${user_id}</arg>
<doc>Makes a variable available everywhere within the scope of the current suite.</doc>
<msg timestamp="20251003 02:13:42.319" level="INFO">${USER_ID} = 2KT74mbmTLzXyqor</msg>
<status status="PASS" starttime="20251003 02:13:42.319" endtime="20251003 02:13:42.319"/>
</kw>
<status status="PASS" starttime="20251003 02:13:41.835" endtime="20251003 02:13:42.320"/>
</kw>
<kw name="Fazer Login e Salvar Token" library="login_keyword">
<arg>${emailcarrinho}</arg>
<arg>${USER_ADMIN.password}</arg>
<kw name="Create Dictionary" library="BuiltIn">
<var>${body}</var>
<arg>email=${email}</arg>
<arg>password=${password}</arg>
<doc>Creates and returns a dictionary based on the given ``items``.</doc>
<msg timestamp="20251003 02:13:42.323" level="INFO">${body} = {'email': 'teste_robot_xywnmjkl@qa.com.br', 'password': 'teste123'}</msg>
<status status="PASS" starttime="20251003 02:13:42.322" endtime="20251003 02:13:42.323"/>
</kw>
<kw name="POST On Session" library="RequestsLibrary">
<var>${response}</var>
<arg>${API_SESSION}</arg>
<arg>/login</arg>
<arg>json=${body}</arg>
<arg>expected_status=200</arg>
<doc>Sends a POST request on a previously created HTTP Session.</doc>
<msg timestamp="20251003 02:13:42.510" level="INFO">POST Request : url=https://serverest.dev/login 
 path_url=/login 
 headers={'User-Agent': 'python-requests/2.31.0', 'Accept-Encoding': 'gzip, deflate', 'Accept': '*/*', 'Connection': 'keep-alive', 'Content-Length': '67', 'Content-Type': 'application/json'} 
 body=b'{"email": "teste_robot_xywnmjkl@qa.com.br", "password": "teste123"}' 
 </msg>
<msg timestamp="20251003 02:13:42.510" level="INFO">POST Response : url=https://serverest.dev/login 
 status=200, reason=OK 
 headers={'access-control-allow-origin': '*', 'x-dns-prefetch-control': 'off', 'x-frame-options': 'SAMEORIGIN', 'strict-transport-security': 'max-age=15552000; includeSubDomains', 'x-download-options': 'noopen', 'x-content-type-options': 'nosniff', 'x-xss-protection': '1; mode=block', 'content-type': 'application/json; charset=utf-8', 'x-cloud-trace-context': 'c85e6c6c06f5dcbb4e2ad8cac396fb94', 'date': 'Fri, 03 Oct 2025 05:13:36 GMT', 'server': 'Google Frontend', 'Content-Length': '292'} 
 body={
    "message": "Login realizado com sucesso",
    "authorization": "Bearer eyJhbGciOiJIUzI1NiIsInR5cCI6IkpXVCJ9.eyJlbWFpbCI6InRlc3RlX3JvYm90X3h5d25tamtsQHFhLmNvbS5iciIsInBhc3N3b3JkIjoidGVzdGUxMjMiLCJpYXQiOjE3NTk0Njg0MTYsImV4cCI6MTc1OTQ2OTAxNn0.y5S0PYO8cJ1nAxmvOAik8JwAtkaYvRiJy6aha1coMRk"
} 
 </msg>
<msg timestamp="20251003 02:13:42.510" level="INFO">C:\Users\ghepp\AppData\Roaming\Python\Python313\site-packages\urllib3\connectionpool.py:1097: InsecureRequestWarning: Unverified HTTPS request is being made to host 'serverest.dev'. Adding certificate verification is strongly advised. See: https://urllib3.readthedocs.io/en/latest/advanced-usage.html#tls-warnings
  warnings.warn(</msg>
<msg timestamp="20251003 02:13:42.511" level="INFO">${response} = &lt;Response [200]&gt;</msg>
<status status="PASS" starttime="20251003 02:13:42.323" endtime="20251003 02:13:42.511"/>
</kw>
<kw name="Set Variable" library="BuiltIn">
<var>${auth_header}</var>
<arg>${response.json()['authorization']}</arg>
<doc>Returns the given values which can then be assigned to a variables.</doc>
<msg timestamp="20251003 02:13:42.511" level="INFO">${auth_header} = Bearer eyJhbGciOiJIUzI1NiIsInR5cCI6IkpXVCJ9.eyJlbWFpbCI6InRlc3RlX3JvYm90X3h5d25tamtsQHFhLmNvbS5iciIsInBhc3N3b3JkIjoidGVzdGUxMjMiLCJpYXQiOjE3NTk0Njg0MTYsImV4cCI6MTc1OTQ2OTAxNn0.y5S0PYO8cJ1nAxmvOAik8JwA...</msg>
<status status="PASS" starttime="20251003 02:13:42.511" endtime="20251003 02:13:42.511"/>
</kw>
<kw name="Set Global Variable" library="BuiltIn">
<arg>${AUTH_HEADER}</arg>
<arg>${auth_header}</arg>
<doc>Makes a variable available globally in all tests and suites.</doc>
<msg timestamp="20251003 02:13:42.512" level="INFO">${AUTH_HEADER} = Bearer eyJhbGciOiJIUzI1NiIsInR5cCI6IkpXVCJ9.eyJlbWFpbCI6InRlc3RlX3JvYm90X3h5d25tamtsQHFhLmNvbS5iciIsInBhc3N3b3JkIjoidGVzdGUxMjMiLCJpYXQiOjE3NTk0Njg0MTYsImV4cCI6MTc1OTQ2OTAxNn0.y5S0PYO8cJ1nAxmvOAik8JwA...</msg>
<status status="PASS" starttime="20251003 02:13:42.512" endtime="20251003 02:13:42.512"/>
</kw>
<status status="PASS" starttime="20251003 02:13:42.320" endtime="20251003 02:13:42.512"/>
</kw>
<kw name="Gerar nome de produto unico" library="product_keyword">
<var>${unique_name}</var>
<kw name="Generate Random String" library="String">
<var>${random_number}</var>
<arg>5</arg>
<arg>[NUMBERS]</arg>
<doc>Generates a string with a desired ``length`` from the given ``chars``.</doc>
<msg timestamp="20251003 02:13:42.513" level="INFO">${random_number} = 13860</msg>
<status status="PASS" starttime="20251003 02:13:42.512" endtime="20251003 02:13:42.513"/>
</kw>
<kw name="Catenate" library="BuiltIn">
<var>${unique_name}</var>
<arg>SEPARATOR=</arg>
<arg>Produto_</arg>
<arg>${random_number}</arg>
<doc>Catenates the given items together and returns the resulted string.</doc>
<msg timestamp="20251003 02:13:42.513" level="INFO">${unique_name} = Produto_13860</msg>
<status status="PASS" starttime="20251003 02:13:42.513" endtime="20251003 02:13:42.513"/>
</kw>
<kw name="Set Global Variable" library="BuiltIn">
<arg>${unique_name}</arg>
<doc>Makes a variable available globally in all tests and suites.</doc>
<msg timestamp="20251003 02:13:42.513" level="INFO">${unique_name} = Produto_13860</msg>
<status status="PASS" starttime="20251003 02:13:42.513" endtime="20251003 02:13:42.513"/>
</kw>
<msg timestamp="20251003 02:13:42.513" level="INFO">${unique_name} = Produto_13860</msg>
<status status="PASS" starttime="20251003 02:13:42.512" endtime="20251003 02:13:42.513"/>
</kw>
<kw name="Cadastrar Novo Produto e Salvar ID" library="product_keyword">
<arg>${unique_name}</arg>
<arg>${PRODUTO.preco}</arg>
<arg>${PRODUTO.descricao}</arg>
<arg>${PRODUTO.quantidade}</arg>
<kw name="Create Dictionary" library="BuiltIn">
<var>${auth_headers}</var>
<arg>Authorization=${AUTH_HEADER}</arg>
<doc>Creates and returns a dictionary based on the given ``items``.</doc>
<msg timestamp="20251003 02:13:42.514" level="INFO">${auth_headers} = {'Authorization': 'Bearer eyJhbGciOiJIUzI1NiIsInR5cCI6IkpXVCJ9.eyJlbWFpbCI6InRlc3RlX3JvYm90X3h5d25tamtsQHFhLmNvbS5iciIsInBhc3N3b3JkIjoidGVzdGUxMjMiLCJpYXQiOjE3NTk0Njg0MTYsImV4cCI6MTc1OTQ2OTAxNn0.y5S0P...</msg>
<status status="PASS" starttime="20251003 02:13:42.514" endtime="20251003 02:13:42.514"/>
</kw>
<kw name="Create Dictionary" library="BuiltIn">
<var>${body}</var>
<arg>nome=${unique_name}</arg>
<arg>preco=${preco}</arg>
<arg>descricao=${descricao}</arg>
<arg>quantidade=${quantidade}</arg>
<doc>Creates and returns a dictionary based on the given ``items``.</doc>
<msg timestamp="20251003 02:13:42.515" level="INFO">${body} = {'nome': 'Produto_13860', 'preco': '100', 'descricao': 'Descricao do produto teste', 'quantidade': '10'}</msg>
<status status="PASS" starttime="20251003 02:13:42.514" endtime="20251003 02:13:42.515"/>
</kw>
<kw name="POST On Session" library="RequestsLibrary">
<var>${response}</var>
<arg>${API_SESSION}</arg>
<arg>/produtos</arg>
<arg>json=${body}</arg>
<arg>headers=${auth_headers}</arg>
<arg>expected_status=201</arg>
<doc>Sends a POST request on a previously created HTTP Session.</doc>
<msg timestamp="20251003 02:13:42.696" level="INFO">POST Request : url=https://serverest.dev/produtos 
 path_url=/produtos 
 headers={'User-Agent': 'python-requests/2.31.0', 'Accept-Encoding': 'gzip, deflate', 'Accept': '*/*', 'Connection': 'keep-alive', 'Authorization': 'Bearer eyJhbGciOiJIUzI1NiIsInR5cCI6IkpXVCJ9.eyJlbWFpbCI6InRlc3RlX3JvYm90X3h5d25tamtsQHFhLmNvbS5iciIsInBhc3N3b3JkIjoidGVzdGUxMjMiLCJpYXQiOjE3NTk0Njg0MTYsImV4cCI6MTc1OTQ2OTAxNn0.y5S0PYO8cJ1nAxmvOAik8JwAtkaYvRiJy6aha1coMRk', 'Content-Length': '104', 'Content-Type': 'application/json'} 
 body=b'{"nome": "Produto_13860", "preco": "100", "descricao": "Descricao do produto teste", "quantidade": "10"}' 
 </msg>
<msg timestamp="20251003 02:13:42.696" level="INFO">POST Response : url=https://serverest.dev/produtos 
 status=201, reason=Created 
 headers={'access-control-allow-origin': '*', 'x-dns-prefetch-control': 'off', 'x-frame-options': 'SAMEORIGIN', 'strict-transport-security': 'max-age=15552000; includeSubDomains', 'x-download-options': 'noopen', 'x-content-type-options': 'nosniff', 'x-xss-protection': '1; mode=block', 'content-type': 'application/json; charset=utf-8', 'x-cloud-trace-context': '0de91f0eeb7281794e2ad8cac396f84c', 'date': 'Fri, 03 Oct 2025 05:13:36 GMT', 'server': 'Google Frontend', 'Content-Length': '82'} 
 body={
    "message": "Cadastro realizado com sucesso",
    "_id": "mA0Hvg73DQnU5tm6"
} 
 </msg>
<msg timestamp="20251003 02:13:42.697" level="INFO">C:\Users\ghepp\AppData\Roaming\Python\Python313\site-packages\urllib3\connectionpool.py:1097: InsecureRequestWarning: Unverified HTTPS request is being made to host 'serverest.dev'. Adding certificate verification is strongly advised. See: https://urllib3.readthedocs.io/en/latest/advanced-usage.html#tls-warnings
  warnings.warn(</msg>
<msg timestamp="20251003 02:13:42.698" level="INFO">${response} = &lt;Response [201]&gt;</msg>
<status status="PASS" starttime="20251003 02:13:42.515" endtime="20251003 02:13:42.699"/>
</kw>
<kw name="Set Variable" library="BuiltIn">
<var>${product_id}</var>
<arg>${response.json()['_id']}</arg>
<doc>Returns the given values which can then be assigned to a variables.</doc>
<msg timestamp="20251003 02:13:42.701" level="INFO">${product_id} = mA0Hvg73DQnU5tm6</msg>
<status status="PASS" starttime="20251003 02:13:42.699" endtime="20251003 02:13:42.701"/>
</kw>
<kw name="Set Global Variable" library="BuiltIn">
<arg>${PRODUCT_ID}</arg>
<arg>${product_id}</arg>
<doc>Makes a variable available globally in all tests and suites.</doc>
<msg timestamp="20251003 02:13:42.702" level="INFO">${PRODUCT_ID} = mA0Hvg73DQnU5tm6</msg>
<status status="PASS" starttime="20251003 02:13:42.701" endtime="20251003 02:13:42.702"/>
</kw>
<status status="PASS" starttime="20251003 02:13:42.513" endtime="20251003 02:13:42.703"/>
</kw>
<status status="PASS" starttime="20251003 02:13:41.833" endtime="20251003 02:13:42.703"/>
</kw>
<kw name="Cadastrar carrinho com sucesso" library="carrinho_keyword">
<kw name="Create Dictionary" library="BuiltIn">
<var>${auth_headers}</var>
<arg>Authorization=${AUTH_HEADER}</arg>
<doc>Creates and returns a dictionary based on the given ``items``.</doc>
<msg timestamp="20251003 02:13:42.704" level="INFO">${auth_headers} = {'Authorization': 'Bearer eyJhbGciOiJIUzI1NiIsInR5cCI6IkpXVCJ9.eyJlbWFpbCI6InRlc3RlX3JvYm90X3h5d25tamtsQHFhLmNvbS5iciIsInBhc3N3b3JkIjoidGVzdGUxMjMiLCJpYXQiOjE3NTk0Njg0MTYsImV4cCI6MTc1OTQ2OTAxNn0.y5S0P...</msg>
<status status="PASS" starttime="20251003 02:13:42.704" endtime="20251003 02:13:42.704"/>
</kw>
<kw name="Create Dictionary" library="BuiltIn">
<var>${produto_dict}</var>
<arg>idProduto=${PRODUCT_ID}</arg>
<arg>quantidade=1</arg>
<doc>Creates and returns a dictionary based on the given ``items``.</doc>
<msg timestamp="20251003 02:13:42.704" level="INFO">${produto_dict} = {'idProduto': 'mA0Hvg73DQnU5tm6', 'quantidade': '1'}</msg>
<status status="PASS" starttime="20251003 02:13:42.704" endtime="20251003 02:13:42.704"/>
</kw>
<kw name="Create List" library="BuiltIn">
<var>${produto_lista}</var>
<arg>${produto_dict}</arg>
<doc>Returns a list containing given items.</doc>
<msg timestamp="20251003 02:13:42.704" level="INFO">${produto_lista} = [{'idProduto': 'mA0Hvg73DQnU5tm6', 'quantidade': '1'}]</msg>
<status status="PASS" starttime="20251003 02:13:42.704" endtime="20251003 02:13:42.704"/>
</kw>
<kw name="Create Dictionary" library="BuiltIn">
<var>${body}</var>
<arg>produtos=${produto_lista}</arg>
<doc>Creates and returns a dictionary based on the given ``items``.</doc>
<msg timestamp="20251003 02:13:42.705" level="INFO">${body} = {'produtos': [{'idProduto': 'mA0Hvg73DQnU5tm6', 'quantidade': '1'}]}</msg>
<status status="PASS" starttime="20251003 02:13:42.704" endtime="20251003 02:13:42.705"/>
</kw>
<kw name="POST On Session" library="RequestsLibrary">
<var>${response}</var>
<arg>${API_SESSION}</arg>
<arg>/carrinhos</arg>
<arg>json=${body}</arg>
<arg>headers=${auth_headers}</arg>
<doc>Sends a POST request on a previously created HTTP Session.</doc>
<msg timestamp="20251003 02:13:42.888" level="INFO">POST Request : url=https://serverest.dev/carrinhos 
 path_url=/carrinhos 
 headers={'User-Agent': 'python-requests/2.31.0', 'Accept-Encoding': 'gzip, deflate', 'Accept': '*/*', 'Connection': 'keep-alive', 'Authorization': 'Bearer eyJhbGciOiJIUzI1NiIsInR5cCI6IkpXVCJ9.eyJlbWFpbCI6InRlc3RlX3JvYm90X3h5d25tamtsQHFhLmNvbS5iciIsInBhc3N3b3JkIjoidGVzdGUxMjMiLCJpYXQiOjE3NTk0Njg0MTYsImV4cCI6MTc1OTQ2OTAxNn0.y5S0PYO8cJ1nAxmvOAik8JwAtkaYvRiJy6aha1coMRk', 'Content-Length': '68', 'Content-Type': 'application/json'} 
 body=b'{"produtos": [{"idProduto": "mA0Hvg73DQnU5tm6", "quantidade": "1"}]}' 
 </msg>
<msg timestamp="20251003 02:13:42.888" level="INFO">POST Response : url=https://serverest.dev/carrinhos 
 status=201, reason=Created 
 headers={'access-control-allow-origin': '*', 'x-dns-prefetch-control': 'off', 'x-frame-options': 'SAMEORIGIN', 'strict-transport-security': 'max-age=15552000; includeSubDomains', 'x-download-options': 'noopen', 'x-content-type-options': 'nosniff', 'x-xss-protection': '1; mode=block', 'content-type': 'application/json; charset=utf-8', 'x-cloud-trace-context': '3446e55179be7d854e2ad8cac396f504', 'date': 'Fri, 03 Oct 2025 05:13:37 GMT', 'server': 'Google Frontend', 'Content-Length': '82'} 
 body={
    "message": "Cadastro realizado com sucesso",
    "_id": "DzK7GUbjyNxINNZF"
} 
 </msg>
<msg timestamp="20251003 02:13:42.889" level="INFO">C:\Users\ghepp\AppData\Roaming\Python\Python313\site-packages\urllib3\connectionpool.py:1097: InsecureRequestWarning: Unverified HTTPS request is being made to host 'serverest.dev'. Adding certificate verification is strongly advised. See: https://urllib3.readthedocs.io/en/latest/advanced-usage.html#tls-warnings
  warnings.warn(</msg>
<msg timestamp="20251003 02:13:42.890" level="INFO">${response} = &lt;Response [201]&gt;</msg>
<status status="PASS" starttime="20251003 02:13:42.705" endtime="20251003 02:13:42.890"/>
</kw>
<kw name="Status Should Be" library="RequestsLibrary">
<arg>201</arg>
<arg>${response}</arg>
<doc>Fails if response status code is different than the expected.</doc>
<status status="PASS" starttime="20251003 02:13:42.891" endtime="20251003 02:13:42.891"/>
</kw>
<kw name="Should Be Equal As Strings" library="BuiltIn">
<arg>${response.json()['message']}</arg>
<arg>Cadastro realizado com sucesso</arg>
<doc>Fails if objects are unequal after converting them to strings.</doc>
<status status="PASS" starttime="20251003 02:13:42.892" endtime="20251003 02:13:42.894"/>
</kw>
<status status="PASS" starttime="20251003 02:13:42.703" endtime="20251003 02:13:42.894"/>
</kw>
<kw name="Tentar excluir usuario que possui carrinho" library="carrinho_keyword">
<kw name="DELETE On Session" library="RequestsLibrary">
<var>${response}</var>
<arg>${API_SESSION}</arg>
<arg>/usuarios/${USER_ID}</arg>
<arg>expected_status=400</arg>
<doc>Sends a DELETE request on a previously created HTTP Session.</doc>
<msg timestamp="20251003 02:13:43.078" level="INFO">DELETE Request : url=https://serverest.dev/usuarios/2KT74mbmTLzXyqor 
 path_url=/usuarios/2KT74mbmTLzXyqor 
 headers={'User-Agent': 'python-requests/2.31.0', 'Accept-Encoding': 'gzip, deflate', 'Accept': '*/*', 'Connection': 'keep-alive', 'Content-Length': '0'} 
 body=None 
 </msg>
<msg timestamp="20251003 02:13:43.078" level="INFO">DELETE Response : url=https://serverest.dev/usuarios/2KT74mbmTLzXyqor 
 status=400, reason=Bad Request 
 headers={'access-control-allow-origin': '*', 'x-dns-prefetch-control': 'off', 'x-frame-options': 'SAMEORIGIN', 'strict-transport-security': 'max-age=15552000; includeSubDomains', 'x-download-options': 'noopen', 'x-content-type-options': 'nosniff', 'x-xss-protection': '1; mode=block', 'content-type': 'application/json; charset=utf-8', 'x-cloud-trace-context': '817fcfeb7fd5626e4e2ad8cac396f625', 'date': 'Fri, 03 Oct 2025 05:13:37 GMT', 'server': 'Google Frontend', 'Content-Length': '117'} 
 body={
    "message": "Não é permitido excluir usuário com carrinho cadastrado",
    "idCarrinho": "DzK7GUbjyNxINNZF"
} 
 </msg>
<msg timestamp="20251003 02:13:43.078" level="INFO">C:\Users\ghepp\AppData\Roaming\Python\Python313\site-packages\urllib3\connectionpool.py:1097: InsecureRequestWarning: Unverified HTTPS request is being made to host 'serverest.dev'. Adding certificate verification is strongly advised. See: https://urllib3.readthedocs.io/en/latest/advanced-usage.html#tls-warnings
  warnings.warn(</msg>
<msg timestamp="20251003 02:13:43.079" level="INFO">${response} = &lt;Response [400]&gt;</msg>
<status status="PASS" starttime="20251003 02:13:42.896" endtime="20251003 02:13:43.079"/>
</kw>
<kw name="Should Be Equal As Strings" library="BuiltIn">
<arg>${response.json()['message']}</arg>
<arg>Não é permitido excluir usuário com carrinho cadastrado</arg>
<doc>Fails if objects are unequal after converting them to strings.</doc>
<status status="PASS" starttime="20251003 02:13:43.079" endtime="20251003 02:13:43.079"/>
</kw>
<status status="PASS" starttime="20251003 02:13:42.895" endtime="20251003 02:13:43.079"/>
</kw>
<kw name="Concluir compra e esvaziar carrinho" library="carrinho_keyword">
<kw name="Create Dictionary" library="BuiltIn">
<var>${auth_headers}</var>
<arg>Authorization=${AUTH_HEADER}</arg>
<doc>Creates and returns a dictionary based on the given ``items``.</doc>
<msg timestamp="20251003 02:13:43.080" level="INFO">${auth_headers} = {'Authorization': 'Bearer eyJhbGciOiJIUzI1NiIsInR5cCI6IkpXVCJ9.eyJlbWFpbCI6InRlc3RlX3JvYm90X3h5d25tamtsQHFhLmNvbS5iciIsInBhc3N3b3JkIjoidGVzdGUxMjMiLCJpYXQiOjE3NTk0Njg0MTYsImV4cCI6MTc1OTQ2OTAxNn0.y5S0P...</msg>
<status status="PASS" starttime="20251003 02:13:43.080" endtime="20251003 02:13:43.080"/>
</kw>
<kw name="DELETE On Session" library="RequestsLibrary">
<var>${response}</var>
<arg>${API_SESSION}</arg>
<arg>/carrinhos/concluir-compra</arg>
<arg>headers=${auth_headers}</arg>
<doc>Sends a DELETE request on a previously created HTTP Session.</doc>
<msg timestamp="20251003 02:13:43.263" level="INFO">DELETE Request : url=https://serverest.dev/carrinhos/concluir-compra 
 path_url=/carrinhos/concluir-compra 
 headers={'User-Agent': 'python-requests/2.31.0', 'Accept-Encoding': 'gzip, deflate', 'Accept': '*/*', 'Connection': 'keep-alive', 'Authorization': 'Bearer eyJhbGciOiJIUzI1NiIsInR5cCI6IkpXVCJ9.eyJlbWFpbCI6InRlc3RlX3JvYm90X3h5d25tamtsQHFhLmNvbS5iciIsInBhc3N3b3JkIjoidGVzdGUxMjMiLCJpYXQiOjE3NTk0Njg0MTYsImV4cCI6MTc1OTQ2OTAxNn0.y5S0PYO8cJ1nAxmvOAik8JwAtkaYvRiJy6aha1coMRk', 'Content-Length': '0'} 
 body=None 
 </msg>
<msg timestamp="20251003 02:13:43.263" level="INFO">DELETE Response : url=https://serverest.dev/carrinhos/concluir-compra 
 status=200, reason=OK 
 headers={'access-control-allow-origin': '*', 'x-dns-prefetch-control': 'off', 'x-frame-options': 'SAMEORIGIN', 'strict-transport-security': 'max-age=15552000; includeSubDomains', 'x-download-options': 'noopen', 'x-content-type-options': 'nosniff', 'x-xss-protection': '1; mode=block', 'content-type': 'application/json; charset=utf-8', 'x-cloud-trace-context': '744144cdd04af4874e2ad8cac396f2a1', 'date': 'Fri, 03 Oct 2025 05:13:37 GMT', 'server': 'Google Frontend', 'Content-Length': '51'} 
 body={
    "message": "Registro excluído com sucesso"
} 
 </msg>
<msg timestamp="20251003 02:13:43.263" level="INFO">C:\Users\ghepp\AppData\Roaming\Python\Python313\site-packages\urllib3\connectionpool.py:1097: InsecureRequestWarning: Unverified HTTPS request is being made to host 'serverest.dev'. Adding certificate verification is strongly advised. See: https://urllib3.readthedocs.io/en/latest/advanced-usage.html#tls-warnings
  warnings.warn(</msg>
<msg timestamp="20251003 02:13:43.265" level="INFO">${response} = &lt;Response [200]&gt;</msg>
<status status="PASS" starttime="20251003 02:13:43.080" endtime="20251003 02:13:43.265"/>
</kw>
<kw name="Status Should Be" library="RequestsLibrary">
<arg>200</arg>
<arg>${response}</arg>
<doc>Fails if response status code is different than the expected.</doc>
<status status="PASS" starttime="20251003 02:13:43.265" endtime="20251003 02:13:43.265"/>
</kw>
<kw name="Should Be Equal As Strings" library="BuiltIn">
<arg>${response.json()['message']}</arg>
<arg>Registro excluído com sucesso</arg>
<doc>Fails if objects are unequal after converting them to strings.</doc>
<status status="PASS" starttime="20251003 02:13:43.266" endtime="20251003 02:13:43.267"/>
</kw>
<status status="PASS" starttime="20251003 02:13:43.080" endtime="20251003 02:13:43.267"/>
</kw>
<kw name="Tentar excluir usuario sem carrinho" library="carrinho_keyword">
<kw name="Excluir usuario com sucesso" library="user_keyword">
<kw name="DELETE On Session" library="RequestsLibrary">
<var>${response}</var>
<arg>${API_SESSION}</arg>
<arg>/usuarios/${USER_ID}</arg>
<doc>Sends a DELETE request on a previously created HTTP Session.</doc>
<msg timestamp="20251003 02:13:43.451" level="INFO">DELETE Request : url=https://serverest.dev/usuarios/2KT74mbmTLzXyqor 
 path_url=/usuarios/2KT74mbmTLzXyqor 
 headers={'User-Agent': 'python-requests/2.31.0', 'Accept-Encoding': 'gzip, deflate', 'Accept': '*/*', 'Connection': 'keep-alive', 'Content-Length': '0'} 
 body=None 
 </msg>
<msg timestamp="20251003 02:13:43.451" level="INFO">DELETE Response : url=https://serverest.dev/usuarios/2KT74mbmTLzXyqor 
 status=200, reason=OK 
 headers={'access-control-allow-origin': '*', 'x-dns-prefetch-control': 'off', 'x-frame-options': 'SAMEORIGIN', 'strict-transport-security': 'max-age=15552000; includeSubDomains', 'x-download-options': 'noopen', 'x-content-type-options': 'nosniff', 'x-xss-protection': '1; mode=block', 'content-type': 'application/json; charset=utf-8', 'x-cloud-trace-context': 'cbba4ca3c1d58c3e4e2ad8cac396ffd1', 'date': 'Fri, 03 Oct 2025 05:13:37 GMT', 'server': 'Google Frontend', 'Content-Length': '51'} 
 body={
    "message": "Registro excluído com sucesso"
} 
 </msg>
<msg timestamp="20251003 02:13:43.451" level="INFO">C:\Users\ghepp\AppData\Roaming\Python\Python313\site-packages\urllib3\connectionpool.py:1097: InsecureRequestWarning: Unverified HTTPS request is being made to host 'serverest.dev'. Adding certificate verification is strongly advised. See: https://urllib3.readthedocs.io/en/latest/advanced-usage.html#tls-warnings
  warnings.warn(</msg>
<msg timestamp="20251003 02:13:43.453" level="INFO">${response} = &lt;Response [200]&gt;</msg>
<status status="PASS" starttime="20251003 02:13:43.269" endtime="20251003 02:13:43.453"/>
</kw>
<kw name="Status Should Be" library="RequestsLibrary">
<arg>200</arg>
<arg>${response}</arg>
<doc>Fails if response status code is different than the expected.</doc>
<status status="PASS" starttime="20251003 02:13:43.453" endtime="20251003 02:13:43.454"/>
</kw>
<kw name="Should Be Equal As Strings" library="BuiltIn">
<arg>${response.json()['message']}</arg>
<arg>Registro excluído com sucesso</arg>
<doc>Fails if objects are unequal after converting them to strings.</doc>
<status status="PASS" starttime="20251003 02:13:43.454" endtime="20251003 02:13:43.456"/>
</kw>
<status status="PASS" starttime="20251003 02:13:43.269" endtime="20251003 02:13:43.456"/>
</kw>
<status status="PASS" starttime="20251003 02:13:43.268" endtime="20251003 02:13:43.457"/>
</kw>
<tag>carrinhos</tag>
<status status="PASS" starttime="20251003 02:13:41.833" endtime="20251003 02:13:43.458"/>
</test>
<kw name="Delete All Sessions" library="RequestsLibrary" type="TEARDOWN">
<doc>Removes all the session objects</doc>
<msg timestamp="20251003 02:13:43.462" level="INFO">Deleting All Sessions</msg>
<status status="PASS" starttime="20251003 02:13:43.462" endtime="20251003 02:13:43.463"/>
</kw>
<status status="PASS" starttime="20251003 02:13:41.629" endtime="20251003 02:13:43.463"/>
</suite>
<statistics>
<total>
<stat pass="1" fail="0" skip="0">All Tests</stat>
</total>
<tag>
<stat pass="1" fail="0" skip="0">carrinhos</stat>
</tag>
<suite>
<stat pass="1" fail="0" skip="0" id="s1" name="Carrinho Test">Carrinho Test</stat>
</suite>
</statistics>
<errors>
</errors>
</robot>
